2018-09-04 10:00:10,736  INFO [main] c.k.o.StartApplication:logStarting:48 - Starting StartApplication on DESKTOP-DKMTUNR with PID 8588 (D:\project\kbr-offlineService\target\classes started by admin in D:\project\kbr-offlineService)
2018-09-04 10:00:10,740  INFO [main] c.k.o.StartApplication:logStartupProfileInfo:597 - The following profiles are active: dev
2018-09-04 10:00:10,937  INFO [main] o.s.b.c.e.AnnotationConfigEmbeddedWebApplicationContext:prepareRefresh:583 - Refreshing org.springframework.boot.context.embedded.AnnotationConfigEmbeddedWebApplicationContext@5e572ad6: startup date [Tue Sep 04 10:00:10 CST 2018]; root of context hierarchy
2018-09-04 10:00:11,362  INFO [background-preinit] o.h.v.i.u.Version:<clinit>:30 - HV000001: Hibernate Validator 5.3.6.Final
2018-09-04 10:00:14,065  WARN [main] o.s.c.a.ClassPathScanningCandidateComponentProvider:doScan:142 - No MyBatis mapper was found in '[cn.koboro.offlineservice]' package. Please check your configuration.
2018-09-04 10:00:14,149  WARN [main] o.s.c.a.ClassPathScanningCandidateComponentProvider:doScan:166 - No MyBatis mapper was found in '[cn.koboro.offlineservice]' package. Please check your configuration.
2018-09-04 10:00:15,358  INFO [main] o.s.c.s.PostProcessorRegistrationDelegate$BeanPostProcessorChecker:postProcessAfterInitialization:327 - Bean 'shiroCasConfiguration' of type [cn.koboro.offlineservice.configuration.ShiroCasConfiguration$$EnhancerBySpringCGLIB$$574b242a] is not eligible for getting processed by all BeanPostProcessors (for example: not eligible for auto-proxying)
2018-09-04 10:00:15,574  INFO [main] o.s.c.s.PostProcessorRegistrationDelegate$BeanPostProcessorChecker:postProcessAfterInitialization:327 - Bean 'securityManager' of type [org.apache.shiro.web.mgt.DefaultWebSecurityManager] is not eligible for getting processed by all BeanPostProcessors (for example: not eligible for auto-proxying)
2018-09-04 10:00:15,603  INFO [main] o.s.c.s.PostProcessorRegistrationDelegate$BeanPostProcessorChecker:postProcessAfterInitialization:327 - Bean 'casFilter' of type [org.apache.shiro.cas.CasFilter] is not eligible for getting processed by all BeanPostProcessors (for example: not eligible for auto-proxying)
2018-09-04 10:00:15,885  INFO [main] o.s.c.s.PostProcessorRegistrationDelegate$BeanPostProcessorChecker:postProcessAfterInitialization:327 - Bean 'org.springframework.transaction.annotation.ProxyTransactionManagementConfiguration' of type [org.springframework.transaction.annotation.ProxyTransactionManagementConfiguration$$EnhancerBySpringCGLIB$$afbed4a] is not eligible for getting processed by all BeanPostProcessors (for example: not eligible for auto-proxying)
2018-09-04 10:00:18,080  INFO [main] o.s.b.c.e.t.TomcatEmbeddedServletContainer:initialize:89 - Tomcat initialized with port(s): 8083 (http)
2018-09-04 10:00:18,106  INFO [main] o.a.c.c.StandardService:log:179 - Starting service [Tomcat]
2018-09-04 10:00:18,108  INFO [main] o.a.c.c.StandardEngine:log:179 - Starting Servlet Engine: Apache Tomcat/8.5.23
2018-09-04 10:00:18,909  INFO [localhost-startStop-1] o.a.j.s.TldScanner:log:179 - At least one JAR was scanned for TLDs yet contained no TLDs. Enable debug logging for this logger for a complete list of JARs that were scanned but no TLDs were found in them. Skipping unneeded JARs during scanning can improve startup time and JSP compilation time.
2018-09-04 10:00:18,930  INFO [localhost-startStop-1] o.a.c.c.C.[.[.[/offlineService]:log:179 - Initializing Spring embedded WebApplicationContext
2018-09-04 10:00:18,931  INFO [localhost-startStop-1] o.s.w.c.ContextLoader:prepareEmbeddedWebApplicationContext:276 - Root WebApplicationContext: initialization completed in 7994 ms
2018-09-04 10:00:19,416  INFO [localhost-startStop-1] o.s.b.w.s.FilterRegistrationBean:configure:258 - Mapping filter: 'characterEncodingFilter' to: [/*]
2018-09-04 10:00:19,418  INFO [localhost-startStop-1] o.s.b.w.s.FilterRegistrationBean:configure:258 - Mapping filter: 'hiddenHttpMethodFilter' to: [/*]
2018-09-04 10:00:19,419  INFO [localhost-startStop-1] o.s.b.w.s.FilterRegistrationBean:configure:258 - Mapping filter: 'httpPutFormContentFilter' to: [/*]
2018-09-04 10:00:19,419  INFO [localhost-startStop-1] o.s.b.w.s.FilterRegistrationBean:configure:258 - Mapping filter: 'requestContextFilter' to: [/*]
2018-09-04 10:00:19,420  INFO [localhost-startStop-1] o.s.b.w.s.FilterRegistrationBean:configure:271 - Mapping filter: 'delegatingFilterProxy' to urls: [/*]
2018-09-04 10:00:19,420  INFO [localhost-startStop-1] o.s.b.w.s.FilterRegistrationBean:configure:258 - Mapping filter: 'casFilter' to: [/*]
2018-09-04 10:00:19,420  INFO [localhost-startStop-1] o.s.b.w.s.FilterRegistrationBean:configure:258 - Mapping filter: 'shiroFilter' to: [/*]
2018-09-04 10:00:19,421  INFO [localhost-startStop-1] o.s.b.w.s.ServletRegistrationBean:onStartup:190 - Mapping servlet: 'dispatcherServlet' to [/]
2018-09-04 10:00:25,499  INFO [main] o.s.w.s.m.m.a.RequestMappingHandlerAdapter:initControllerAdviceCache:534 - Looking for @ControllerAdvice: org.springframework.boot.context.embedded.AnnotationConfigEmbeddedWebApplicationContext@5e572ad6: startup date [Tue Sep 04 10:00:10 CST 2018]; root of context hierarchy
2018-09-04 10:00:25,921  INFO [main] o.s.w.s.m.m.a.RequestMappingHandlerMapping:register:543 - Mapped "{[/demo/findAll]}" onto public java.lang.String DemoController.findAll(javax.servlet.http.HttpServletRequest,org.springframework.ui.ModelMap)
2018-09-04 10:00:25,944  INFO [main] o.s.w.s.m.m.a.RequestMappingHandlerMapping:register:543 - Mapped "{[/healthThemeTask/publish],methods=[POST]}" onto public cn.koboro.offlineservice.pojo.vo.ResultVO HealthThemeTaskController.publish(javax.servlet.http.HttpServletRequest,org.springframework.ui.ModelMap,java.lang.String,java.lang.String)
2018-09-04 10:00:25,945  INFO [main] o.s.w.s.m.m.a.RequestMappingHandlerMapping:register:543 - Mapped "{[/healthThemeTask/findAllTask],methods=[GET]}" onto public cn.koboro.offlineservice.pojo.vo.ResultVO HealthThemeTaskController.findAllTask(javax.servlet.http.HttpServletRequest,org.springframework.ui.ModelMap,java.util.Map<java.lang.String, java.lang.Object>)
2018-09-04 10:00:25,945  INFO [main] o.s.w.s.m.m.a.RequestMappingHandlerMapping:register:543 - Mapped "{[/healthThemeTask/selectAll],methods=[GET]}" onto public java.lang.String HealthThemeTaskController.selectAll(javax.servlet.http.HttpServletRequest,org.springframework.ui.ModelMap,java.util.Map<java.lang.String, java.lang.Object>)
2018-09-04 10:00:25,946  INFO [main] o.s.w.s.m.m.a.RequestMappingHandlerMapping:register:543 - Mapped "{[/healthThemeTask/selectReleaseTime],methods=[GET]}" onto public java.lang.String HealthThemeTaskController.selectReleaseTime(javax.servlet.http.HttpServletRequest,org.springframework.ui.ModelMap,java.lang.String)
2018-09-04 10:00:25,955  INFO [main] o.s.w.s.m.m.a.RequestMappingHandlerMapping:register:543 - Mapped "{[/healthTheme/add],methods=[GET]}" onto public java.lang.String HealthThemeTemplateController.add(javax.servlet.http.HttpServletRequest,org.springframework.ui.ModelMap)
2018-09-04 10:00:25,956  INFO [main] o.s.w.s.m.m.a.RequestMappingHandlerMapping:register:543 - Mapped "{[/healthTheme/save],methods=[POST]}" onto public cn.koboro.offlineservice.pojo.vo.ResultVO HealthThemeTemplateController.save(javax.servlet.http.HttpServletRequest,org.springframework.ui.ModelMap,cn.koboro.offlineservice.pojo.entity.HealthThemeTemplate)
2018-09-04 10:00:25,957  INFO [main] o.s.w.s.m.m.a.RequestMappingHandlerMapping:register:543 - Mapped "{[/healthTheme/selectAll],methods=[GET]}" onto public java.lang.String HealthThemeTemplateController.selectAll(javax.servlet.http.HttpServletRequest,org.springframework.ui.ModelMap)
2018-09-04 10:00:25,958  INFO [main] o.s.w.s.m.m.a.RequestMappingHandlerMapping:register:543 - Mapped "{[/healthTheme/findTemplate],methods=[GET]}" onto public cn.koboro.offlineservice.pojo.vo.ResultVO HealthThemeTemplateController.findTemplate(javax.servlet.http.HttpServletRequest,java.lang.String)
2018-09-04 10:00:25,961  INFO [main] o.s.w.s.m.m.a.RequestMappingHandlerMapping:register:543 - Mapped "{[/healthTheme/updateById],methods=[GET]}" onto public java.lang.String HealthThemeTemplateController.updateById(javax.servlet.http.HttpServletRequest,org.springframework.ui.ModelMap,cn.koboro.offlineservice.pojo.entity.HealthThemeTemplate)
2018-09-04 10:00:25,961  INFO [main] o.s.w.s.m.m.a.RequestMappingHandlerMapping:register:543 - Mapped "{[/healthTheme/deleteById],methods=[POST]}" onto public cn.koboro.offlineservice.pojo.vo.ResultVO HealthThemeTemplateController.deleteById(javax.servlet.http.HttpServletRequest,org.springframework.ui.ModelMap,java.lang.String)
2018-09-04 10:00:25,962  INFO [main] o.s.w.s.m.m.a.RequestMappingHandlerMapping:register:543 - Mapped "{[/healthTheme/saveUpdate],methods=[POST]}" onto public cn.koboro.offlineservice.pojo.vo.ResultVO HealthThemeTemplateController.saveUpdate(javax.servlet.http.HttpServletRequest,org.springframework.ui.ModelMap,cn.koboro.offlineservice.pojo.entity.HealthThemeTemplate)
2018-09-04 10:00:25,963  INFO [main] o.s.w.s.m.m.a.RequestMappingHandlerMapping:register:543 - Mapped "{[/menu/add],methods=[GET || POST]}" onto public java.lang.String MenuPageController.add()
2018-09-04 10:00:25,984  INFO [main] o.s.w.s.m.m.a.RequestMappingHandlerMapping:register:543 - Mapped "{[/menu/list],methods=[GET || POST]}" onto public java.lang.String MenuPageController.list(org.springframework.ui.ModelMap)
2018-09-04 10:00:25,985  INFO [main] o.s.w.s.m.m.a.RequestMappingHandlerMapping:register:543 - Mapped "{[/menu/iframe],methods=[GET || POST]}" onto public java.lang.String MenuPageController.testIframe()
2018-09-04 10:00:25,987  INFO [main] o.s.w.s.m.m.a.RequestMappingHandlerMapping:register:543 - Mapped "{[/pendingcustomers/page],methods=[GET]}" onto public java.lang.String PendingCustomersController.pendingCustomers(org.springframework.ui.ModelMap,java.util.Map<java.lang.String, java.lang.String>)
2018-09-04 10:00:25,988  INFO [main] o.s.w.s.m.m.a.RequestMappingHandlerMapping:register:543 - Mapped "{[/pendingcustomers/customizePage],methods=[GET]}" onto public java.lang.String PendingCustomersController.customizePage(org.springframework.ui.ModelMap,java.util.Map<java.lang.String, java.lang.String>)
2018-09-04 10:00:25,988  INFO [main] o.s.w.s.m.m.a.RequestMappingHandlerMapping:register:543 - Mapped "{[/pendingcustomers/saveCustomize],methods=[GET]}" onto public java.lang.String PendingCustomersController.saveCustomize(java.util.Map<java.lang.String, java.lang.String>)
2018-09-04 10:00:25,989  INFO [main] o.s.w.s.m.m.a.RequestMappingHandlerMapping:register:543 - Mapped "{[/pendingcustomers/customizeList],methods=[GET]}" onto public cn.koboro.offlineservice.pojo.vo.ResultVO PendingCustomersController.customizeList(org.springframework.ui.ModelMap,java.util.Map<java.lang.String, java.lang.String>)
2018-09-04 10:00:25,989  INFO [main] o.s.w.s.m.m.a.RequestMappingHandlerMapping:register:543 - Mapped "{[/pendingcustomers/selectCustomize],methods=[GET]}" onto public java.lang.String PendingCustomersController.selectCustomize(org.springframework.ui.ModelMap,java.util.Map<java.lang.String, java.lang.String>)
2018-09-04 10:00:25,990  INFO [main] o.s.w.s.m.m.a.RequestMappingHandlerMapping:register:543 - Mapped "{[/pendingcustomers/list],methods=[GET]}" onto public cn.koboro.offlineservice.pojo.vo.ResultVO PendingCustomersController.pendingCustomerslist(org.springframework.ui.ModelMap,java.util.Map<java.lang.String, java.lang.String>)
2018-09-04 10:00:25,993  INFO [main] o.s.w.s.m.m.a.RequestMappingHandlerMapping:register:543 - Mapped "{[/selectCrowd/page],methods=[GET]}" onto public java.lang.String SelectCrowdController.selectCrowdList(org.springframework.ui.ModelMap,java.lang.String)
2018-09-04 10:00:25,994  INFO [main] o.s.w.s.m.m.a.RequestMappingHandlerMapping:register:543 - Mapped "{[/selectCrowd/selectCrowdCount],methods=[GET]}" onto public cn.koboro.offlineservice.pojo.vo.ResultVO SelectCrowdController.selectCrowdCount(java.lang.String,java.lang.String,java.lang.String,java.lang.String)
2018-09-04 10:00:25,995  INFO [main] o.s.w.s.m.m.a.RequestMappingHandlerMapping:register:543 - Mapped "{[/selectCrowd/page2],methods=[GET]}" onto public java.lang.String SelectCrowdController.selectThemeList(org.springframework.ui.ModelMap,java.lang.String)
2018-09-04 10:00:25,995  INFO [main] o.s.w.s.m.m.a.RequestMappingHandlerMapping:register:543 - Mapped "{[/selectCrowd/selectCrowdHealthThemeScreeningList],methods=[GET]}" onto public cn.koboro.offlineservice.pojo.vo.ResultVO SelectCrowdController.selectCrowdHealthThemeScreeningList(java.util.Map<java.lang.String, java.lang.String>)
2018-09-04 10:00:25,996  INFO [main] o.s.w.s.m.m.a.RequestMappingHandlerMapping:register:543 - Mapped "{[/selectCrowd/list],methods=[GET]}" onto public cn.koboro.offlineservice.pojo.vo.ResultVO SelectCrowdController.selectCrowdListAll(java.util.Map<java.lang.String, java.lang.String>)
2018-09-04 10:00:25,997  INFO [main] o.s.w.s.m.m.a.RequestMappingHandlerMapping:register:543 - Mapped "{[/sendAMessage/page],methods=[GET]}" onto public java.lang.String SendAMessageController.sendAMessage(org.springframework.ui.ModelMap,java.lang.String)
2018-09-04 10:00:25,998  INFO [main] o.s.w.s.m.m.a.RequestMappingHandlerMapping:register:543 - Mapped "{[/sendAMessage/sendAMessageList],methods=[GET]}" onto public java.lang.String SendAMessageController.sendAMessageList(java.util.Map<java.lang.String, java.lang.String>,org.springframework.ui.ModelMap) throws java.text.ParseException
2018-09-04 10:00:25,998  INFO [main] o.s.w.s.m.m.a.RequestMappingHandlerMapping:register:543 - Mapped "{[/sendAMessage/pageRecording],methods=[GET]}" onto public java.lang.String SendAMessageController.pendingCustomers2(org.springframework.ui.ModelMap,java.lang.String)
2018-09-04 10:00:26,000  INFO [main] o.s.w.s.m.m.a.RequestMappingHandlerMapping:register:543 - Mapped "{[/serviceAnalyze/list],methods=[GET]}" onto public java.lang.String ServiceAnalyzeController.list()
2018-09-04 10:00:26,003  INFO [main] o.s.w.s.m.m.a.RequestMappingHandlerMapping:register:543 - Mapped "{[/serviceAnalyze/selectAllData],methods=[GET]}" onto public cn.koboro.offlineservice.pojo.vo.ResultVO ServiceAnalyzeController.selectAllData(javax.servlet.http.HttpServletRequest,java.util.Map<java.lang.String, java.lang.Object>)
2018-09-04 10:00:26,003  INFO [main] o.s.w.s.m.m.a.RequestMappingHandlerMapping:register:543 - Mapped "{[/serviceAnalyze/findServiceDetail],methods=[GET]}" onto public cn.koboro.offlineservice.pojo.vo.ResultVO ServiceAnalyzeController.findServiceDetail(javax.servlet.http.HttpServletRequest,java.util.Map<java.lang.String, java.lang.Object>)
2018-09-04 10:00:26,004  INFO [main] o.s.w.s.m.m.a.RequestMappingHandlerMapping:register:543 - Mapped "{[/serviceAnalyze/serviceStatistics],methods=[GET]}" onto public java.lang.String ServiceAnalyzeController.serviceStatistics(javax.servlet.http.HttpServletRequest,java.util.Map<java.lang.String, java.lang.Object>,org.springframework.ui.ModelMap)
2018-09-04 10:00:26,006  INFO [main] o.s.w.s.m.m.a.RequestMappingHandlerMapping:register:543 - Mapped "{[/ServiceTask/index],methods=[GET]}" onto public java.lang.String ServiceTaskController.list(org.springframework.ui.ModelMap)
2018-09-04 10:00:26,006  INFO [main] o.s.w.s.m.m.a.RequestMappingHandlerMapping:register:543 - Mapped "{[/upload],methods=[POST]}" onto public java.util.Map ServiceTaskController.upload(org.springframework.web.multipart.MultipartFile)
2018-09-04 10:00:26,006  INFO [main] o.s.w.s.m.m.a.RequestMappingHandlerMapping:register:543 - Mapped "{[/updatePageServiceTask],methods=[GET]}" onto public java.lang.String ServiceTaskController.updatePage(java.lang.String,org.springframework.ui.ModelMap)
2018-09-04 10:00:26,007  INFO [main] o.s.w.s.m.m.a.RequestMappingHandlerMapping:register:543 - Mapped "{[/doctorSelectAll],methods=[GET]}" onto public java.util.Map ServiceTaskController.doctorSelectAll()
2018-09-04 10:00:26,007  INFO [main] o.s.w.s.m.m.a.RequestMappingHandlerMapping:register:543 - Mapped "{[/servicesGroupSelectAll],methods=[GET]}" onto public java.util.Map ServiceTaskController.servicesGroupSelectAll()
2018-09-04 10:00:26,007  INFO [main] o.s.w.s.m.m.a.RequestMappingHandlerMapping:register:543 - Mapped "{[/deleteServiceTaskById],methods=[POST]}" onto public java.lang.String ServiceTaskController.deleteServiceTaskById(java.lang.String)
2018-09-04 10:00:26,008  INFO [main] o.s.w.s.m.m.a.RequestMappingHandlerMapping:register:543 - Mapped "{[/selectHealthThemeTemplate],methods=[GET]}" onto public java.util.Map ServiceTaskController.healthThemeTemplateSelectAll()
2018-09-04 10:00:26,028  INFO [main] o.s.w.s.m.m.a.RequestMappingHandlerMapping:register:543 - Mapped "{[/servicesAvailableSelectAll],methods=[GET]}" onto public java.util.Map ServiceTaskController.servicesAvailableSelectAll()
2018-09-04 10:00:26,029  INFO [main] o.s.w.s.m.m.a.RequestMappingHandlerMapping:register:543 - Mapped "{[/updServiceTaskController],methods=[GET]}" onto public java.lang.String ServiceTaskController.updServiceTaskController(java.lang.String[],java.lang.Integer[],java.lang.String[],java.lang.String[],java.lang.String[],java.lang.String[],java.lang.Integer[],java.lang.Integer[],java.lang.Integer[],java.lang.String[],java.lang.String[],java.lang.String[],java.lang.String[],java.lang.String[],java.lang.String[],java.util.Map<java.lang.String, java.lang.String>) throws java.text.ParseException
2018-09-04 10:00:26,029  INFO [main] o.s.w.s.m.m.a.RequestMappingHandlerMapping:register:543 - Mapped "{[/addServiceTaskController],methods=[GET]}" onto public java.lang.String ServiceTaskController.addServiceTaskController(java.lang.String[],java.lang.Integer[],java.lang.String[],java.lang.String[],java.lang.String[],java.lang.String[],java.lang.Integer[],java.lang.Integer[],java.lang.String[],java.lang.String[],java.lang.String[],java.lang.String[],java.lang.String[],java.lang.String[],java.util.Map<java.lang.String, java.lang.String>) throws java.text.ParseException
2018-09-04 10:00:26,033  INFO [main] o.s.w.s.m.m.a.RequestMappingHandlerMapping:register:543 - Mapped "{[/todayServiceCustomers/findOtherItem],methods=[GET]}" onto public java.util.List<java.util.Map<java.lang.String, java.lang.Object>> TodayServiceCustomersController.findOtherItem(javax.servlet.http.HttpServletRequest,org.springframework.ui.ModelMap,java.util.Map<java.lang.String, java.lang.Object>)
2018-09-04 10:00:26,035  INFO [main] o.s.w.s.m.m.a.RequestMappingHandlerMapping:register:543 - Mapped "{[/todayServiceCustomers/printItems],methods=[GET]}" onto public java.lang.String TodayServiceCustomersController.printItems(javax.servlet.http.HttpServletRequest,org.springframework.ui.ModelMap,java.util.Map<java.lang.String, java.lang.Object>)
2018-09-04 10:00:26,036  INFO [main] o.s.w.s.m.m.a.RequestMappingHandlerMapping:register:543 - Mapped "{[/todayServiceCustomers/saveServiceItem],methods=[POST]}" onto public boolean TodayServiceCustomersController.saveServiceItem(javax.servlet.http.HttpServletRequest,org.springframework.ui.ModelMap,java.util.Map<java.lang.String, java.lang.Object>)
2018-09-04 10:00:26,036  INFO [main] o.s.w.s.m.m.a.RequestMappingHandlerMapping:register:543 - Mapped "{[/todayServiceCustomers/findDoctors],methods=[GET]}" onto public java.util.List<java.util.Map<java.lang.String, java.lang.Object>> TodayServiceCustomersController.findDoctors()
2018-09-04 10:00:26,037  INFO [main] o.s.w.s.m.m.a.RequestMappingHandlerMapping:register:543 - Mapped "{[/todayServiceCustomers/abortMission],methods=[POST]}" onto public boolean TodayServiceCustomersController.abortMission(javax.servlet.http.HttpServletRequest,org.springframework.ui.ModelMap,java.util.Map<java.lang.String, java.lang.Object>)
2018-09-04 10:00:26,037  INFO [main] o.s.w.s.m.m.a.RequestMappingHandlerMapping:register:543 - Mapped "{[/todayServiceCustomers/selectItem],methods=[GET]}" onto public java.lang.String TodayServiceCustomersController.selectItem(javax.servlet.http.HttpServletRequest,org.springframework.ui.ModelMap,java.util.Map<java.lang.String, java.lang.Object>)
2018-09-04 10:00:26,038  INFO [main] o.s.w.s.m.m.a.RequestMappingHandlerMapping:register:543 - Mapped "{[/todayServiceCustomers/selectDetailsList],methods=[GET]}" onto public java.lang.String TodayServiceCustomersController.selectDetailsList(org.springframework.ui.ModelMap,java.util.Map<java.lang.String, java.lang.Object>)
2018-09-04 10:00:26,038  INFO [main] o.s.w.s.m.m.a.RequestMappingHandlerMapping:register:543 - Mapped "{[/todayServiceCustomers/selectCompletedListAll],methods=[GET]}" onto public cn.koboro.offlineservice.pojo.vo.ResultVO TodayServiceCustomersController.selectCompletedListAll(java.util.Map<java.lang.String, java.lang.Object>)
2018-09-04 10:00:26,042  INFO [main] o.s.w.s.m.m.a.RequestMappingHandlerMapping:register:543 - Mapped "{[/todayServiceCustomers/findServiceRecord],methods=[GET]}" onto public java.lang.String TodayServiceCustomersController.findServiceRecord(javax.servlet.http.HttpServletRequest,org.springframework.ui.ModelMap,java.util.Map<java.lang.String, java.lang.Object>)
2018-09-04 10:00:26,043  INFO [main] o.s.w.s.m.m.a.RequestMappingHandlerMapping:register:543 - Mapped "{[/todayServiceCustomers/findServiceRecordData],methods=[GET]}" onto public java.util.List<java.util.Map<java.lang.String, java.lang.Object>> TodayServiceCustomersController.findServiceRecordData(javax.servlet.http.HttpServletRequest,org.springframework.ui.ModelMap,java.util.Map<java.lang.String, java.lang.Object>)
2018-09-04 10:00:26,043  INFO [main] o.s.w.s.m.m.a.RequestMappingHandlerMapping:register:543 - Mapped "{[/todayServiceCustomers/selectCompletedList],methods=[GET]}" onto public java.lang.String TodayServiceCustomersController.selectCompletedList(javax.servlet.http.HttpServletRequest,org.springframework.ui.ModelMap,java.util.Map<java.lang.String, java.lang.Object>)
2018-09-04 10:00:26,043  INFO [main] o.s.w.s.m.m.a.RequestMappingHandlerMapping:register:543 - Mapped "{[/todayServiceCustomers/findServiceCustomer],methods=[GET]}" onto public cn.koboro.offlineservice.pojo.vo.ResultVO TodayServiceCustomersController.findServiceCustomer(javax.servlet.http.HttpServletRequest,org.springframework.ui.ModelMap,java.util.Map<java.lang.String, java.lang.Object>)
2018-09-04 10:00:26,044  INFO [main] o.s.w.s.m.m.a.RequestMappingHandlerMapping:register:543 - Mapped "{[/todayServiceCustomers/detail],methods=[GET]}" onto public java.lang.String TodayServiceCustomersController.detail(javax.servlet.http.HttpServletRequest,org.springframework.ui.ModelMap,cn.koboro.offlineservice.pojo.entity.TodayServiceCustomers)
2018-09-04 10:00:26,044  INFO [main] o.s.w.s.m.m.a.RequestMappingHandlerMapping:register:543 - Mapped "{[/todayServiceCustomers/selectAll],methods=[GET]}" onto public java.lang.String TodayServiceCustomersController.selectAll(javax.servlet.http.HttpServletRequest,org.springframework.ui.ModelMap,java.util.Map<java.lang.String, java.lang.Object>)
2018-09-04 10:00:26,048  INFO [main] o.s.w.s.m.m.a.RequestMappingHandlerMapping:register:543 - Mapped "{[/error]}" onto public org.springframework.http.ResponseEntity<java.util.Map<java.lang.String, java.lang.Object>> org.springframework.boot.autoconfigure.web.BasicErrorController.error(javax.servlet.http.HttpServletRequest)
2018-09-04 10:00:26,049  INFO [main] o.s.w.s.m.m.a.RequestMappingHandlerMapping:register:543 - Mapped "{[/error],produces=[text/html]}" onto public org.springframework.web.servlet.ModelAndView org.springframework.boot.autoconfigure.web.BasicErrorController.errorHtml(javax.servlet.http.HttpServletRequest,javax.servlet.http.HttpServletResponse)
2018-09-04 10:00:26,084  INFO [main] o.s.w.s.h.SimpleUrlHandlerMapping:registerHandler:349 - Root mapping to handler of type [class org.springframework.web.servlet.mvc.ParameterizableViewController]
2018-09-04 10:00:26,138  INFO [main] o.s.w.s.h.SimpleUrlHandlerMapping:registerHandler:362 - Mapped URL path [/webjars/**] onto handler of type [class org.springframework.web.servlet.resource.ResourceHttpRequestHandler]
2018-09-04 10:00:26,138  INFO [main] o.s.w.s.h.SimpleUrlHandlerMapping:registerHandler:362 - Mapped URL path [/**] onto handler of type [class org.springframework.web.servlet.resource.ResourceHttpRequestHandler]
2018-09-04 10:00:26,202  INFO [main] o.s.w.s.m.m.a.ExceptionHandlerExceptionResolver:initExceptionHandlerAdviceCache:273 - Detected @ExceptionHandler methods in jsonExceptionHandle
2018-09-04 10:00:26,203  INFO [main] o.s.w.s.m.m.a.ExceptionHandlerExceptionResolver:initExceptionHandlerAdviceCache:273 - Detected @ExceptionHandler methods in pageExceptionHandle
2018-09-04 10:00:26,273  INFO [main] o.s.w.s.h.SimpleUrlHandlerMapping:registerHandler:362 - Mapped URL path [/**/favicon.ico] onto handler of type [class org.springframework.web.servlet.resource.ResourceHttpRequestHandler]
2018-09-04 10:00:26,407  INFO [main] t.m.m.a.MapperCacheDisabler:removeStaticCache:60 - Clear tk.mybatis.mapper.util.MsUtil CLASS_CACHE cache.
2018-09-04 10:00:26,420  INFO [main] t.m.m.a.MapperCacheDisabler:removeStaticCache:60 - Clear tk.mybatis.mapper.genid.GenIdUtil CACHE cache.
2018-09-04 10:00:26,421  INFO [main] t.m.m.a.MapperCacheDisabler:removeStaticCache:60 - Clear tk.mybatis.mapper.version.VersionUtil CACHE cache.
2018-09-04 10:00:26,421  INFO [main] t.m.m.a.MapperCacheDisabler:removeEntityHelperCache:83 - Clear EntityHelper entityTableMap cache.
2018-09-04 10:00:27,935  WARN [main] o.s.b.d.a.OptionalLiveReloadServer:startServer:62 - Unable to start LiveReload server
2018-09-04 10:00:28,234  INFO [main] o.s.j.e.a.AnnotationMBeanExporter:afterSingletonsInstantiated:431 - Registering beans for JMX exposure on startup
2018-09-04 10:00:28,354  INFO [main] o.a.c.h.Http11NioProtocol:log:179 - Initializing ProtocolHandler ["http-nio-8083"]
2018-09-04 10:00:28,431  INFO [main] o.a.c.h.Http11NioProtocol:log:179 - Starting ProtocolHandler ["http-nio-8083"]
2018-09-04 10:00:28,668  INFO [main] o.a.c.h.Http11NioProtocol:log:179 - Pausing ProtocolHandler ["http-nio-8083"]
2018-09-04 10:00:28,668  INFO [main] o.a.c.c.StandardService:log:179 - Stopping service [Tomcat]
2018-09-04 10:00:28,796  INFO [main] o.a.c.u.LifecycleBase:log:179 - The stop() method was called on component [StandardServer[-1]] after stop() had already been called. The second call will be ignored.
2018-09-04 10:00:28,796  INFO [main] o.a.c.h.Http11NioProtocol:log:179 - Stopping ProtocolHandler ["http-nio-8083"]
2018-09-04 10:00:28,798  INFO [main] o.a.c.h.Http11NioProtocol:log:179 - Destroying ProtocolHandler ["http-nio-8083"]
2018-09-04 10:00:28,819  INFO [main] o.s.b.a.l.AutoConfigurationReportLoggingInitializer:logAutoConfigurationReport:101 - 

Error starting ApplicationContext. To display the auto-configuration report re-run your application with 'debug' enabled.
2018-09-04 10:00:28,840  INFO [main] o.s.b.c.e.AnnotationConfigEmbeddedWebApplicationContext:doClose:984 - Closing org.springframework.boot.context.embedded.AnnotationConfigEmbeddedWebApplicationContext@5e572ad6: startup date [Tue Sep 04 10:00:10 CST 2018]; root of context hierarchy
2018-09-04 10:00:28,850  INFO [main] o.s.j.e.a.AnnotationMBeanExporter:destroy:449 - Unregistering JMX-exposed beans on shutdown
2018-09-04 10:01:22,278  INFO [main] c.k.o.StartApplication:logStarting:48 - Starting StartApplication on DESKTOP-DKMTUNR with PID 3336 (D:\project\kbr-offlineService\target\classes started by admin in D:\project\kbr-offlineService)
2018-09-04 10:01:22,280  INFO [main] c.k.o.StartApplication:logStartupProfileInfo:597 - The following profiles are active: dev
2018-09-04 10:01:22,501  INFO [main] o.s.b.c.e.AnnotationConfigEmbeddedWebApplicationContext:prepareRefresh:583 - Refreshing org.springframework.boot.context.embedded.AnnotationConfigEmbeddedWebApplicationContext@57459491: startup date [Tue Sep 04 10:01:22 CST 2018]; root of context hierarchy
2018-09-04 10:01:22,790  INFO [background-preinit] o.h.v.i.u.Version:<clinit>:30 - HV000001: Hibernate Validator 5.3.6.Final
2018-09-04 10:01:24,561  WARN [main] o.s.c.a.ClassPathScanningCandidateComponentProvider:doScan:142 - No MyBatis mapper was found in '[cn.koboro.offlineservice]' package. Please check your configuration.
2018-09-04 10:01:24,659  WARN [main] o.s.c.a.ClassPathScanningCandidateComponentProvider:doScan:166 - No MyBatis mapper was found in '[cn.koboro.offlineservice]' package. Please check your configuration.
2018-09-04 10:01:25,653  INFO [main] o.s.c.s.PostProcessorRegistrationDelegate$BeanPostProcessorChecker:postProcessAfterInitialization:327 - Bean 'shiroCasConfiguration' of type [cn.koboro.offlineservice.configuration.ShiroCasConfiguration$$EnhancerBySpringCGLIB$$2ee5238] is not eligible for getting processed by all BeanPostProcessors (for example: not eligible for auto-proxying)
2018-09-04 10:01:25,853  INFO [main] o.s.c.s.PostProcessorRegistrationDelegate$BeanPostProcessorChecker:postProcessAfterInitialization:327 - Bean 'securityManager' of type [org.apache.shiro.web.mgt.DefaultWebSecurityManager] is not eligible for getting processed by all BeanPostProcessors (for example: not eligible for auto-proxying)
2018-09-04 10:01:25,882  INFO [main] o.s.c.s.PostProcessorRegistrationDelegate$BeanPostProcessorChecker:postProcessAfterInitialization:327 - Bean 'casFilter' of type [org.apache.shiro.cas.CasFilter] is not eligible for getting processed by all BeanPostProcessors (for example: not eligible for auto-proxying)
2018-09-04 10:01:26,162  INFO [main] o.s.c.s.PostProcessorRegistrationDelegate$BeanPostProcessorChecker:postProcessAfterInitialization:327 - Bean 'org.springframework.transaction.annotation.ProxyTransactionManagementConfiguration' of type [org.springframework.transaction.annotation.ProxyTransactionManagementConfiguration$$EnhancerBySpringCGLIB$$b69f1b58] is not eligible for getting processed by all BeanPostProcessors (for example: not eligible for auto-proxying)
2018-09-04 10:01:27,899  INFO [main] o.s.b.c.e.t.TomcatEmbeddedServletContainer:initialize:89 - Tomcat initialized with port(s): 8083 (http)
2018-09-04 10:01:27,942  INFO [main] o.a.c.c.StandardService:log:179 - Starting service [Tomcat]
2018-09-04 10:01:27,944  INFO [main] o.a.c.c.StandardEngine:log:179 - Starting Servlet Engine: Apache Tomcat/8.5.23
2018-09-04 10:01:28,529  INFO [localhost-startStop-1] o.a.j.s.TldScanner:log:179 - At least one JAR was scanned for TLDs yet contained no TLDs. Enable debug logging for this logger for a complete list of JARs that were scanned but no TLDs were found in them. Skipping unneeded JARs during scanning can improve startup time and JSP compilation time.
2018-09-04 10:01:28,540  INFO [localhost-startStop-1] o.a.c.c.C.[.[.[/offlineService]:log:179 - Initializing Spring embedded WebApplicationContext
2018-09-04 10:01:28,541  INFO [localhost-startStop-1] o.s.w.c.ContextLoader:prepareEmbeddedWebApplicationContext:276 - Root WebApplicationContext: initialization completed in 6039 ms
2018-09-04 10:01:28,942  INFO [localhost-startStop-1] o.s.b.w.s.FilterRegistrationBean:configure:258 - Mapping filter: 'characterEncodingFilter' to: [/*]
2018-09-04 10:01:28,945  INFO [localhost-startStop-1] o.s.b.w.s.FilterRegistrationBean:configure:258 - Mapping filter: 'hiddenHttpMethodFilter' to: [/*]
2018-09-04 10:01:28,947  INFO [localhost-startStop-1] o.s.b.w.s.FilterRegistrationBean:configure:258 - Mapping filter: 'httpPutFormContentFilter' to: [/*]
2018-09-04 10:01:28,948  INFO [localhost-startStop-1] o.s.b.w.s.FilterRegistrationBean:configure:258 - Mapping filter: 'requestContextFilter' to: [/*]
2018-09-04 10:01:28,948  INFO [localhost-startStop-1] o.s.b.w.s.FilterRegistrationBean:configure:271 - Mapping filter: 'delegatingFilterProxy' to urls: [/*]
2018-09-04 10:01:28,949  INFO [localhost-startStop-1] o.s.b.w.s.FilterRegistrationBean:configure:258 - Mapping filter: 'casFilter' to: [/*]
2018-09-04 10:01:28,949  INFO [localhost-startStop-1] o.s.b.w.s.FilterRegistrationBean:configure:258 - Mapping filter: 'shiroFilter' to: [/*]
2018-09-04 10:01:28,949  INFO [localhost-startStop-1] o.s.b.w.s.ServletRegistrationBean:onStartup:190 - Mapping servlet: 'dispatcherServlet' to [/]
2018-09-04 10:01:33,015  INFO [main] o.s.w.s.m.m.a.RequestMappingHandlerAdapter:initControllerAdviceCache:534 - Looking for @ControllerAdvice: org.springframework.boot.context.embedded.AnnotationConfigEmbeddedWebApplicationContext@57459491: startup date [Tue Sep 04 10:01:22 CST 2018]; root of context hierarchy
2018-09-04 10:01:33,118  INFO [main] o.s.w.s.m.m.a.RequestMappingHandlerMapping:register:543 - Mapped "{[/demo/findAll]}" onto public java.lang.String DemoController.findAll(javax.servlet.http.HttpServletRequest,org.springframework.ui.ModelMap)
2018-09-04 10:01:33,135  INFO [main] o.s.w.s.m.m.a.RequestMappingHandlerMapping:register:543 - Mapped "{[/healthThemeTask/publish],methods=[POST]}" onto public cn.koboro.offlineservice.pojo.vo.ResultVO HealthThemeTaskController.publish(javax.servlet.http.HttpServletRequest,org.springframework.ui.ModelMap,java.lang.String,java.lang.String)
2018-09-04 10:01:33,136  INFO [main] o.s.w.s.m.m.a.RequestMappingHandlerMapping:register:543 - Mapped "{[/healthThemeTask/findAllTask],methods=[GET]}" onto public cn.koboro.offlineservice.pojo.vo.ResultVO HealthThemeTaskController.findAllTask(javax.servlet.http.HttpServletRequest,org.springframework.ui.ModelMap,java.util.Map<java.lang.String, java.lang.Object>)
2018-09-04 10:01:33,138  INFO [main] o.s.w.s.m.m.a.RequestMappingHandlerMapping:register:543 - Mapped "{[/healthThemeTask/selectAll],methods=[GET]}" onto public java.lang.String HealthThemeTaskController.selectAll(javax.servlet.http.HttpServletRequest,org.springframework.ui.ModelMap,java.util.Map<java.lang.String, java.lang.Object>)
2018-09-04 10:01:33,138  INFO [main] o.s.w.s.m.m.a.RequestMappingHandlerMapping:register:543 - Mapped "{[/healthThemeTask/selectReleaseTime],methods=[GET]}" onto public java.lang.String HealthThemeTaskController.selectReleaseTime(javax.servlet.http.HttpServletRequest,org.springframework.ui.ModelMap,java.lang.String)
2018-09-04 10:01:33,141  INFO [main] o.s.w.s.m.m.a.RequestMappingHandlerMapping:register:543 - Mapped "{[/healthTheme/add],methods=[GET]}" onto public java.lang.String HealthThemeTemplateController.add(javax.servlet.http.HttpServletRequest,org.springframework.ui.ModelMap)
2018-09-04 10:01:33,142  INFO [main] o.s.w.s.m.m.a.RequestMappingHandlerMapping:register:543 - Mapped "{[/healthTheme/save],methods=[POST]}" onto public cn.koboro.offlineservice.pojo.vo.ResultVO HealthThemeTemplateController.save(javax.servlet.http.HttpServletRequest,org.springframework.ui.ModelMap,cn.koboro.offlineservice.pojo.entity.HealthThemeTemplate)
2018-09-04 10:01:33,144  INFO [main] o.s.w.s.m.m.a.RequestMappingHandlerMapping:register:543 - Mapped "{[/healthTheme/saveUpdate],methods=[POST]}" onto public cn.koboro.offlineservice.pojo.vo.ResultVO HealthThemeTemplateController.saveUpdate(javax.servlet.http.HttpServletRequest,org.springframework.ui.ModelMap,cn.koboro.offlineservice.pojo.entity.HealthThemeTemplate)
2018-09-04 10:01:33,145  INFO [main] o.s.w.s.m.m.a.RequestMappingHandlerMapping:register:543 - Mapped "{[/healthTheme/findTemplate],methods=[GET]}" onto public cn.koboro.offlineservice.pojo.vo.ResultVO HealthThemeTemplateController.findTemplate(javax.servlet.http.HttpServletRequest,java.lang.String)
2018-09-04 10:01:33,146  INFO [main] o.s.w.s.m.m.a.RequestMappingHandlerMapping:register:543 - Mapped "{[/healthTheme/deleteById],methods=[POST]}" onto public cn.koboro.offlineservice.pojo.vo.ResultVO HealthThemeTemplateController.deleteById(javax.servlet.http.HttpServletRequest,org.springframework.ui.ModelMap,java.lang.String)
2018-09-04 10:01:33,147  INFO [main] o.s.w.s.m.m.a.RequestMappingHandlerMapping:register:543 - Mapped "{[/healthTheme/updateById],methods=[GET]}" onto public java.lang.String HealthThemeTemplateController.updateById(javax.servlet.http.HttpServletRequest,org.springframework.ui.ModelMap,cn.koboro.offlineservice.pojo.entity.HealthThemeTemplate)
2018-09-04 10:01:33,147  INFO [main] o.s.w.s.m.m.a.RequestMappingHandlerMapping:register:543 - Mapped "{[/healthTheme/selectAll],methods=[GET]}" onto public java.lang.String HealthThemeTemplateController.selectAll(javax.servlet.http.HttpServletRequest,org.springframework.ui.ModelMap)
2018-09-04 10:01:33,148  INFO [main] o.s.w.s.m.m.a.RequestMappingHandlerMapping:register:543 - Mapped "{[/menu/add],methods=[GET || POST]}" onto public java.lang.String MenuPageController.add()
2018-09-04 10:01:33,149  INFO [main] o.s.w.s.m.m.a.RequestMappingHandlerMapping:register:543 - Mapped "{[/menu/list],methods=[GET || POST]}" onto public java.lang.String MenuPageController.list(org.springframework.ui.ModelMap)
2018-09-04 10:01:33,151  INFO [main] o.s.w.s.m.m.a.RequestMappingHandlerMapping:register:543 - Mapped "{[/menu/iframe],methods=[GET || POST]}" onto public java.lang.String MenuPageController.testIframe()
2018-09-04 10:01:33,155  INFO [main] o.s.w.s.m.m.a.RequestMappingHandlerMapping:register:543 - Mapped "{[/pendingcustomers/saveCustomize],methods=[GET]}" onto public java.lang.String PendingCustomersController.saveCustomize(java.util.Map<java.lang.String, java.lang.String>)
2018-09-04 10:01:33,157  INFO [main] o.s.w.s.m.m.a.RequestMappingHandlerMapping:register:543 - Mapped "{[/pendingcustomers/customizeList],methods=[GET]}" onto public cn.koboro.offlineservice.pojo.vo.ResultVO PendingCustomersController.customizeList(org.springframework.ui.ModelMap,java.util.Map<java.lang.String, java.lang.String>)
2018-09-04 10:01:33,157  INFO [main] o.s.w.s.m.m.a.RequestMappingHandlerMapping:register:543 - Mapped "{[/pendingcustomers/customizePage],methods=[GET]}" onto public java.lang.String PendingCustomersController.customizePage(org.springframework.ui.ModelMap,java.util.Map<java.lang.String, java.lang.String>)
2018-09-04 10:01:33,158  INFO [main] o.s.w.s.m.m.a.RequestMappingHandlerMapping:register:543 - Mapped "{[/pendingcustomers/selectCustomize],methods=[GET]}" onto public java.lang.String PendingCustomersController.selectCustomize(org.springframework.ui.ModelMap,java.util.Map<java.lang.String, java.lang.String>)
2018-09-04 10:01:33,159  INFO [main] o.s.w.s.m.m.a.RequestMappingHandlerMapping:register:543 - Mapped "{[/pendingcustomers/page],methods=[GET]}" onto public java.lang.String PendingCustomersController.pendingCustomers(org.springframework.ui.ModelMap,java.util.Map<java.lang.String, java.lang.String>)
2018-09-04 10:01:33,160  INFO [main] o.s.w.s.m.m.a.RequestMappingHandlerMapping:register:543 - Mapped "{[/pendingcustomers/list],methods=[GET]}" onto public cn.koboro.offlineservice.pojo.vo.ResultVO PendingCustomersController.pendingCustomerslist(org.springframework.ui.ModelMap,java.util.Map<java.lang.String, java.lang.String>)
2018-09-04 10:01:33,168  INFO [main] o.s.w.s.m.m.a.RequestMappingHandlerMapping:register:543 - Mapped "{[/selectCrowd/selectCrowdCount],methods=[GET]}" onto public cn.koboro.offlineservice.pojo.vo.ResultVO SelectCrowdController.selectCrowdCount(java.lang.String,java.lang.String,java.lang.String,java.lang.String)
2018-09-04 10:01:33,170  INFO [main] o.s.w.s.m.m.a.RequestMappingHandlerMapping:register:543 - Mapped "{[/selectCrowd/page],methods=[GET]}" onto public java.lang.String SelectCrowdController.selectCrowdList(org.springframework.ui.ModelMap,java.lang.String)
2018-09-04 10:01:33,170  INFO [main] o.s.w.s.m.m.a.RequestMappingHandlerMapping:register:543 - Mapped "{[/selectCrowd/page2],methods=[GET]}" onto public java.lang.String SelectCrowdController.selectThemeList(org.springframework.ui.ModelMap,java.lang.String)
2018-09-04 10:01:33,171  INFO [main] o.s.w.s.m.m.a.RequestMappingHandlerMapping:register:543 - Mapped "{[/selectCrowd/selectCrowdHealthThemeScreeningList],methods=[GET]}" onto public cn.koboro.offlineservice.pojo.vo.ResultVO SelectCrowdController.selectCrowdHealthThemeScreeningList(java.util.Map<java.lang.String, java.lang.String>)
2018-09-04 10:01:33,173  INFO [main] o.s.w.s.m.m.a.RequestMappingHandlerMapping:register:543 - Mapped "{[/selectCrowd/list],methods=[GET]}" onto public cn.koboro.offlineservice.pojo.vo.ResultVO SelectCrowdController.selectCrowdListAll(java.util.Map<java.lang.String, java.lang.String>)
2018-09-04 10:01:33,175  INFO [main] o.s.w.s.m.m.a.RequestMappingHandlerMapping:register:543 - Mapped "{[/sendAMessage/pageRecording],methods=[GET]}" onto public java.lang.String SendAMessageController.pendingCustomers2(org.springframework.ui.ModelMap,java.lang.String)
2018-09-04 10:01:33,175  INFO [main] o.s.w.s.m.m.a.RequestMappingHandlerMapping:register:543 - Mapped "{[/sendAMessage/page],methods=[GET]}" onto public java.lang.String SendAMessageController.sendAMessage(org.springframework.ui.ModelMap,java.lang.String)
2018-09-04 10:01:33,176  INFO [main] o.s.w.s.m.m.a.RequestMappingHandlerMapping:register:543 - Mapped "{[/sendAMessage/sendAMessageList],methods=[GET]}" onto public java.lang.String SendAMessageController.sendAMessageList(java.util.Map<java.lang.String, java.lang.String>,org.springframework.ui.ModelMap) throws java.text.ParseException
2018-09-04 10:01:33,178  INFO [main] o.s.w.s.m.m.a.RequestMappingHandlerMapping:register:543 - Mapped "{[/serviceAnalyze/list],methods=[GET]}" onto public java.lang.String ServiceAnalyzeController.list()
2018-09-04 10:01:33,179  INFO [main] o.s.w.s.m.m.a.RequestMappingHandlerMapping:register:543 - Mapped "{[/serviceAnalyze/selectAllData],methods=[GET]}" onto public cn.koboro.offlineservice.pojo.vo.ResultVO ServiceAnalyzeController.selectAllData(javax.servlet.http.HttpServletRequest,java.util.Map<java.lang.String, java.lang.Object>)
2018-09-04 10:01:33,179  INFO [main] o.s.w.s.m.m.a.RequestMappingHandlerMapping:register:543 - Mapped "{[/serviceAnalyze/findServiceDetail],methods=[GET]}" onto public cn.koboro.offlineservice.pojo.vo.ResultVO ServiceAnalyzeController.findServiceDetail(javax.servlet.http.HttpServletRequest,java.util.Map<java.lang.String, java.lang.Object>)
2018-09-04 10:01:33,183  INFO [main] o.s.w.s.m.m.a.RequestMappingHandlerMapping:register:543 - Mapped "{[/serviceAnalyze/serviceStatistics],methods=[GET]}" onto public java.lang.String ServiceAnalyzeController.serviceStatistics(javax.servlet.http.HttpServletRequest,java.util.Map<java.lang.String, java.lang.Object>,org.springframework.ui.ModelMap)
2018-09-04 10:01:33,191  INFO [main] o.s.w.s.m.m.a.RequestMappingHandlerMapping:register:543 - Mapped "{[/ServiceTask/index],methods=[GET]}" onto public java.lang.String ServiceTaskController.list(org.springframework.ui.ModelMap)
2018-09-04 10:01:33,192  INFO [main] o.s.w.s.m.m.a.RequestMappingHandlerMapping:register:543 - Mapped "{[/updatePageServiceTask],methods=[GET]}" onto public java.lang.String ServiceTaskController.updatePage(java.lang.String,org.springframework.ui.ModelMap)
2018-09-04 10:01:33,192  INFO [main] o.s.w.s.m.m.a.RequestMappingHandlerMapping:register:543 - Mapped "{[/doctorSelectAll],methods=[GET]}" onto public java.util.Map ServiceTaskController.doctorSelectAll()
2018-09-04 10:01:33,193  INFO [main] o.s.w.s.m.m.a.RequestMappingHandlerMapping:register:543 - Mapped "{[/upload],methods=[POST]}" onto public java.util.Map ServiceTaskController.upload(org.springframework.web.multipart.MultipartFile)
2018-09-04 10:01:33,194  INFO [main] o.s.w.s.m.m.a.RequestMappingHandlerMapping:register:543 - Mapped "{[/selectHealthThemeTemplate],methods=[GET]}" onto public java.util.Map ServiceTaskController.healthThemeTemplateSelectAll()
2018-09-04 10:01:33,198  INFO [main] o.s.w.s.m.m.a.RequestMappingHandlerMapping:register:543 - Mapped "{[/updServiceTaskController],methods=[GET]}" onto public java.lang.String ServiceTaskController.updServiceTaskController(java.lang.String[],java.lang.Integer[],java.lang.String[],java.lang.String[],java.lang.String[],java.lang.String[],java.lang.Integer[],java.lang.Integer[],java.lang.Integer[],java.lang.String[],java.lang.String[],java.lang.String[],java.lang.String[],java.lang.String[],java.lang.String[],java.util.Map<java.lang.String, java.lang.String>) throws java.text.ParseException
2018-09-04 10:01:33,198  INFO [main] o.s.w.s.m.m.a.RequestMappingHandlerMapping:register:543 - Mapped "{[/servicesAvailableSelectAll],methods=[GET]}" onto public java.util.Map ServiceTaskController.servicesAvailableSelectAll()
2018-09-04 10:01:33,199  INFO [main] o.s.w.s.m.m.a.RequestMappingHandlerMapping:register:543 - Mapped "{[/addServiceTaskController],methods=[GET]}" onto public java.lang.String ServiceTaskController.addServiceTaskController(java.lang.String[],java.lang.Integer[],java.lang.String[],java.lang.String[],java.lang.String[],java.lang.String[],java.lang.Integer[],java.lang.Integer[],java.lang.String[],java.lang.String[],java.lang.String[],java.lang.String[],java.lang.String[],java.lang.String[],java.util.Map<java.lang.String, java.lang.String>) throws java.text.ParseException
2018-09-04 10:01:33,200  INFO [main] o.s.w.s.m.m.a.RequestMappingHandlerMapping:register:543 - Mapped "{[/deleteServiceTaskById],methods=[POST]}" onto public java.lang.String ServiceTaskController.deleteServiceTaskById(java.lang.String)
2018-09-04 10:01:33,201  INFO [main] o.s.w.s.m.m.a.RequestMappingHandlerMapping:register:543 - Mapped "{[/servicesGroupSelectAll],methods=[GET]}" onto public java.util.Map ServiceTaskController.servicesGroupSelectAll()
2018-09-04 10:01:33,210  INFO [main] o.s.w.s.m.m.a.RequestMappingHandlerMapping:register:543 - Mapped "{[/todayServiceCustomers/detail],methods=[GET]}" onto public java.lang.String TodayServiceCustomersController.detail(javax.servlet.http.HttpServletRequest,org.springframework.ui.ModelMap,cn.koboro.offlineservice.pojo.entity.TodayServiceCustomers)
2018-09-04 10:01:33,211  INFO [main] o.s.w.s.m.m.a.RequestMappingHandlerMapping:register:543 - Mapped "{[/todayServiceCustomers/abortMission],methods=[POST]}" onto public boolean TodayServiceCustomersController.abortMission(javax.servlet.http.HttpServletRequest,org.springframework.ui.ModelMap,java.util.Map<java.lang.String, java.lang.Object>)
2018-09-04 10:01:33,212  INFO [main] o.s.w.s.m.m.a.RequestMappingHandlerMapping:register:543 - Mapped "{[/todayServiceCustomers/saveServiceItem],methods=[POST]}" onto public boolean TodayServiceCustomersController.saveServiceItem(javax.servlet.http.HttpServletRequest,org.springframework.ui.ModelMap,java.util.Map<java.lang.String, java.lang.Object>)
2018-09-04 10:01:33,212  INFO [main] o.s.w.s.m.m.a.RequestMappingHandlerMapping:register:543 - Mapped "{[/todayServiceCustomers/selectItem],methods=[GET]}" onto public java.lang.String TodayServiceCustomersController.selectItem(javax.servlet.http.HttpServletRequest,org.springframework.ui.ModelMap,java.util.Map<java.lang.String, java.lang.Object>)
2018-09-04 10:01:33,212  INFO [main] o.s.w.s.m.m.a.RequestMappingHandlerMapping:register:543 - Mapped "{[/todayServiceCustomers/findDoctors],methods=[GET]}" onto public java.util.List<java.util.Map<java.lang.String, java.lang.Object>> TodayServiceCustomersController.findDoctors()
2018-09-04 10:01:33,213  INFO [main] o.s.w.s.m.m.a.RequestMappingHandlerMapping:register:543 - Mapped "{[/todayServiceCustomers/printItems],methods=[GET]}" onto public java.lang.String TodayServiceCustomersController.printItems(javax.servlet.http.HttpServletRequest,org.springframework.ui.ModelMap,java.util.Map<java.lang.String, java.lang.Object>)
2018-09-04 10:01:33,213  INFO [main] o.s.w.s.m.m.a.RequestMappingHandlerMapping:register:543 - Mapped "{[/todayServiceCustomers/findOtherItem],methods=[GET]}" onto public java.util.List<java.util.Map<java.lang.String, java.lang.Object>> TodayServiceCustomersController.findOtherItem(javax.servlet.http.HttpServletRequest,org.springframework.ui.ModelMap,java.util.Map<java.lang.String, java.lang.Object>)
2018-09-04 10:01:33,214  INFO [main] o.s.w.s.m.m.a.RequestMappingHandlerMapping:register:543 - Mapped "{[/todayServiceCustomers/findServiceCustomer],methods=[GET]}" onto public cn.koboro.offlineservice.pojo.vo.ResultVO TodayServiceCustomersController.findServiceCustomer(javax.servlet.http.HttpServletRequest,org.springframework.ui.ModelMap,java.util.Map<java.lang.String, java.lang.Object>)
2018-09-04 10:01:33,214  INFO [main] o.s.w.s.m.m.a.RequestMappingHandlerMapping:register:543 - Mapped "{[/todayServiceCustomers/selectCompletedList],methods=[GET]}" onto public java.lang.String TodayServiceCustomersController.selectCompletedList(javax.servlet.http.HttpServletRequest,org.springframework.ui.ModelMap,java.util.Map<java.lang.String, java.lang.Object>)
2018-09-04 10:01:33,215  INFO [main] o.s.w.s.m.m.a.RequestMappingHandlerMapping:register:543 - Mapped "{[/todayServiceCustomers/findServiceRecord],methods=[GET]}" onto public java.lang.String TodayServiceCustomersController.findServiceRecord(javax.servlet.http.HttpServletRequest,org.springframework.ui.ModelMap,java.util.Map<java.lang.String, java.lang.Object>)
2018-09-04 10:01:33,215  INFO [main] o.s.w.s.m.m.a.RequestMappingHandlerMapping:register:543 - Mapped "{[/todayServiceCustomers/selectCompletedListAll],methods=[GET]}" onto public cn.koboro.offlineservice.pojo.vo.ResultVO TodayServiceCustomersController.selectCompletedListAll(java.util.Map<java.lang.String, java.lang.Object>)
2018-09-04 10:01:33,216  INFO [main] o.s.w.s.m.m.a.RequestMappingHandlerMapping:register:543 - Mapped "{[/todayServiceCustomers/findServiceRecordData],methods=[GET]}" onto public java.util.List<java.util.Map<java.lang.String, java.lang.Object>> TodayServiceCustomersController.findServiceRecordData(javax.servlet.http.HttpServletRequest,org.springframework.ui.ModelMap,java.util.Map<java.lang.String, java.lang.Object>)
2018-09-04 10:01:33,222  INFO [main] o.s.w.s.m.m.a.RequestMappingHandlerMapping:register:543 - Mapped "{[/todayServiceCustomers/selectDetailsList],methods=[GET]}" onto public java.lang.String TodayServiceCustomersController.selectDetailsList(org.springframework.ui.ModelMap,java.util.Map<java.lang.String, java.lang.Object>)
2018-09-04 10:01:33,223  INFO [main] o.s.w.s.m.m.a.RequestMappingHandlerMapping:register:543 - Mapped "{[/todayServiceCustomers/selectAll],methods=[GET]}" onto public java.lang.String TodayServiceCustomersController.selectAll(javax.servlet.http.HttpServletRequest,org.springframework.ui.ModelMap,java.util.Map<java.lang.String, java.lang.Object>)
2018-09-04 10:01:33,227  INFO [main] o.s.w.s.m.m.a.RequestMappingHandlerMapping:register:543 - Mapped "{[/error]}" onto public org.springframework.http.ResponseEntity<java.util.Map<java.lang.String, java.lang.Object>> org.springframework.boot.autoconfigure.web.BasicErrorController.error(javax.servlet.http.HttpServletRequest)
2018-09-04 10:01:33,227  INFO [main] o.s.w.s.m.m.a.RequestMappingHandlerMapping:register:543 - Mapped "{[/error],produces=[text/html]}" onto public org.springframework.web.servlet.ModelAndView org.springframework.boot.autoconfigure.web.BasicErrorController.errorHtml(javax.servlet.http.HttpServletRequest,javax.servlet.http.HttpServletResponse)
2018-09-04 10:01:33,291  INFO [main] o.s.w.s.h.SimpleUrlHandlerMapping:registerHandler:349 - Root mapping to handler of type [class org.springframework.web.servlet.mvc.ParameterizableViewController]
2018-09-04 10:01:33,314  INFO [main] o.s.w.s.h.SimpleUrlHandlerMapping:registerHandler:362 - Mapped URL path [/webjars/**] onto handler of type [class org.springframework.web.servlet.resource.ResourceHttpRequestHandler]
2018-09-04 10:01:33,314  INFO [main] o.s.w.s.h.SimpleUrlHandlerMapping:registerHandler:362 - Mapped URL path [/**] onto handler of type [class org.springframework.web.servlet.resource.ResourceHttpRequestHandler]
2018-09-04 10:01:33,451  INFO [main] o.s.w.s.m.m.a.ExceptionHandlerExceptionResolver:initExceptionHandlerAdviceCache:273 - Detected @ExceptionHandler methods in jsonExceptionHandle
2018-09-04 10:01:33,453  INFO [main] o.s.w.s.m.m.a.ExceptionHandlerExceptionResolver:initExceptionHandlerAdviceCache:273 - Detected @ExceptionHandler methods in pageExceptionHandle
2018-09-04 10:01:33,512  INFO [main] o.s.w.s.h.SimpleUrlHandlerMapping:registerHandler:362 - Mapped URL path [/**/favicon.ico] onto handler of type [class org.springframework.web.servlet.resource.ResourceHttpRequestHandler]
2018-09-04 10:01:33,642  INFO [main] t.m.m.a.MapperCacheDisabler:removeStaticCache:60 - Clear tk.mybatis.mapper.util.MsUtil CLASS_CACHE cache.
2018-09-04 10:01:33,644  INFO [main] t.m.m.a.MapperCacheDisabler:removeStaticCache:60 - Clear tk.mybatis.mapper.genid.GenIdUtil CACHE cache.
2018-09-04 10:01:33,649  INFO [main] t.m.m.a.MapperCacheDisabler:removeStaticCache:60 - Clear tk.mybatis.mapper.version.VersionUtil CACHE cache.
2018-09-04 10:01:33,649  INFO [main] t.m.m.a.MapperCacheDisabler:removeEntityHelperCache:83 - Clear EntityHelper entityTableMap cache.
2018-09-04 10:01:34,579  WARN [main] o.s.b.d.a.OptionalLiveReloadServer:startServer:62 - Unable to start LiveReload server
2018-09-04 10:01:34,708  INFO [main] o.s.j.e.a.AnnotationMBeanExporter:afterSingletonsInstantiated:431 - Registering beans for JMX exposure on startup
2018-09-04 10:01:34,766  INFO [main] o.a.c.h.Http11NioProtocol:log:179 - Initializing ProtocolHandler ["http-nio-8083"]
2018-09-04 10:01:34,806  INFO [main] o.a.c.h.Http11NioProtocol:log:179 - Starting ProtocolHandler ["http-nio-8083"]
2018-09-04 10:01:34,916  INFO [main] o.a.c.h.Http11NioProtocol:log:179 - Pausing ProtocolHandler ["http-nio-8083"]
2018-09-04 10:01:34,920  INFO [main] o.a.c.c.StandardService:log:179 - Stopping service [Tomcat]
2018-09-04 10:01:34,987  INFO [main] o.a.c.u.LifecycleBase:log:179 - The stop() method was called on component [StandardServer[-1]] after stop() had already been called. The second call will be ignored.
2018-09-04 10:01:34,988  INFO [main] o.a.c.h.Http11NioProtocol:log:179 - Stopping ProtocolHandler ["http-nio-8083"]
2018-09-04 10:01:34,988  INFO [main] o.a.c.h.Http11NioProtocol:log:179 - Destroying ProtocolHandler ["http-nio-8083"]
2018-09-04 10:01:35,000  INFO [main] o.s.b.a.l.AutoConfigurationReportLoggingInitializer:logAutoConfigurationReport:101 - 

Error starting ApplicationContext. To display the auto-configuration report re-run your application with 'debug' enabled.
2018-09-04 10:01:35,008  INFO [main] o.s.b.c.e.AnnotationConfigEmbeddedWebApplicationContext:doClose:984 - Closing org.springframework.boot.context.embedded.AnnotationConfigEmbeddedWebApplicationContext@57459491: startup date [Tue Sep 04 10:01:22 CST 2018]; root of context hierarchy
2018-09-04 10:01:35,014  INFO [main] o.s.j.e.a.AnnotationMBeanExporter:destroy:449 - Unregistering JMX-exposed beans on shutdown
2018-09-04 10:05:27,444  INFO [main] c.k.o.StartApplication:logStarting:48 - Starting StartApplication on DESKTOP-DKMTUNR with PID 8308 (D:\project\kbr-offlineService\target\classes started by admin in D:\project\kbr-offlineService)
2018-09-04 10:05:27,446  INFO [main] c.k.o.StartApplication:logStartupProfileInfo:597 - The following profiles are active: dev
2018-09-04 10:05:27,607  INFO [main] o.s.b.c.e.AnnotationConfigEmbeddedWebApplicationContext:prepareRefresh:583 - Refreshing org.springframework.boot.context.embedded.AnnotationConfigEmbeddedWebApplicationContext@7e22550a: startup date [Tue Sep 04 10:05:27 CST 2018]; root of context hierarchy
2018-09-04 10:05:28,069  INFO [background-preinit] o.h.v.i.u.Version:<clinit>:30 - HV000001: Hibernate Validator 5.3.6.Final
2018-09-04 10:05:29,561  WARN [main] o.s.c.a.ClassPathScanningCandidateComponentProvider:doScan:142 - No MyBatis mapper was found in '[cn.koboro.offlineservice]' package. Please check your configuration.
2018-09-04 10:05:29,663  WARN [main] o.s.c.a.ClassPathScanningCandidateComponentProvider:doScan:166 - No MyBatis mapper was found in '[cn.koboro.offlineservice]' package. Please check your configuration.
2018-09-04 10:05:30,608  INFO [main] o.s.c.s.PostProcessorRegistrationDelegate$BeanPostProcessorChecker:postProcessAfterInitialization:327 - Bean 'shiroCasConfiguration' of type [cn.koboro.offlineservice.configuration.ShiroCasConfiguration$$EnhancerBySpringCGLIB$$a9b14abc] is not eligible for getting processed by all BeanPostProcessors (for example: not eligible for auto-proxying)
2018-09-04 10:05:30,793  INFO [main] o.s.c.s.PostProcessorRegistrationDelegate$BeanPostProcessorChecker:postProcessAfterInitialization:327 - Bean 'securityManager' of type [org.apache.shiro.web.mgt.DefaultWebSecurityManager] is not eligible for getting processed by all BeanPostProcessors (for example: not eligible for auto-proxying)
2018-09-04 10:05:30,829  INFO [main] o.s.c.s.PostProcessorRegistrationDelegate$BeanPostProcessorChecker:postProcessAfterInitialization:327 - Bean 'casFilter' of type [org.apache.shiro.cas.CasFilter] is not eligible for getting processed by all BeanPostProcessors (for example: not eligible for auto-proxying)
2018-09-04 10:05:31,170  INFO [main] o.s.c.s.PostProcessorRegistrationDelegate$BeanPostProcessorChecker:postProcessAfterInitialization:327 - Bean 'org.springframework.transaction.annotation.ProxyTransactionManagementConfiguration' of type [org.springframework.transaction.annotation.ProxyTransactionManagementConfiguration$$EnhancerBySpringCGLIB$$5d6213dc] is not eligible for getting processed by all BeanPostProcessors (for example: not eligible for auto-proxying)
2018-09-04 10:05:32,858  INFO [main] o.s.b.c.e.t.TomcatEmbeddedServletContainer:initialize:89 - Tomcat initialized with port(s): 8083 (http)
2018-09-04 10:05:32,886  INFO [main] o.a.c.c.StandardService:log:179 - Starting service [Tomcat]
2018-09-04 10:05:32,889  INFO [main] o.a.c.c.StandardEngine:log:179 - Starting Servlet Engine: Apache Tomcat/8.5.23
2018-09-04 10:05:33,512  INFO [localhost-startStop-1] o.a.j.s.TldScanner:log:179 - At least one JAR was scanned for TLDs yet contained no TLDs. Enable debug logging for this logger for a complete list of JARs that were scanned but no TLDs were found in them. Skipping unneeded JARs during scanning can improve startup time and JSP compilation time.
2018-09-04 10:05:33,530  INFO [localhost-startStop-1] o.a.c.c.C.[.[.[/offlineService]:log:179 - Initializing Spring embedded WebApplicationContext
2018-09-04 10:05:33,531  INFO [localhost-startStop-1] o.s.w.c.ContextLoader:prepareEmbeddedWebApplicationContext:276 - Root WebApplicationContext: initialization completed in 5925 ms
2018-09-04 10:05:33,854  INFO [localhost-startStop-1] o.s.b.w.s.FilterRegistrationBean:configure:258 - Mapping filter: 'characterEncodingFilter' to: [/*]
2018-09-04 10:05:33,855  INFO [localhost-startStop-1] o.s.b.w.s.FilterRegistrationBean:configure:258 - Mapping filter: 'hiddenHttpMethodFilter' to: [/*]
2018-09-04 10:05:33,855  INFO [localhost-startStop-1] o.s.b.w.s.FilterRegistrationBean:configure:258 - Mapping filter: 'httpPutFormContentFilter' to: [/*]
2018-09-04 10:05:33,855  INFO [localhost-startStop-1] o.s.b.w.s.FilterRegistrationBean:configure:258 - Mapping filter: 'requestContextFilter' to: [/*]
2018-09-04 10:05:33,856  INFO [localhost-startStop-1] o.s.b.w.s.FilterRegistrationBean:configure:271 - Mapping filter: 'delegatingFilterProxy' to urls: [/*]
2018-09-04 10:05:33,856  INFO [localhost-startStop-1] o.s.b.w.s.FilterRegistrationBean:configure:258 - Mapping filter: 'casFilter' to: [/*]
2018-09-04 10:05:33,856  INFO [localhost-startStop-1] o.s.b.w.s.FilterRegistrationBean:configure:258 - Mapping filter: 'shiroFilter' to: [/*]
2018-09-04 10:05:33,857  INFO [localhost-startStop-1] o.s.b.w.s.ServletRegistrationBean:onStartup:190 - Mapping servlet: 'dispatcherServlet' to [/]
2018-09-04 10:05:37,952  INFO [main] o.s.w.s.m.m.a.RequestMappingHandlerAdapter:initControllerAdviceCache:534 - Looking for @ControllerAdvice: org.springframework.boot.context.embedded.AnnotationConfigEmbeddedWebApplicationContext@7e22550a: startup date [Tue Sep 04 10:05:27 CST 2018]; root of context hierarchy
2018-09-04 10:05:38,094  INFO [main] o.s.w.s.m.m.a.RequestMappingHandlerMapping:register:543 - Mapped "{[/demo/findAll]}" onto public java.lang.String DemoController.findAll(javax.servlet.http.HttpServletRequest,org.springframework.ui.ModelMap)
2018-09-04 10:05:38,141  INFO [main] o.s.w.s.m.m.a.RequestMappingHandlerMapping:register:543 - Mapped "{[/healthThemeTask/publish],methods=[POST]}" onto public cn.koboro.offlineservice.pojo.vo.ResultVO HealthThemeTaskController.publish(javax.servlet.http.HttpServletRequest,org.springframework.ui.ModelMap,java.lang.String,java.lang.String)
2018-09-04 10:05:38,144  INFO [main] o.s.w.s.m.m.a.RequestMappingHandlerMapping:register:543 - Mapped "{[/healthThemeTask/selectAll],methods=[GET]}" onto public java.lang.String HealthThemeTaskController.selectAll(javax.servlet.http.HttpServletRequest,org.springframework.ui.ModelMap,java.util.Map<java.lang.String, java.lang.Object>)
2018-09-04 10:05:38,154  INFO [main] o.s.w.s.m.m.a.RequestMappingHandlerMapping:register:543 - Mapped "{[/healthThemeTask/findAllTask],methods=[GET]}" onto public cn.koboro.offlineservice.pojo.vo.ResultVO HealthThemeTaskController.findAllTask(javax.servlet.http.HttpServletRequest,org.springframework.ui.ModelMap,java.util.Map<java.lang.String, java.lang.Object>)
2018-09-04 10:05:38,155  INFO [main] o.s.w.s.m.m.a.RequestMappingHandlerMapping:register:543 - Mapped "{[/healthThemeTask/selectReleaseTime],methods=[GET]}" onto public java.lang.String HealthThemeTaskController.selectReleaseTime(javax.servlet.http.HttpServletRequest,org.springframework.ui.ModelMap,java.lang.String)
2018-09-04 10:05:38,157  INFO [main] o.s.w.s.m.m.a.RequestMappingHandlerMapping:register:543 - Mapped "{[/healthTheme/add],methods=[GET]}" onto public java.lang.String HealthThemeTemplateController.add(javax.servlet.http.HttpServletRequest,org.springframework.ui.ModelMap)
2018-09-04 10:05:38,157  INFO [main] o.s.w.s.m.m.a.RequestMappingHandlerMapping:register:543 - Mapped "{[/healthTheme/save],methods=[POST]}" onto public cn.koboro.offlineservice.pojo.vo.ResultVO HealthThemeTemplateController.save(javax.servlet.http.HttpServletRequest,org.springframework.ui.ModelMap,cn.koboro.offlineservice.pojo.entity.HealthThemeTemplate)
2018-09-04 10:05:38,157  INFO [main] o.s.w.s.m.m.a.RequestMappingHandlerMapping:register:543 - Mapped "{[/healthTheme/saveUpdate],methods=[POST]}" onto public cn.koboro.offlineservice.pojo.vo.ResultVO HealthThemeTemplateController.saveUpdate(javax.servlet.http.HttpServletRequest,org.springframework.ui.ModelMap,cn.koboro.offlineservice.pojo.entity.HealthThemeTemplate)
2018-09-04 10:05:38,158  INFO [main] o.s.w.s.m.m.a.RequestMappingHandlerMapping:register:543 - Mapped "{[/healthTheme/updateById],methods=[GET]}" onto public java.lang.String HealthThemeTemplateController.updateById(javax.servlet.http.HttpServletRequest,org.springframework.ui.ModelMap,cn.koboro.offlineservice.pojo.entity.HealthThemeTemplate)
2018-09-04 10:05:38,158  INFO [main] o.s.w.s.m.m.a.RequestMappingHandlerMapping:register:543 - Mapped "{[/healthTheme/deleteById],methods=[POST]}" onto public cn.koboro.offlineservice.pojo.vo.ResultVO HealthThemeTemplateController.deleteById(javax.servlet.http.HttpServletRequest,org.springframework.ui.ModelMap,java.lang.String)
2018-09-04 10:05:38,159  INFO [main] o.s.w.s.m.m.a.RequestMappingHandlerMapping:register:543 - Mapped "{[/healthTheme/findTemplate],methods=[GET]}" onto public cn.koboro.offlineservice.pojo.vo.ResultVO HealthThemeTemplateController.findTemplate(javax.servlet.http.HttpServletRequest,java.lang.String)
2018-09-04 10:05:38,159  INFO [main] o.s.w.s.m.m.a.RequestMappingHandlerMapping:register:543 - Mapped "{[/healthTheme/selectAll],methods=[GET]}" onto public java.lang.String HealthThemeTemplateController.selectAll(javax.servlet.http.HttpServletRequest,org.springframework.ui.ModelMap)
2018-09-04 10:05:38,159  INFO [main] o.s.w.s.m.m.a.RequestMappingHandlerMapping:register:543 - Mapped "{[/menu/add],methods=[GET || POST]}" onto public java.lang.String MenuPageController.add()
2018-09-04 10:05:38,160  INFO [main] o.s.w.s.m.m.a.RequestMappingHandlerMapping:register:543 - Mapped "{[/menu/list],methods=[GET || POST]}" onto public java.lang.String MenuPageController.list(org.springframework.ui.ModelMap)
2018-09-04 10:05:38,161  INFO [main] o.s.w.s.m.m.a.RequestMappingHandlerMapping:register:543 - Mapped "{[/menu/iframe],methods=[GET || POST]}" onto public java.lang.String MenuPageController.testIframe()
2018-09-04 10:05:38,166  INFO [main] o.s.w.s.m.m.a.RequestMappingHandlerMapping:register:543 - Mapped "{[/pendingcustomers/list],methods=[GET]}" onto public cn.koboro.offlineservice.pojo.vo.ResultVO PendingCustomersController.pendingCustomerslist(org.springframework.ui.ModelMap,java.util.Map<java.lang.String, java.lang.String>)
2018-09-04 10:05:38,168  INFO [main] o.s.w.s.m.m.a.RequestMappingHandlerMapping:register:543 - Mapped "{[/pendingcustomers/selectCustomize],methods=[GET]}" onto public java.lang.String PendingCustomersController.selectCustomize(org.springframework.ui.ModelMap,java.util.Map<java.lang.String, java.lang.String>)
2018-09-04 10:05:38,169  INFO [main] o.s.w.s.m.m.a.RequestMappingHandlerMapping:register:543 - Mapped "{[/pendingcustomers/page],methods=[GET]}" onto public java.lang.String PendingCustomersController.pendingCustomers(org.springframework.ui.ModelMap,java.util.Map<java.lang.String, java.lang.String>)
2018-09-04 10:05:38,170  INFO [main] o.s.w.s.m.m.a.RequestMappingHandlerMapping:register:543 - Mapped "{[/pendingcustomers/customizeList],methods=[GET]}" onto public cn.koboro.offlineservice.pojo.vo.ResultVO PendingCustomersController.customizeList(org.springframework.ui.ModelMap,java.util.Map<java.lang.String, java.lang.String>)
2018-09-04 10:05:38,171  INFO [main] o.s.w.s.m.m.a.RequestMappingHandlerMapping:register:543 - Mapped "{[/pendingcustomers/customizePage],methods=[GET]}" onto public java.lang.String PendingCustomersController.customizePage(org.springframework.ui.ModelMap,java.util.Map<java.lang.String, java.lang.String>)
2018-09-04 10:05:38,172  INFO [main] o.s.w.s.m.m.a.RequestMappingHandlerMapping:register:543 - Mapped "{[/pendingcustomers/saveCustomize],methods=[GET]}" onto public java.lang.String PendingCustomersController.saveCustomize(java.util.Map<java.lang.String, java.lang.String>)
2018-09-04 10:05:38,175  INFO [main] o.s.w.s.m.m.a.RequestMappingHandlerMapping:register:543 - Mapped "{[/selectCrowd/list],methods=[GET]}" onto public cn.koboro.offlineservice.pojo.vo.ResultVO SelectCrowdController.selectCrowdListAll(java.util.Map<java.lang.String, java.lang.String>)
2018-09-04 10:05:38,177  INFO [main] o.s.w.s.m.m.a.RequestMappingHandlerMapping:register:543 - Mapped "{[/selectCrowd/page2],methods=[GET]}" onto public java.lang.String SelectCrowdController.selectThemeList(org.springframework.ui.ModelMap,java.lang.String)
2018-09-04 10:05:38,177  INFO [main] o.s.w.s.m.m.a.RequestMappingHandlerMapping:register:543 - Mapped "{[/selectCrowd/page],methods=[GET]}" onto public java.lang.String SelectCrowdController.selectCrowdList(org.springframework.ui.ModelMap,java.lang.String)
2018-09-04 10:05:38,178  INFO [main] o.s.w.s.m.m.a.RequestMappingHandlerMapping:register:543 - Mapped "{[/selectCrowd/selectCrowdCount],methods=[GET]}" onto public cn.koboro.offlineservice.pojo.vo.ResultVO SelectCrowdController.selectCrowdCount(java.lang.String,java.lang.String,java.lang.String,java.lang.String)
2018-09-04 10:05:38,180  INFO [main] o.s.w.s.m.m.a.RequestMappingHandlerMapping:register:543 - Mapped "{[/selectCrowd/selectCrowdHealthThemeScreeningList],methods=[GET]}" onto public cn.koboro.offlineservice.pojo.vo.ResultVO SelectCrowdController.selectCrowdHealthThemeScreeningList(java.util.Map<java.lang.String, java.lang.String>)
2018-09-04 10:05:38,183  INFO [main] o.s.w.s.m.m.a.RequestMappingHandlerMapping:register:543 - Mapped "{[/sendAMessage/pageRecording],methods=[GET]}" onto public java.lang.String SendAMessageController.pendingCustomers2(org.springframework.ui.ModelMap,java.lang.String)
2018-09-04 10:05:38,184  INFO [main] o.s.w.s.m.m.a.RequestMappingHandlerMapping:register:543 - Mapped "{[/sendAMessage/page],methods=[GET]}" onto public java.lang.String SendAMessageController.sendAMessage(org.springframework.ui.ModelMap,java.lang.String)
2018-09-04 10:05:38,185  INFO [main] o.s.w.s.m.m.a.RequestMappingHandlerMapping:register:543 - Mapped "{[/sendAMessage/sendAMessageList],methods=[GET]}" onto public java.lang.String SendAMessageController.sendAMessageList(java.util.Map<java.lang.String, java.lang.String>,org.springframework.ui.ModelMap) throws java.text.ParseException
2018-09-04 10:05:38,189  INFO [main] o.s.w.s.m.m.a.RequestMappingHandlerMapping:register:543 - Mapped "{[/serviceAnalyze/list],methods=[GET]}" onto public java.lang.String ServiceAnalyzeController.list()
2018-09-04 10:05:38,190  INFO [main] o.s.w.s.m.m.a.RequestMappingHandlerMapping:register:543 - Mapped "{[/serviceAnalyze/findServiceDetail],methods=[GET]}" onto public cn.koboro.offlineservice.pojo.vo.ResultVO ServiceAnalyzeController.findServiceDetail(javax.servlet.http.HttpServletRequest,java.util.Map<java.lang.String, java.lang.Object>)
2018-09-04 10:05:38,190  INFO [main] o.s.w.s.m.m.a.RequestMappingHandlerMapping:register:543 - Mapped "{[/serviceAnalyze/serviceStatistics],methods=[GET]}" onto public java.lang.String ServiceAnalyzeController.serviceStatistics(javax.servlet.http.HttpServletRequest,java.util.Map<java.lang.String, java.lang.Object>,org.springframework.ui.ModelMap)
2018-09-04 10:05:38,193  INFO [main] o.s.w.s.m.m.a.RequestMappingHandlerMapping:register:543 - Mapped "{[/serviceAnalyze/selectAllData],methods=[GET]}" onto public cn.koboro.offlineservice.pojo.vo.ResultVO ServiceAnalyzeController.selectAllData(javax.servlet.http.HttpServletRequest,java.util.Map<java.lang.String, java.lang.Object>)
2018-09-04 10:05:38,213  INFO [main] o.s.w.s.m.m.a.RequestMappingHandlerMapping:register:543 - Mapped "{[/ServiceTask/index],methods=[GET]}" onto public java.lang.String ServiceTaskController.list(org.springframework.ui.ModelMap)
2018-09-04 10:05:38,216  INFO [main] o.s.w.s.m.m.a.RequestMappingHandlerMapping:register:543 - Mapped "{[/servicesAvailableSelectAll],methods=[GET]}" onto public java.util.Map ServiceTaskController.servicesAvailableSelectAll()
2018-09-04 10:05:38,218  INFO [main] o.s.w.s.m.m.a.RequestMappingHandlerMapping:register:543 - Mapped "{[/addServiceTaskController],methods=[GET]}" onto public java.lang.String ServiceTaskController.addServiceTaskController(java.lang.String[],java.lang.Integer[],java.lang.String[],java.lang.String[],java.lang.String[],java.lang.String[],java.lang.Integer[],java.lang.Integer[],java.lang.String[],java.lang.String[],java.lang.String[],java.lang.String[],java.lang.String[],java.lang.String[],java.util.Map<java.lang.String, java.lang.String>) throws java.text.ParseException
2018-09-04 10:05:38,224  INFO [main] o.s.w.s.m.m.a.RequestMappingHandlerMapping:register:543 - Mapped "{[/servicesGroupSelectAll],methods=[GET]}" onto public java.util.Map ServiceTaskController.servicesGroupSelectAll()
2018-09-04 10:05:38,226  INFO [main] o.s.w.s.m.m.a.RequestMappingHandlerMapping:register:543 - Mapped "{[/deleteServiceTaskById],methods=[POST]}" onto public java.lang.String ServiceTaskController.deleteServiceTaskById(java.lang.String)
2018-09-04 10:05:38,227  INFO [main] o.s.w.s.m.m.a.RequestMappingHandlerMapping:register:543 - Mapped "{[/selectHealthThemeTemplate],methods=[GET]}" onto public java.util.Map ServiceTaskController.healthThemeTemplateSelectAll()
2018-09-04 10:05:38,229  INFO [main] o.s.w.s.m.m.a.RequestMappingHandlerMapping:register:543 - Mapped "{[/updServiceTaskController],methods=[GET]}" onto public java.lang.String ServiceTaskController.updServiceTaskController(java.lang.String[],java.lang.Integer[],java.lang.String[],java.lang.String[],java.lang.String[],java.lang.String[],java.lang.Integer[],java.lang.Integer[],java.lang.Integer[],java.lang.String[],java.lang.String[],java.lang.String[],java.lang.String[],java.lang.String[],java.lang.String[],java.util.Map<java.lang.String, java.lang.String>) throws java.text.ParseException
2018-09-04 10:05:38,230  INFO [main] o.s.w.s.m.m.a.RequestMappingHandlerMapping:register:543 - Mapped "{[/updatePageServiceTask],methods=[GET]}" onto public java.lang.String ServiceTaskController.updatePage(java.lang.String,org.springframework.ui.ModelMap)
2018-09-04 10:05:38,230  INFO [main] o.s.w.s.m.m.a.RequestMappingHandlerMapping:register:543 - Mapped "{[/doctorSelectAll],methods=[GET]}" onto public java.util.Map ServiceTaskController.doctorSelectAll()
2018-09-04 10:05:38,230  INFO [main] o.s.w.s.m.m.a.RequestMappingHandlerMapping:register:543 - Mapped "{[/upload],methods=[POST]}" onto public java.util.Map ServiceTaskController.upload(org.springframework.web.multipart.MultipartFile)
2018-09-04 10:05:38,236  INFO [main] o.s.w.s.m.m.a.RequestMappingHandlerMapping:register:543 - Mapped "{[/todayServiceCustomers/selectAll],methods=[GET]}" onto public java.lang.String TodayServiceCustomersController.selectAll(javax.servlet.http.HttpServletRequest,org.springframework.ui.ModelMap,java.util.Map<java.lang.String, java.lang.Object>)
2018-09-04 10:05:38,237  INFO [main] o.s.w.s.m.m.a.RequestMappingHandlerMapping:register:543 - Mapped "{[/todayServiceCustomers/detail],methods=[GET]}" onto public java.lang.String TodayServiceCustomersController.detail(javax.servlet.http.HttpServletRequest,org.springframework.ui.ModelMap,cn.koboro.offlineservice.pojo.entity.TodayServiceCustomers)
2018-09-04 10:05:38,237  INFO [main] o.s.w.s.m.m.a.RequestMappingHandlerMapping:register:543 - Mapped "{[/todayServiceCustomers/findServiceCustomer],methods=[GET]}" onto public cn.koboro.offlineservice.pojo.vo.ResultVO TodayServiceCustomersController.findServiceCustomer(javax.servlet.http.HttpServletRequest,org.springframework.ui.ModelMap,java.util.Map<java.lang.String, java.lang.Object>)
2018-09-04 10:05:38,238  INFO [main] o.s.w.s.m.m.a.RequestMappingHandlerMapping:register:543 - Mapped "{[/todayServiceCustomers/selectCompletedList],methods=[GET]}" onto public java.lang.String TodayServiceCustomersController.selectCompletedList(javax.servlet.http.HttpServletRequest,org.springframework.ui.ModelMap,java.util.Map<java.lang.String, java.lang.Object>)
2018-09-04 10:05:38,238  INFO [main] o.s.w.s.m.m.a.RequestMappingHandlerMapping:register:543 - Mapped "{[/todayServiceCustomers/selectDetailsList],methods=[GET]}" onto public java.lang.String TodayServiceCustomersController.selectDetailsList(org.springframework.ui.ModelMap,java.util.Map<java.lang.String, java.lang.Object>)
2018-09-04 10:05:38,238  INFO [main] o.s.w.s.m.m.a.RequestMappingHandlerMapping:register:543 - Mapped "{[/todayServiceCustomers/findServiceRecordData],methods=[GET]}" onto public java.util.List<java.util.Map<java.lang.String, java.lang.Object>> TodayServiceCustomersController.findServiceRecordData(javax.servlet.http.HttpServletRequest,org.springframework.ui.ModelMap,java.util.Map<java.lang.String, java.lang.Object>)
2018-09-04 10:05:38,239  INFO [main] o.s.w.s.m.m.a.RequestMappingHandlerMapping:register:543 - Mapped "{[/todayServiceCustomers/findServiceRecord],methods=[GET]}" onto public java.lang.String TodayServiceCustomersController.findServiceRecord(javax.servlet.http.HttpServletRequest,org.springframework.ui.ModelMap,java.util.Map<java.lang.String, java.lang.Object>)
2018-09-04 10:05:38,239  INFO [main] o.s.w.s.m.m.a.RequestMappingHandlerMapping:register:543 - Mapped "{[/todayServiceCustomers/selectCompletedListAll],methods=[GET]}" onto public cn.koboro.offlineservice.pojo.vo.ResultVO TodayServiceCustomersController.selectCompletedListAll(java.util.Map<java.lang.String, java.lang.Object>)
2018-09-04 10:05:38,241  INFO [main] o.s.w.s.m.m.a.RequestMappingHandlerMapping:register:543 - Mapped "{[/todayServiceCustomers/findOtherItem],methods=[GET]}" onto public java.util.List<java.util.Map<java.lang.String, java.lang.Object>> TodayServiceCustomersController.findOtherItem(javax.servlet.http.HttpServletRequest,org.springframework.ui.ModelMap,java.util.Map<java.lang.String, java.lang.Object>)
2018-09-04 10:05:38,242  INFO [main] o.s.w.s.m.m.a.RequestMappingHandlerMapping:register:543 - Mapped "{[/todayServiceCustomers/findDoctors],methods=[GET]}" onto public java.util.List<java.util.Map<java.lang.String, java.lang.Object>> TodayServiceCustomersController.findDoctors()
2018-09-04 10:05:38,242  INFO [main] o.s.w.s.m.m.a.RequestMappingHandlerMapping:register:543 - Mapped "{[/todayServiceCustomers/selectItem],methods=[GET]}" onto public java.lang.String TodayServiceCustomersController.selectItem(javax.servlet.http.HttpServletRequest,org.springframework.ui.ModelMap,java.util.Map<java.lang.String, java.lang.Object>)
2018-09-04 10:05:38,243  INFO [main] o.s.w.s.m.m.a.RequestMappingHandlerMapping:register:543 - Mapped "{[/todayServiceCustomers/saveServiceItem],methods=[POST]}" onto public boolean TodayServiceCustomersController.saveServiceItem(javax.servlet.http.HttpServletRequest,org.springframework.ui.ModelMap,java.util.Map<java.lang.String, java.lang.Object>)
2018-09-04 10:05:38,243  INFO [main] o.s.w.s.m.m.a.RequestMappingHandlerMapping:register:543 - Mapped "{[/todayServiceCustomers/abortMission],methods=[POST]}" onto public boolean TodayServiceCustomersController.abortMission(javax.servlet.http.HttpServletRequest,org.springframework.ui.ModelMap,java.util.Map<java.lang.String, java.lang.Object>)
2018-09-04 10:05:38,243  INFO [main] o.s.w.s.m.m.a.RequestMappingHandlerMapping:register:543 - Mapped "{[/todayServiceCustomers/printItems],methods=[GET]}" onto public java.lang.String TodayServiceCustomersController.printItems(javax.servlet.http.HttpServletRequest,org.springframework.ui.ModelMap,java.util.Map<java.lang.String, java.lang.Object>)
2018-09-04 10:05:38,246  INFO [main] o.s.w.s.m.m.a.RequestMappingHandlerMapping:register:543 - Mapped "{[/error]}" onto public org.springframework.http.ResponseEntity<java.util.Map<java.lang.String, java.lang.Object>> org.springframework.boot.autoconfigure.web.BasicErrorController.error(javax.servlet.http.HttpServletRequest)
2018-09-04 10:05:38,246  INFO [main] o.s.w.s.m.m.a.RequestMappingHandlerMapping:register:543 - Mapped "{[/error],produces=[text/html]}" onto public org.springframework.web.servlet.ModelAndView org.springframework.boot.autoconfigure.web.BasicErrorController.errorHtml(javax.servlet.http.HttpServletRequest,javax.servlet.http.HttpServletResponse)
2018-09-04 10:05:38,277  INFO [main] o.s.w.s.h.SimpleUrlHandlerMapping:registerHandler:349 - Root mapping to handler of type [class org.springframework.web.servlet.mvc.ParameterizableViewController]
2018-09-04 10:05:38,299  INFO [main] o.s.w.s.h.SimpleUrlHandlerMapping:registerHandler:362 - Mapped URL path [/webjars/**] onto handler of type [class org.springframework.web.servlet.resource.ResourceHttpRequestHandler]
2018-09-04 10:05:38,300  INFO [main] o.s.w.s.h.SimpleUrlHandlerMapping:registerHandler:362 - Mapped URL path [/**] onto handler of type [class org.springframework.web.servlet.resource.ResourceHttpRequestHandler]
2018-09-04 10:05:38,359  INFO [main] o.s.w.s.m.m.a.ExceptionHandlerExceptionResolver:initExceptionHandlerAdviceCache:273 - Detected @ExceptionHandler methods in jsonExceptionHandle
2018-09-04 10:05:38,360  INFO [main] o.s.w.s.m.m.a.ExceptionHandlerExceptionResolver:initExceptionHandlerAdviceCache:273 - Detected @ExceptionHandler methods in pageExceptionHandle
2018-09-04 10:05:38,411  INFO [main] o.s.w.s.h.SimpleUrlHandlerMapping:registerHandler:362 - Mapped URL path [/**/favicon.ico] onto handler of type [class org.springframework.web.servlet.resource.ResourceHttpRequestHandler]
2018-09-04 10:05:38,543  INFO [main] t.m.m.a.MapperCacheDisabler:removeStaticCache:60 - Clear tk.mybatis.mapper.util.MsUtil CLASS_CACHE cache.
2018-09-04 10:05:38,544  INFO [main] t.m.m.a.MapperCacheDisabler:removeStaticCache:60 - Clear tk.mybatis.mapper.genid.GenIdUtil CACHE cache.
2018-09-04 10:05:38,545  INFO [main] t.m.m.a.MapperCacheDisabler:removeStaticCache:60 - Clear tk.mybatis.mapper.version.VersionUtil CACHE cache.
2018-09-04 10:05:38,545  INFO [main] t.m.m.a.MapperCacheDisabler:removeEntityHelperCache:83 - Clear EntityHelper entityTableMap cache.
2018-09-04 10:05:39,332  INFO [main] o.s.b.d.a.OptionalLiveReloadServer:startServer:58 - LiveReload server is running on port 35729
2018-09-04 10:05:39,418  INFO [main] o.s.j.e.a.AnnotationMBeanExporter:afterSingletonsInstantiated:431 - Registering beans for JMX exposure on startup
2018-09-04 10:05:39,465  INFO [main] o.a.c.h.Http11NioProtocol:log:179 - Initializing ProtocolHandler ["http-nio-8083"]
2018-09-04 10:05:39,498  INFO [main] o.a.c.h.Http11NioProtocol:log:179 - Starting ProtocolHandler ["http-nio-8083"]
2018-09-04 10:05:39,545  INFO [main] o.a.t.u.n.NioSelectorPool:log:179 - Using a shared selector for servlet write/read
2018-09-04 10:05:39,705  INFO [main] o.s.b.c.e.t.TomcatEmbeddedServletContainer:start:201 - Tomcat started on port(s): 8083 (http)
2018-09-04 10:05:39,715  INFO [main] c.k.o.StartApplication:logStarted:57 - Started StartApplication in 13.482 seconds (JVM running for 16.809)
2018-09-04 10:05:59,363  INFO [http-nio-8083-exec-1] o.a.c.c.C.[.[.[/offlineService]:log:179 - Initializing Spring FrameworkServlet 'dispatcherServlet'
2018-09-04 10:05:59,364  INFO [http-nio-8083-exec-1] o.s.w.s.DispatcherServlet:initServletBean:489 - FrameworkServlet 'dispatcherServlet': initialization started
2018-09-04 10:05:59,408  INFO [http-nio-8083-exec-1] o.s.w.s.DispatcherServlet:initServletBean:508 - FrameworkServlet 'dispatcherServlet': initialization completed in 44 ms
