2018-08-14 18:01:50,747  INFO [main] c.k.o.StartApplication:logStarting:48 - Starting StartApplication on DESKTOP-DKMTUNR with PID 8568 (D:\project\kbr-offlineService\target\classes started by admin in D:\project\kbr-offlineService)
2018-08-14 18:01:50,749  INFO [main] c.k.o.StartApplication:logStartupProfileInfo:597 - The following profiles are active: dev
2018-08-14 18:01:50,897  INFO [main] o.s.b.c.e.AnnotationConfigEmbeddedWebApplicationContext:prepareRefresh:583 - Refreshing org.springframework.boot.context.embedded.AnnotationConfigEmbeddedWebApplicationContext@57459491: startup date [Tue Aug 14 18:01:50 CST 2018]; root of context hierarchy
2018-08-14 18:01:51,384  INFO [background-preinit] o.h.v.i.u.Version:<clinit>:30 - HV000001: Hibernate Validator 5.3.6.Final
2018-08-14 18:01:52,884  WARN [main] o.s.c.a.ClassPathScanningCandidateComponentProvider:doScan:142 - No MyBatis mapper was found in '[cn.koboro.offlineservice]' package. Please check your configuration.
2018-08-14 18:01:52,996  WARN [main] o.s.c.a.ClassPathScanningCandidateComponentProvider:doScan:166 - No MyBatis mapper was found in '[cn.koboro.offlineservice]' package. Please check your configuration.
2018-08-14 18:01:53,801  INFO [main] o.s.c.s.PostProcessorRegistrationDelegate$BeanPostProcessorChecker:postProcessAfterInitialization:327 - Bean 'shiroCasConfiguration' of type [cn.koboro.offlineservice.configuration.ShiroCasConfiguration$$EnhancerBySpringCGLIB$$c47cc212] is not eligible for getting processed by all BeanPostProcessors (for example: not eligible for auto-proxying)
2018-08-14 18:01:54,047  INFO [main] o.s.c.s.PostProcessorRegistrationDelegate$BeanPostProcessorChecker:postProcessAfterInitialization:327 - Bean 'securityManager' of type [org.apache.shiro.web.mgt.DefaultWebSecurityManager] is not eligible for getting processed by all BeanPostProcessors (for example: not eligible for auto-proxying)
2018-08-14 18:01:54,078  INFO [main] o.s.c.s.PostProcessorRegistrationDelegate$BeanPostProcessorChecker:postProcessAfterInitialization:327 - Bean 'casFilter' of type [org.apache.shiro.cas.CasFilter] is not eligible for getting processed by all BeanPostProcessors (for example: not eligible for auto-proxying)
2018-08-14 18:01:54,409  INFO [main] o.s.c.s.PostProcessorRegistrationDelegate$BeanPostProcessorChecker:postProcessAfterInitialization:327 - Bean 'org.springframework.transaction.annotation.ProxyTransactionManagementConfiguration' of type [org.springframework.transaction.annotation.ProxyTransactionManagementConfiguration$$EnhancerBySpringCGLIB$$782d8b32] is not eligible for getting processed by all BeanPostProcessors (for example: not eligible for auto-proxying)
2018-08-14 18:01:55,916  INFO [main] o.s.b.c.e.t.TomcatEmbeddedServletContainer:initialize:89 - Tomcat initialized with port(s): 8083 (http)
2018-08-14 18:01:55,942  INFO [main] o.a.c.c.StandardService:log:179 - Starting service [Tomcat]
2018-08-14 18:01:55,944  INFO [main] o.a.c.c.StandardEngine:log:179 - Starting Servlet Engine: Apache Tomcat/8.5.23
2018-08-14 18:01:56,528  INFO [localhost-startStop-1] o.a.j.s.TldScanner:log:179 - At least one JAR was scanned for TLDs yet contained no TLDs. Enable debug logging for this logger for a complete list of JARs that were scanned but no TLDs were found in them. Skipping unneeded JARs during scanning can improve startup time and JSP compilation time.
2018-08-14 18:01:56,546  INFO [localhost-startStop-1] o.a.c.c.C.[.[.[/offlineService]:log:179 - Initializing Spring embedded WebApplicationContext
2018-08-14 18:01:56,547  INFO [localhost-startStop-1] o.s.w.c.ContextLoader:prepareEmbeddedWebApplicationContext:276 - Root WebApplicationContext: initialization completed in 5650 ms
2018-08-14 18:01:56,929  INFO [localhost-startStop-1] o.s.b.w.s.FilterRegistrationBean:configure:258 - Mapping filter: 'characterEncodingFilter' to: [/*]
2018-08-14 18:01:56,930  INFO [localhost-startStop-1] o.s.b.w.s.FilterRegistrationBean:configure:258 - Mapping filter: 'hiddenHttpMethodFilter' to: [/*]
2018-08-14 18:01:56,930  INFO [localhost-startStop-1] o.s.b.w.s.FilterRegistrationBean:configure:258 - Mapping filter: 'httpPutFormContentFilter' to: [/*]
2018-08-14 18:01:56,930  INFO [localhost-startStop-1] o.s.b.w.s.FilterRegistrationBean:configure:258 - Mapping filter: 'requestContextFilter' to: [/*]
2018-08-14 18:01:56,931  INFO [localhost-startStop-1] o.s.b.w.s.FilterRegistrationBean:configure:271 - Mapping filter: 'delegatingFilterProxy' to urls: [/*]
2018-08-14 18:01:56,931  INFO [localhost-startStop-1] o.s.b.w.s.FilterRegistrationBean:configure:258 - Mapping filter: 'casFilter' to: [/*]
2018-08-14 18:01:56,931  INFO [localhost-startStop-1] o.s.b.w.s.FilterRegistrationBean:configure:258 - Mapping filter: 'shiroFilter' to: [/*]
2018-08-14 18:01:56,931  INFO [localhost-startStop-1] o.s.b.w.s.ServletRegistrationBean:onStartup:190 - Mapping servlet: 'dispatcherServlet' to [/]
2018-08-14 18:02:01,277  INFO [main] o.s.w.s.m.m.a.RequestMappingHandlerAdapter:initControllerAdviceCache:534 - Looking for @ControllerAdvice: org.springframework.boot.context.embedded.AnnotationConfigEmbeddedWebApplicationContext@57459491: startup date [Tue Aug 14 18:01:50 CST 2018]; root of context hierarchy
2018-08-14 18:02:01,414  INFO [main] o.s.w.s.m.m.a.RequestMappingHandlerMapping:register:543 - Mapped "{[/demo/findAll]}" onto public java.lang.String DemoController.findAll(javax.servlet.http.HttpServletRequest,org.springframework.ui.ModelMap)
2018-08-14 18:02:01,437  INFO [main] o.s.w.s.m.m.a.RequestMappingHandlerMapping:register:543 - Mapped "{[/healthThemeTask/publish],methods=[POST]}" onto public cn.koboro.offlineservice.pojo.vo.ResultVO HealthThemeTaskController.publish(javax.servlet.http.HttpServletRequest,org.springframework.ui.ModelMap,java.lang.String,java.lang.String)
2018-08-14 18:02:01,439  INFO [main] o.s.w.s.m.m.a.RequestMappingHandlerMapping:register:543 - Mapped "{[/healthThemeTask/selectAll],methods=[GET]}" onto public java.lang.String HealthThemeTaskController.selectAll(javax.servlet.http.HttpServletRequest,org.springframework.ui.ModelMap,java.util.Map<java.lang.String, java.lang.Object>)
2018-08-14 18:02:01,440  INFO [main] o.s.w.s.m.m.a.RequestMappingHandlerMapping:register:543 - Mapped "{[/healthThemeTask/findAllTask],methods=[GET]}" onto public cn.koboro.offlineservice.pojo.vo.ResultVO HealthThemeTaskController.findAllTask(javax.servlet.http.HttpServletRequest,org.springframework.ui.ModelMap,java.util.Map<java.lang.String, java.lang.Object>)
2018-08-14 18:02:01,444  INFO [main] o.s.w.s.m.m.a.RequestMappingHandlerMapping:register:543 - Mapped "{[/healthThemeTask/selectReleaseTime],methods=[GET]}" onto public java.lang.String HealthThemeTaskController.selectReleaseTime(javax.servlet.http.HttpServletRequest,org.springframework.ui.ModelMap,java.lang.String)
2018-08-14 18:02:01,447  INFO [main] o.s.w.s.m.m.a.RequestMappingHandlerMapping:register:543 - Mapped "{[/healthTheme/add],methods=[GET]}" onto public java.lang.String HealthThemeTemplateController.add(javax.servlet.http.HttpServletRequest,org.springframework.ui.ModelMap)
2018-08-14 18:02:01,449  INFO [main] o.s.w.s.m.m.a.RequestMappingHandlerMapping:register:543 - Mapped "{[/healthTheme/save],methods=[POST]}" onto public cn.koboro.offlineservice.pojo.vo.ResultVO HealthThemeTemplateController.save(javax.servlet.http.HttpServletRequest,org.springframework.ui.ModelMap,cn.koboro.offlineservice.pojo.entity.HealthThemeTemplate)
2018-08-14 18:02:01,449  INFO [main] o.s.w.s.m.m.a.RequestMappingHandlerMapping:register:543 - Mapped "{[/healthTheme/saveUpdate],methods=[POST]}" onto public cn.koboro.offlineservice.pojo.vo.ResultVO HealthThemeTemplateController.saveUpdate(javax.servlet.http.HttpServletRequest,org.springframework.ui.ModelMap,cn.koboro.offlineservice.pojo.entity.HealthThemeTemplate)
2018-08-14 18:02:01,450  INFO [main] o.s.w.s.m.m.a.RequestMappingHandlerMapping:register:543 - Mapped "{[/healthTheme/selectAll],methods=[GET]}" onto public java.lang.String HealthThemeTemplateController.selectAll(javax.servlet.http.HttpServletRequest,org.springframework.ui.ModelMap)
2018-08-14 18:02:01,451  INFO [main] o.s.w.s.m.m.a.RequestMappingHandlerMapping:register:543 - Mapped "{[/healthTheme/deleteById],methods=[POST]}" onto public cn.koboro.offlineservice.pojo.vo.ResultVO HealthThemeTemplateController.deleteById(javax.servlet.http.HttpServletRequest,org.springframework.ui.ModelMap,java.lang.String)
2018-08-14 18:02:01,451  INFO [main] o.s.w.s.m.m.a.RequestMappingHandlerMapping:register:543 - Mapped "{[/healthTheme/findTemplate],methods=[GET]}" onto public cn.koboro.offlineservice.pojo.vo.ResultVO HealthThemeTemplateController.findTemplate(javax.servlet.http.HttpServletRequest,java.lang.String)
2018-08-14 18:02:01,451  INFO [main] o.s.w.s.m.m.a.RequestMappingHandlerMapping:register:543 - Mapped "{[/healthTheme/updateById],methods=[GET]}" onto public java.lang.String HealthThemeTemplateController.updateById(javax.servlet.http.HttpServletRequest,org.springframework.ui.ModelMap,cn.koboro.offlineservice.pojo.entity.HealthThemeTemplate)
2018-08-14 18:02:01,453  INFO [main] o.s.w.s.m.m.a.RequestMappingHandlerMapping:register:543 - Mapped "{[/menu/add],methods=[GET || POST]}" onto public java.lang.String MenuPageController.add()
2018-08-14 18:02:01,453  INFO [main] o.s.w.s.m.m.a.RequestMappingHandlerMapping:register:543 - Mapped "{[/menu/list],methods=[GET || POST]}" onto public java.lang.String MenuPageController.list(org.springframework.ui.ModelMap)
2018-08-14 18:02:01,453  INFO [main] o.s.w.s.m.m.a.RequestMappingHandlerMapping:register:543 - Mapped "{[/menu/iframe],methods=[GET || POST]}" onto public java.lang.String MenuPageController.testIframe()
2018-08-14 18:02:01,462  INFO [main] o.s.w.s.m.m.a.RequestMappingHandlerMapping:register:543 - Mapped "{[/pendingcustomers/selectCustomize],methods=[GET]}" onto public java.lang.String PendingCustomersController.selectCustomize(org.springframework.ui.ModelMap,java.util.Map<java.lang.String, java.lang.String>)
2018-08-14 18:02:01,463  INFO [main] o.s.w.s.m.m.a.RequestMappingHandlerMapping:register:543 - Mapped "{[/pendingcustomers/customizePage],methods=[GET]}" onto public java.lang.String PendingCustomersController.customizePage(org.springframework.ui.ModelMap,java.util.Map<java.lang.String, java.lang.String>)
2018-08-14 18:02:01,464  INFO [main] o.s.w.s.m.m.a.RequestMappingHandlerMapping:register:543 - Mapped "{[/pendingcustomers/saveCustomize],methods=[GET]}" onto public java.lang.String PendingCustomersController.saveCustomize(java.util.Map<java.lang.String, java.lang.String>)
2018-08-14 18:02:01,464  INFO [main] o.s.w.s.m.m.a.RequestMappingHandlerMapping:register:543 - Mapped "{[/pendingcustomers/page],methods=[GET]}" onto public java.lang.String PendingCustomersController.pendingCustomers(org.springframework.ui.ModelMap,java.util.Map<java.lang.String, java.lang.String>)
2018-08-14 18:02:01,466  INFO [main] o.s.w.s.m.m.a.RequestMappingHandlerMapping:register:543 - Mapped "{[/pendingcustomers/customizeList],methods=[GET]}" onto public cn.koboro.offlineservice.pojo.vo.ResultVO PendingCustomersController.customizeList(org.springframework.ui.ModelMap,java.util.Map<java.lang.String, java.lang.String>)
2018-08-14 18:02:01,467  INFO [main] o.s.w.s.m.m.a.RequestMappingHandlerMapping:register:543 - Mapped "{[/pendingcustomers/list],methods=[GET]}" onto public cn.koboro.offlineservice.pojo.vo.ResultVO PendingCustomersController.pendingCustomerslist(org.springframework.ui.ModelMap,java.util.Map<java.lang.String, java.lang.String>)
2018-08-14 18:02:01,471  INFO [main] o.s.w.s.m.m.a.RequestMappingHandlerMapping:register:543 - Mapped "{[/selectCrowd/page],methods=[GET]}" onto public java.lang.String SelectCrowdController.selectCrowdList(org.springframework.ui.ModelMap,java.lang.String)
2018-08-14 18:02:01,472  INFO [main] o.s.w.s.m.m.a.RequestMappingHandlerMapping:register:543 - Mapped "{[/selectCrowd/page2],methods=[GET]}" onto public java.lang.String SelectCrowdController.selectThemeList(org.springframework.ui.ModelMap,java.lang.String)
2018-08-14 18:02:01,472  INFO [main] o.s.w.s.m.m.a.RequestMappingHandlerMapping:register:543 - Mapped "{[/selectCrowd/selectCrowdCount],methods=[GET]}" onto public cn.koboro.offlineservice.pojo.vo.ResultVO SelectCrowdController.selectCrowdCount(java.lang.String,java.lang.String,java.lang.String,java.lang.String)
2018-08-14 18:02:01,473  INFO [main] o.s.w.s.m.m.a.RequestMappingHandlerMapping:register:543 - Mapped "{[/selectCrowd/themeList]}" onto public java.lang.String SelectCrowdController.themeList(org.springframework.ui.ModelMap)
2018-08-14 18:02:01,473  INFO [main] o.s.w.s.m.m.a.RequestMappingHandlerMapping:register:543 - Mapped "{[/selectCrowd/list],methods=[GET]}" onto public cn.koboro.offlineservice.pojo.vo.ResultVO SelectCrowdController.selectCrowdListAll(java.util.Map<java.lang.String, java.lang.String>)
2018-08-14 18:02:01,474  INFO [main] o.s.w.s.m.m.a.RequestMappingHandlerMapping:register:543 - Mapped "{[/sendAMessage/page],methods=[GET]}" onto public java.lang.String SendAMessageController.sendAMessage(org.springframework.ui.ModelMap,java.lang.String)
2018-08-14 18:02:01,475  INFO [main] o.s.w.s.m.m.a.RequestMappingHandlerMapping:register:543 - Mapped "{[/sendAMessage/sendAMessageList],methods=[GET]}" onto public java.lang.String SendAMessageController.sendAMessageList(java.util.Map<java.lang.String, java.lang.String>,org.springframework.ui.ModelMap) throws java.text.ParseException
2018-08-14 18:02:01,475  INFO [main] o.s.w.s.m.m.a.RequestMappingHandlerMapping:register:543 - Mapped "{[/sendAMessage/pageRecording],methods=[GET]}" onto public java.lang.String SendAMessageController.pendingCustomers2(org.springframework.ui.ModelMap,java.lang.String)
2018-08-14 18:02:01,476  INFO [main] o.s.w.s.m.m.a.RequestMappingHandlerMapping:register:543 - Mapped "{[/serviceAnalyze/list],methods=[GET]}" onto public java.lang.String ServiceAnalyzeController.list()
2018-08-14 18:02:01,477  INFO [main] o.s.w.s.m.m.a.RequestMappingHandlerMapping:register:543 - Mapped "{[/serviceAnalyze/selectAllData],methods=[GET]}" onto public cn.koboro.offlineservice.pojo.vo.ResultVO ServiceAnalyzeController.selectAllData(javax.servlet.http.HttpServletRequest,java.util.Map<java.lang.String, java.lang.Object>)
2018-08-14 18:02:01,478  INFO [main] o.s.w.s.m.m.a.RequestMappingHandlerMapping:register:543 - Mapped "{[/serviceAnalyze/findServiceDetail],methods=[GET]}" onto public cn.koboro.offlineservice.pojo.vo.ResultVO ServiceAnalyzeController.findServiceDetail(javax.servlet.http.HttpServletRequest,java.util.Map<java.lang.String, java.lang.Object>)
2018-08-14 18:02:01,478  INFO [main] o.s.w.s.m.m.a.RequestMappingHandlerMapping:register:543 - Mapped "{[/serviceAnalyze/serviceStatistics],methods=[GET]}" onto public java.lang.String ServiceAnalyzeController.serviceStatistics(javax.servlet.http.HttpServletRequest,java.util.Map<java.lang.String, java.lang.Object>,org.springframework.ui.ModelMap)
2018-08-14 18:02:01,479  INFO [main] o.s.w.s.m.m.a.RequestMappingHandlerMapping:register:543 - Mapped "{[/ServiceTask/index],methods=[GET]}" onto public java.lang.String ServiceTaskController.list(org.springframework.ui.ModelMap)
2018-08-14 18:02:01,480  INFO [main] o.s.w.s.m.m.a.RequestMappingHandlerMapping:register:543 - Mapped "{[/doctorSelectAll],methods=[GET]}" onto public java.util.Map ServiceTaskController.doctorSelectAll()
2018-08-14 18:02:01,480  INFO [main] o.s.w.s.m.m.a.RequestMappingHandlerMapping:register:543 - Mapped "{[/updatePageServiceTask],methods=[GET]}" onto public java.lang.String ServiceTaskController.updatePage(java.lang.String,org.springframework.ui.ModelMap)
2018-08-14 18:02:01,481  INFO [main] o.s.w.s.m.m.a.RequestMappingHandlerMapping:register:543 - Mapped "{[/upload],methods=[POST]}" onto public java.util.Map ServiceTaskController.upload(org.springframework.web.multipart.MultipartFile)
2018-08-14 18:02:01,481  INFO [main] o.s.w.s.m.m.a.RequestMappingHandlerMapping:register:543 - Mapped "{[/servicesAvailableSelectAll],methods=[GET]}" onto public java.util.Map ServiceTaskController.servicesAvailableSelectAll()
2018-08-14 18:02:01,482  INFO [main] o.s.w.s.m.m.a.RequestMappingHandlerMapping:register:543 - Mapped "{[/addServiceTaskController],methods=[GET]}" onto public java.lang.String ServiceTaskController.addServiceTaskController(java.lang.String[],java.lang.Integer[],java.lang.String[],java.lang.String[],java.lang.String[],java.lang.String[],java.lang.Integer[],java.lang.Integer[],java.lang.String[],java.lang.String[],java.lang.String[],java.lang.String[],java.lang.String[],java.lang.String[],java.util.Map<java.lang.String, java.lang.String>) throws java.text.ParseException
2018-08-14 18:02:01,482  INFO [main] o.s.w.s.m.m.a.RequestMappingHandlerMapping:register:543 - Mapped "{[/selectHealthThemeTemplate],methods=[GET]}" onto public java.util.Map ServiceTaskController.healthThemeTemplateSelectAll()
2018-08-14 18:02:01,483  INFO [main] o.s.w.s.m.m.a.RequestMappingHandlerMapping:register:543 - Mapped "{[/servicesGroupSelectAll],methods=[GET]}" onto public java.util.Map ServiceTaskController.servicesGroupSelectAll()
2018-08-14 18:02:01,483  INFO [main] o.s.w.s.m.m.a.RequestMappingHandlerMapping:register:543 - Mapped "{[/updServiceTaskController],methods=[GET]}" onto public java.lang.String ServiceTaskController.updServiceTaskController(java.lang.String[],java.lang.Integer[],java.lang.String[],java.lang.String[],java.lang.String[],java.lang.String[],java.lang.Integer[],java.lang.Integer[],java.lang.Integer[],java.lang.String[],java.lang.String[],java.lang.String[],java.lang.String[],java.lang.String[],java.lang.String[],java.util.Map<java.lang.String, java.lang.String>) throws java.text.ParseException
2018-08-14 18:02:01,483  INFO [main] o.s.w.s.m.m.a.RequestMappingHandlerMapping:register:543 - Mapped "{[/deleteServiceTaskById],methods=[POST]}" onto public java.lang.String ServiceTaskController.deleteServiceTaskById(java.lang.String)
2018-08-14 18:02:01,486  INFO [main] o.s.w.s.m.m.a.RequestMappingHandlerMapping:register:543 - Mapped "{[/todayServiceCustomers/detail],methods=[GET]}" onto public java.lang.String TodayServiceCustomersController.detail(javax.servlet.http.HttpServletRequest,org.springframework.ui.ModelMap,cn.koboro.offlineservice.pojo.entity.TodayServiceCustomers)
2018-08-14 18:02:01,487  INFO [main] o.s.w.s.m.m.a.RequestMappingHandlerMapping:register:543 - Mapped "{[/todayServiceCustomers/selectItem],methods=[GET]}" onto public java.lang.String TodayServiceCustomersController.selectItem(javax.servlet.http.HttpServletRequest,org.springframework.ui.ModelMap,java.util.Map<java.lang.String, java.lang.Object>)
2018-08-14 18:02:01,487  INFO [main] o.s.w.s.m.m.a.RequestMappingHandlerMapping:register:543 - Mapped "{[/todayServiceCustomers/abortMission],methods=[POST]}" onto public boolean TodayServiceCustomersController.abortMission(javax.servlet.http.HttpServletRequest,org.springframework.ui.ModelMap,java.util.Map<java.lang.String, java.lang.Object>)
2018-08-14 18:02:01,487  INFO [main] o.s.w.s.m.m.a.RequestMappingHandlerMapping:register:543 - Mapped "{[/todayServiceCustomers/printItems],methods=[GET]}" onto public java.lang.String TodayServiceCustomersController.printItems(javax.servlet.http.HttpServletRequest,org.springframework.ui.ModelMap,java.util.Map<java.lang.String, java.lang.Object>)
2018-08-14 18:02:01,488  INFO [main] o.s.w.s.m.m.a.RequestMappingHandlerMapping:register:543 - Mapped "{[/todayServiceCustomers/findDoctors],methods=[GET]}" onto public java.util.List<java.util.Map<java.lang.String, java.lang.Object>> TodayServiceCustomersController.findDoctors()
2018-08-14 18:02:01,488  INFO [main] o.s.w.s.m.m.a.RequestMappingHandlerMapping:register:543 - Mapped "{[/todayServiceCustomers/saveServiceItem],methods=[POST]}" onto public boolean TodayServiceCustomersController.saveServiceItem(javax.servlet.http.HttpServletRequest,org.springframework.ui.ModelMap,java.util.Map<java.lang.String, java.lang.Object>)
2018-08-14 18:02:01,488  INFO [main] o.s.w.s.m.m.a.RequestMappingHandlerMapping:register:543 - Mapped "{[/todayServiceCustomers/findOtherItem],methods=[GET]}" onto public java.util.List<java.util.Map<java.lang.String, java.lang.Object>> TodayServiceCustomersController.findOtherItem(javax.servlet.http.HttpServletRequest,org.springframework.ui.ModelMap,java.util.Map<java.lang.String, java.lang.Object>)
2018-08-14 18:02:01,488  INFO [main] o.s.w.s.m.m.a.RequestMappingHandlerMapping:register:543 - Mapped "{[/todayServiceCustomers/selectAll],methods=[GET]}" onto public java.lang.String TodayServiceCustomersController.selectAll(javax.servlet.http.HttpServletRequest,org.springframework.ui.ModelMap,java.util.Map<java.lang.String, java.lang.Object>)
2018-08-14 18:02:01,489  INFO [main] o.s.w.s.m.m.a.RequestMappingHandlerMapping:register:543 - Mapped "{[/todayServiceCustomers/selectCompletedList],methods=[GET]}" onto public java.lang.String TodayServiceCustomersController.selectCompletedList(javax.servlet.http.HttpServletRequest,org.springframework.ui.ModelMap,java.util.Map<java.lang.String, java.lang.Object>)
2018-08-14 18:02:01,489  INFO [main] o.s.w.s.m.m.a.RequestMappingHandlerMapping:register:543 - Mapped "{[/todayServiceCustomers/findServiceRecord],methods=[GET]}" onto public java.lang.String TodayServiceCustomersController.findServiceRecord(javax.servlet.http.HttpServletRequest,org.springframework.ui.ModelMap,java.util.Map<java.lang.String, java.lang.Object>)
2018-08-14 18:02:01,490  INFO [main] o.s.w.s.m.m.a.RequestMappingHandlerMapping:register:543 - Mapped "{[/todayServiceCustomers/findServiceRecordData],methods=[GET]}" onto public java.util.List<java.util.Map<java.lang.String, java.lang.Object>> TodayServiceCustomersController.findServiceRecordData(javax.servlet.http.HttpServletRequest,org.springframework.ui.ModelMap,java.util.Map<java.lang.String, java.lang.Object>)
2018-08-14 18:02:01,490  INFO [main] o.s.w.s.m.m.a.RequestMappingHandlerMapping:register:543 - Mapped "{[/todayServiceCustomers/findServiceCustomer],methods=[GET]}" onto public cn.koboro.offlineservice.pojo.vo.ResultVO TodayServiceCustomersController.findServiceCustomer(javax.servlet.http.HttpServletRequest,org.springframework.ui.ModelMap,java.util.Map<java.lang.String, java.lang.Object>)
2018-08-14 18:02:01,490  INFO [main] o.s.w.s.m.m.a.RequestMappingHandlerMapping:register:543 - Mapped "{[/todayServiceCustomers/selectDetailsList],methods=[GET]}" onto public java.lang.String TodayServiceCustomersController.selectDetailsList(org.springframework.ui.ModelMap,java.util.Map<java.lang.String, java.lang.Object>)
2018-08-14 18:02:01,491  INFO [main] o.s.w.s.m.m.a.RequestMappingHandlerMapping:register:543 - Mapped "{[/todayServiceCustomers/selectCompletedListAll],methods=[GET]}" onto public cn.koboro.offlineservice.pojo.vo.ResultVO TodayServiceCustomersController.selectCompletedListAll(java.util.Map<java.lang.String, java.lang.Object>)
2018-08-14 18:02:01,493  INFO [main] o.s.w.s.m.m.a.RequestMappingHandlerMapping:register:543 - Mapped "{[/error]}" onto public org.springframework.http.ResponseEntity<java.util.Map<java.lang.String, java.lang.Object>> org.springframework.boot.autoconfigure.web.BasicErrorController.error(javax.servlet.http.HttpServletRequest)
2018-08-14 18:02:01,493  INFO [main] o.s.w.s.m.m.a.RequestMappingHandlerMapping:register:543 - Mapped "{[/error],produces=[text/html]}" onto public org.springframework.web.servlet.ModelAndView org.springframework.boot.autoconfigure.web.BasicErrorController.errorHtml(javax.servlet.http.HttpServletRequest,javax.servlet.http.HttpServletResponse)
2018-08-14 18:02:01,513  INFO [main] o.s.w.s.h.SimpleUrlHandlerMapping:registerHandler:349 - Root mapping to handler of type [class org.springframework.web.servlet.mvc.ParameterizableViewController]
2018-08-14 18:02:01,529  INFO [main] o.s.w.s.h.SimpleUrlHandlerMapping:registerHandler:362 - Mapped URL path [/webjars/**] onto handler of type [class org.springframework.web.servlet.resource.ResourceHttpRequestHandler]
2018-08-14 18:02:01,530  INFO [main] o.s.w.s.h.SimpleUrlHandlerMapping:registerHandler:362 - Mapped URL path [/**] onto handler of type [class org.springframework.web.servlet.resource.ResourceHttpRequestHandler]
2018-08-14 18:02:01,558  INFO [main] o.s.w.s.m.m.a.ExceptionHandlerExceptionResolver:initExceptionHandlerAdviceCache:273 - Detected @ExceptionHandler methods in jsonExceptionHandle
2018-08-14 18:02:01,559  INFO [main] o.s.w.s.m.m.a.ExceptionHandlerExceptionResolver:initExceptionHandlerAdviceCache:273 - Detected @ExceptionHandler methods in pageExceptionHandle
2018-08-14 18:02:01,588  INFO [main] o.s.w.s.h.SimpleUrlHandlerMapping:registerHandler:362 - Mapped URL path [/**/favicon.ico] onto handler of type [class org.springframework.web.servlet.resource.ResourceHttpRequestHandler]
2018-08-14 18:02:01,700  INFO [main] t.m.m.a.MapperCacheDisabler:removeStaticCache:60 - Clear tk.mybatis.mapper.util.MsUtil CLASS_CACHE cache.
2018-08-14 18:02:01,701  INFO [main] t.m.m.a.MapperCacheDisabler:removeStaticCache:60 - Clear tk.mybatis.mapper.genid.GenIdUtil CACHE cache.
2018-08-14 18:02:01,702  INFO [main] t.m.m.a.MapperCacheDisabler:removeStaticCache:60 - Clear tk.mybatis.mapper.version.VersionUtil CACHE cache.
2018-08-14 18:02:01,703  INFO [main] t.m.m.a.MapperCacheDisabler:removeEntityHelperCache:83 - Clear EntityHelper entityTableMap cache.
2018-08-14 18:02:02,619  INFO [main] o.s.b.d.a.OptionalLiveReloadServer:startServer:58 - LiveReload server is running on port 35729
2018-08-14 18:02:02,762  INFO [main] o.s.j.e.a.AnnotationMBeanExporter:afterSingletonsInstantiated:431 - Registering beans for JMX exposure on startup
2018-08-14 18:02:02,825  INFO [main] o.a.c.h.Http11NioProtocol:log:179 - Initializing ProtocolHandler ["http-nio-8083"]
2018-08-14 18:02:02,865  INFO [main] o.a.c.h.Http11NioProtocol:log:179 - Starting ProtocolHandler ["http-nio-8083"]
2018-08-14 18:02:02,918  INFO [main] o.a.t.u.n.NioSelectorPool:log:179 - Using a shared selector for servlet write/read
2018-08-14 18:02:03,069  INFO [main] o.s.b.c.e.t.TomcatEmbeddedServletContainer:start:201 - Tomcat started on port(s): 8083 (http)
2018-08-14 18:02:03,096  INFO [main] c.k.o.StartApplication:logStarted:57 - Started StartApplication in 13.527 seconds (JVM running for 17.051)
2018-08-14 18:02:48,965  INFO [http-nio-8083-exec-8] o.a.c.c.C.[.[.[/offlineService]:log:179 - Initializing Spring FrameworkServlet 'dispatcherServlet'
2018-08-14 18:02:48,966  INFO [http-nio-8083-exec-8] o.s.w.s.DispatcherServlet:initServletBean:489 - FrameworkServlet 'dispatcherServlet': initialization started
2018-08-14 18:02:49,003  INFO [http-nio-8083-exec-8] o.s.w.s.DispatcherServlet:initServletBean:508 - FrameworkServlet 'dispatcherServlet': initialization completed in 37 ms
2018-08-14 18:02:56,810 DEBUG [http-nio-8083-exec-1] c.k.o.r.H.findDoctorByLoginName:debug:159 - ==>  Preparing: SELECT acs.id,kd.doctor_type,kd.doctor_name FROM koboro_doctor kd JOIN acs_user acs ON kd.doctor_id=acs.id where acs.login_name=? 
2018-08-14 18:02:56,870 DEBUG [http-nio-8083-exec-1] c.k.o.r.H.findDoctorByLoginName:debug:159 - ==> Parameters: test1(String)
2018-08-14 18:02:56,907 DEBUG [http-nio-8083-exec-1] c.k.o.r.H.findDoctorByLoginName:debug:159 - <==      Total: 1
2018-08-14 18:02:57,736 DEBUG [http-nio-8083-exec-7] c.k.o.r.H.findDoctorByLoginName:debug:159 - ==>  Preparing: SELECT acs.id,kd.doctor_type,kd.doctor_name FROM koboro_doctor kd JOIN acs_user acs ON kd.doctor_id=acs.id where acs.login_name=? 
2018-08-14 18:02:57,737 DEBUG [http-nio-8083-exec-7] c.k.o.r.H.findDoctorByLoginName:debug:159 - ==> Parameters: test1(String)
2018-08-14 18:02:57,740 DEBUG [http-nio-8083-exec-7] c.k.o.r.H.findDoctorByLoginName:debug:159 - <==      Total: 1
2018-08-14 18:02:57,774 DEBUG [http-nio-8083-exec-7] c.k.o.r.T.findTasksByLoginNameAndDate:debug:159 - ==>  Preparing: SELECT t.* FROM offline_service_health_theme_service_item_join_doctor d JOIN offline_service_health_theme_task t ON d.theme_task_id = t.id WHERE doctor_id = ? AND DATE(t.service_start_time) <= DATE(?) AND DATE(?) <= DATE(t.service_end_time) 
2018-08-14 18:02:57,775 DEBUG [http-nio-8083-exec-7] c.k.o.r.T.findTasksByLoginNameAndDate:debug:159 - ==> Parameters: 776(Integer), 2018-08-14(String), 2018-08-14(String)
2018-08-14 18:02:57,783 DEBUG [http-nio-8083-exec-7] c.k.o.r.T.findTasksByLoginNameAndDate:debug:159 - <==      Total: 2
2018-08-14 18:02:57,797 DEBUG [http-nio-8083-exec-7] c.k.o.r.R.findReservationTimeByTaskId:debug:159 - ==>  Preparing: SELECT * FROM offline_service_reservation_time WHERE theme_task_id=? 
2018-08-14 18:02:57,798 DEBUG [http-nio-8083-exec-7] c.k.o.r.R.findReservationTimeByTaskId:debug:159 - ==> Parameters: 11(Integer)
2018-08-14 18:02:57,801 DEBUG [http-nio-8083-exec-7] c.k.o.r.R.findReservationTimeByTaskId:debug:159 - <==      Total: 2
2018-08-14 18:02:57,806 DEBUG [http-nio-8083-exec-7] c.k.o.r.T.findStatusCustomersByTaskId:debug:159 - ==>  Preparing: SELECT * FROM offline_service_today_service_customers WHERE theme_task_id=? 
2018-08-14 18:02:57,808 DEBUG [http-nio-8083-exec-7] c.k.o.r.T.findStatusCustomersByTaskId:debug:159 - ==> Parameters: 11(Integer)
2018-08-14 18:02:57,815 DEBUG [http-nio-8083-exec-7] c.k.o.r.T.findStatusCustomersByTaskId:debug:159 - <==      Total: 11
2018-08-14 18:02:58,002 DEBUG [http-nio-8083-exec-9] c.k.o.r.H.selectAllByThemeName_COUNT:debug:159 - ==>  Preparing: SELECT count(0) FROM offline_service_health_theme_template WHERE 1 = 1 
2018-08-14 18:02:58,003 DEBUG [http-nio-8083-exec-9] c.k.o.r.H.selectAllByThemeName_COUNT:debug:159 - ==> Parameters: 
2018-08-14 18:02:58,007 DEBUG [http-nio-8083-exec-9] c.k.o.r.H.selectAllByThemeName_COUNT:debug:159 - <==      Total: 1
2018-08-14 18:02:58,010 DEBUG [http-nio-8083-exec-9] c.k.o.r.H.selectAllByThemeName:debug:159 - ==>  Preparing: SELECT * FROM offline_service_health_theme_template where 1=1 LIMIT ? 
2018-08-14 18:02:58,010 DEBUG [http-nio-8083-exec-9] c.k.o.r.H.selectAllByThemeName:debug:159 - ==> Parameters: 10(Integer)
2018-08-14 18:02:58,015 DEBUG [http-nio-8083-exec-9] c.k.o.r.H.selectAllByThemeName:debug:159 - <==      Total: 3
2018-08-14 18:02:58,691 DEBUG [http-nio-8083-exec-8] c.k.o.r.T.findCustomersByTaskId_COUNT:debug:159 - ==>  Preparing: SELECT count(0) FROM offline_service_today_service_customers WHERE theme_task_id = ? AND status = ? 
2018-08-14 18:02:58,692 DEBUG [http-nio-8083-exec-8] c.k.o.r.T.findCustomersByTaskId_COUNT:debug:159 - ==> Parameters: 11(Integer), 0(Integer)
2018-08-14 18:02:58,695 DEBUG [http-nio-8083-exec-8] c.k.o.r.T.findCustomersByTaskId_COUNT:debug:159 - <==      Total: 1
2018-08-14 18:02:58,703 DEBUG [http-nio-8083-exec-8] c.k.o.r.T.findCustomersByTaskId:debug:159 - ==>  Preparing: SELECT * FROM offline_service_today_service_customers WHERE theme_task_id=? AND status=? LIMIT ? 
2018-08-14 18:02:58,705 DEBUG [http-nio-8083-exec-8] c.k.o.r.T.findCustomersByTaskId:debug:159 - ==> Parameters: 11(Integer), 0(Integer), 10(Integer)
2018-08-14 18:02:58,712 DEBUG [http-nio-8083-exec-8] c.k.o.r.T.findCustomersByTaskId:debug:159 - <==      Total: 9
2018-08-14 18:02:58,729 DEBUG [http-nio-8083-exec-8] c.k.o.r.T.findCompleteDetail:debug:159 - ==>  Preparing: SELECT COUNT(*) number,status FROM offline_service_today_service_customers_item WHERE theme_task_id=? AND archival_number =? GROUP BY STATUS 
2018-08-14 18:02:58,731 DEBUG [http-nio-8083-exec-8] c.k.o.r.T.findCompleteDetail:debug:159 - ==> Parameters: 11(Integer), 20161220000002(String)
2018-08-14 18:02:58,734 DEBUG [http-nio-8083-exec-8] c.k.o.r.T.findCompleteDetail:debug:159 - <==      Total: 0
2018-08-14 18:02:58,739 DEBUG [http-nio-8083-exec-8] c.k.o.r.T.findCompleteDetail:debug:159 - ==>  Preparing: SELECT COUNT(*) number,status FROM offline_service_today_service_customers_item WHERE theme_task_id=? AND archival_number =? GROUP BY STATUS 
2018-08-14 18:02:58,740 DEBUG [http-nio-8083-exec-8] c.k.o.r.T.findCompleteDetail:debug:159 - ==> Parameters: 11(Integer), 20161220000003(String)
2018-08-14 18:02:58,743 DEBUG [http-nio-8083-exec-8] c.k.o.r.T.findCompleteDetail:debug:159 - <==      Total: 0
2018-08-14 18:02:58,748 DEBUG [http-nio-8083-exec-8] c.k.o.r.T.findCompleteDetail:debug:159 - ==>  Preparing: SELECT COUNT(*) number,status FROM offline_service_today_service_customers_item WHERE theme_task_id=? AND archival_number =? GROUP BY STATUS 
2018-08-14 18:02:58,749 DEBUG [http-nio-8083-exec-8] c.k.o.r.T.findCompleteDetail:debug:159 - ==> Parameters: 11(Integer), 20161220000004(String)
2018-08-14 18:02:58,751 DEBUG [http-nio-8083-exec-8] c.k.o.r.T.findCompleteDetail:debug:159 - <==      Total: 0
2018-08-14 18:02:58,756 DEBUG [http-nio-8083-exec-8] c.k.o.r.T.findCompleteDetail:debug:159 - ==>  Preparing: SELECT COUNT(*) number,status FROM offline_service_today_service_customers_item WHERE theme_task_id=? AND archival_number =? GROUP BY STATUS 
2018-08-14 18:02:58,757 DEBUG [http-nio-8083-exec-8] c.k.o.r.T.findCompleteDetail:debug:159 - ==> Parameters: 11(Integer), 20161220000005(String)
2018-08-14 18:02:58,763 DEBUG [http-nio-8083-exec-8] c.k.o.r.T.findCompleteDetail:debug:159 - <==      Total: 0
2018-08-14 18:02:58,769 DEBUG [http-nio-8083-exec-8] c.k.o.r.T.findCompleteDetail:debug:159 - ==>  Preparing: SELECT COUNT(*) number,status FROM offline_service_today_service_customers_item WHERE theme_task_id=? AND archival_number =? GROUP BY STATUS 
2018-08-14 18:02:58,770 DEBUG [http-nio-8083-exec-8] c.k.o.r.T.findCompleteDetail:debug:159 - ==> Parameters: 11(Integer), 20161220000006(String)
2018-08-14 18:02:58,773 DEBUG [http-nio-8083-exec-8] c.k.o.r.T.findCompleteDetail:debug:159 - <==      Total: 0
2018-08-14 18:02:58,778 DEBUG [http-nio-8083-exec-8] c.k.o.r.T.findCompleteDetail:debug:159 - ==>  Preparing: SELECT COUNT(*) number,status FROM offline_service_today_service_customers_item WHERE theme_task_id=? AND archival_number =? GROUP BY STATUS 
2018-08-14 18:02:58,779 DEBUG [http-nio-8083-exec-8] c.k.o.r.T.findCompleteDetail:debug:159 - ==> Parameters: 11(Integer), 20161220000007(String)
2018-08-14 18:02:58,782 DEBUG [http-nio-8083-exec-8] c.k.o.r.T.findCompleteDetail:debug:159 - <==      Total: 0
2018-08-14 18:02:58,790 DEBUG [http-nio-8083-exec-8] c.k.o.r.T.findCompleteDetail:debug:159 - ==>  Preparing: SELECT COUNT(*) number,status FROM offline_service_today_service_customers_item WHERE theme_task_id=? AND archival_number =? GROUP BY STATUS 
2018-08-14 18:02:58,791 DEBUG [http-nio-8083-exec-8] c.k.o.r.T.findCompleteDetail:debug:159 - ==> Parameters: 11(Integer), 20161220000008(String)
2018-08-14 18:02:58,794 DEBUG [http-nio-8083-exec-8] c.k.o.r.T.findCompleteDetail:debug:159 - <==      Total: 0
2018-08-14 18:02:58,800 DEBUG [http-nio-8083-exec-8] c.k.o.r.T.findCompleteDetail:debug:159 - ==>  Preparing: SELECT COUNT(*) number,status FROM offline_service_today_service_customers_item WHERE theme_task_id=? AND archival_number =? GROUP BY STATUS 
2018-08-14 18:02:58,802 DEBUG [http-nio-8083-exec-8] c.k.o.r.T.findCompleteDetail:debug:159 - ==> Parameters: 11(Integer), 20161220000009(String)
2018-08-14 18:02:58,805 DEBUG [http-nio-8083-exec-8] c.k.o.r.T.findCompleteDetail:debug:159 - <==      Total: 0
2018-08-14 18:02:58,812 DEBUG [http-nio-8083-exec-8] c.k.o.r.T.findCompleteDetail:debug:159 - ==>  Preparing: SELECT COUNT(*) number,status FROM offline_service_today_service_customers_item WHERE theme_task_id=? AND archival_number =? GROUP BY STATUS 
2018-08-14 18:02:58,813 DEBUG [http-nio-8083-exec-8] c.k.o.r.T.findCompleteDetail:debug:159 - ==> Parameters: 11(Integer), 20161220000010(String)
2018-08-14 18:02:58,815 DEBUG [http-nio-8083-exec-8] c.k.o.r.T.findCompleteDetail:debug:159 - <==      Total: 0
2018-08-14 18:03:03,443 DEBUG [http-nio-8083-exec-3] c.k.o.r.S.selectAllData_COUNT:debug:159 - ==>  Preparing: SELECT count(0) FROM (SELECT a.*, COUNT(ci.id) serviceNumber FROM (SELECT t.*, COUNT(c.id) number FROM offline_service_health_theme_task t LEFT JOIN offline_service_today_service_customers c ON t.id = c.theme_task_id LEFT JOIN offline_service_health_theme_template te ON te.id = t.theme_id WHERE 1 = 1 GROUP BY t.id) a LEFT JOIN offline_service_today_service_customers_item ci ON a.id = ci.theme_task_id AND ci.STATUS = 1 GROUP BY a.id) table_count 
2018-08-14 18:03:03,444 DEBUG [http-nio-8083-exec-3] c.k.o.r.S.selectAllData_COUNT:debug:159 - ==> Parameters: 
2018-08-14 18:03:03,450 DEBUG [http-nio-8083-exec-3] c.k.o.r.S.selectAllData_COUNT:debug:159 - <==      Total: 1
2018-08-14 18:03:03,452 DEBUG [http-nio-8083-exec-3] c.k.o.r.S.selectAllData:debug:159 - ==>  Preparing: SELECT a.*, COUNT(ci.id) serviceNumber FROM (SELECT t.*, COUNT(c.id) number FROM offline_service_health_theme_task t LEFT JOIN offline_service_today_service_customers c ON t.id = c.theme_task_id LEFT JOIN offline_service_health_theme_template te ON te.id = t.theme_id WHERE 1 = 1 GROUP BY t.id) a LEFT JOIN offline_service_today_service_customers_item ci ON a.id = ci.theme_task_id AND ci.STATUS = 1 GROUP BY a.id LIMIT ? 
2018-08-14 18:03:03,452 DEBUG [http-nio-8083-exec-3] c.k.o.r.S.selectAllData:debug:159 - ==> Parameters: 10(Integer)
2018-08-14 18:03:03,460 DEBUG [http-nio-8083-exec-3] c.k.o.r.S.selectAllData:debug:159 - <==      Total: 1
2018-08-14 18:03:06,044 DEBUG [http-nio-8083-exec-10] c.k.o.r.H.selectAllTasks_COUNT:debug:159 - ==>  Preparing: SELECT count(0) FROM (SELECT t.*, GROUP_CONCAT(i.service_project) serviceProjects FROM offline_service_health_theme_task t LEFT JOIN offline_service_health_theme_service_item i ON t.id = i.theme_task_id WHERE 1 = 1 GROUP BY t.id) table_count 
2018-08-14 18:03:06,045 DEBUG [http-nio-8083-exec-10] c.k.o.r.H.selectAllTasks_COUNT:debug:159 - ==> Parameters: 
2018-08-14 18:03:06,058 DEBUG [http-nio-8083-exec-10] c.k.o.r.H.selectAllTasks_COUNT:debug:159 - <==      Total: 1
2018-08-14 18:03:06,062 DEBUG [http-nio-8083-exec-10] c.k.o.r.H.selectAllTasks:debug:159 - ==>  Preparing: SELECT t.*, GROUP_CONCAT(i.service_project) serviceProjects FROM offline_service_health_theme_task t LEFT JOIN offline_service_health_theme_service_item i ON t.id = i.theme_task_id WHERE 1=1 GROUP BY t.id LIMIT ? 
2018-08-14 18:03:06,063 DEBUG [http-nio-8083-exec-10] c.k.o.r.H.selectAllTasks:debug:159 - ==> Parameters: 10(Integer)
2018-08-14 18:03:06,078 DEBUG [http-nio-8083-exec-10] c.k.o.r.H.selectAllTasks:debug:159 - <==      Total: 1
