2018-08-16 10:48:19,493  INFO [main] c.k.o.StartApplication:logStarting:48 - Starting StartApplication on DESKTOP-DKMTUNR with PID 7612 (D:\project\kbr-offlineService\target\classes started by admin in D:\project\kbr-offlineService)
2018-08-16 10:48:19,495  INFO [main] c.k.o.StartApplication:logStartupProfileInfo:597 - The following profiles are active: dev
2018-08-16 10:48:19,660  INFO [main] o.s.b.c.e.AnnotationConfigEmbeddedWebApplicationContext:prepareRefresh:583 - Refreshing org.springframework.boot.context.embedded.AnnotationConfigEmbeddedWebApplicationContext@3f0846c6: startup date [Thu Aug 16 10:48:19 CST 2018]; root of context hierarchy
2018-08-16 10:48:20,147  INFO [background-preinit] o.h.v.i.u.Version:<clinit>:30 - HV000001: Hibernate Validator 5.3.6.Final
2018-08-16 10:48:22,402  WARN [main] o.s.c.a.ClassPathScanningCandidateComponentProvider:doScan:142 - No MyBatis mapper was found in '[cn.koboro.offlineservice]' package. Please check your configuration.
2018-08-16 10:48:22,542  WARN [main] o.s.c.a.ClassPathScanningCandidateComponentProvider:doScan:166 - No MyBatis mapper was found in '[cn.koboro.offlineservice]' package. Please check your configuration.
2018-08-16 10:48:23,725  INFO [main] o.s.c.s.PostProcessorRegistrationDelegate$BeanPostProcessorChecker:postProcessAfterInitialization:327 - Bean 'shiroCasConfiguration' of type [cn.koboro.offlineservice.configuration.ShiroCasConfiguration$$EnhancerBySpringCGLIB$$54a759d6] is not eligible for getting processed by all BeanPostProcessors (for example: not eligible for auto-proxying)
2018-08-16 10:48:23,905  INFO [main] o.s.c.s.PostProcessorRegistrationDelegate$BeanPostProcessorChecker:postProcessAfterInitialization:327 - Bean 'securityManager' of type [org.apache.shiro.web.mgt.DefaultWebSecurityManager] is not eligible for getting processed by all BeanPostProcessors (for example: not eligible for auto-proxying)
2018-08-16 10:48:23,924  INFO [main] o.s.c.s.PostProcessorRegistrationDelegate$BeanPostProcessorChecker:postProcessAfterInitialization:327 - Bean 'casFilter' of type [org.apache.shiro.cas.CasFilter] is not eligible for getting processed by all BeanPostProcessors (for example: not eligible for auto-proxying)
2018-08-16 10:48:24,263  INFO [main] o.s.c.s.PostProcessorRegistrationDelegate$BeanPostProcessorChecker:postProcessAfterInitialization:327 - Bean 'org.springframework.transaction.annotation.ProxyTransactionManagementConfiguration' of type [org.springframework.transaction.annotation.ProxyTransactionManagementConfiguration$$EnhancerBySpringCGLIB$$85822f6] is not eligible for getting processed by all BeanPostProcessors (for example: not eligible for auto-proxying)
2018-08-16 10:48:25,969  INFO [main] o.s.b.c.e.t.TomcatEmbeddedServletContainer:initialize:89 - Tomcat initialized with port(s): 8083 (http)
2018-08-16 10:48:26,000  INFO [main] o.a.c.c.StandardService:log:179 - Starting service [Tomcat]
2018-08-16 10:48:26,002  INFO [main] o.a.c.c.StandardEngine:log:179 - Starting Servlet Engine: Apache Tomcat/8.5.23
2018-08-16 10:48:26,616  INFO [localhost-startStop-1] o.a.j.s.TldScanner:log:179 - At least one JAR was scanned for TLDs yet contained no TLDs. Enable debug logging for this logger for a complete list of JARs that were scanned but no TLDs were found in them. Skipping unneeded JARs during scanning can improve startup time and JSP compilation time.
2018-08-16 10:48:26,633  INFO [localhost-startStop-1] o.a.c.c.C.[.[.[/offlineService]:log:179 - Initializing Spring embedded WebApplicationContext
2018-08-16 10:48:26,633  INFO [localhost-startStop-1] o.s.w.c.ContextLoader:prepareEmbeddedWebApplicationContext:276 - Root WebApplicationContext: initialization completed in 6973 ms
2018-08-16 10:48:27,054  INFO [localhost-startStop-1] o.s.b.w.s.FilterRegistrationBean:configure:258 - Mapping filter: 'characterEncodingFilter' to: [/*]
2018-08-16 10:48:27,055  INFO [localhost-startStop-1] o.s.b.w.s.FilterRegistrationBean:configure:258 - Mapping filter: 'hiddenHttpMethodFilter' to: [/*]
2018-08-16 10:48:27,055  INFO [localhost-startStop-1] o.s.b.w.s.FilterRegistrationBean:configure:258 - Mapping filter: 'httpPutFormContentFilter' to: [/*]
2018-08-16 10:48:27,056  INFO [localhost-startStop-1] o.s.b.w.s.FilterRegistrationBean:configure:258 - Mapping filter: 'requestContextFilter' to: [/*]
2018-08-16 10:48:27,056  INFO [localhost-startStop-1] o.s.b.w.s.FilterRegistrationBean:configure:271 - Mapping filter: 'delegatingFilterProxy' to urls: [/*]
2018-08-16 10:48:27,056  INFO [localhost-startStop-1] o.s.b.w.s.FilterRegistrationBean:configure:258 - Mapping filter: 'casFilter' to: [/*]
2018-08-16 10:48:27,057  INFO [localhost-startStop-1] o.s.b.w.s.FilterRegistrationBean:configure:258 - Mapping filter: 'shiroFilter' to: [/*]
2018-08-16 10:48:27,060  INFO [localhost-startStop-1] o.s.b.w.s.ServletRegistrationBean:onStartup:190 - Mapping servlet: 'dispatcherServlet' to [/]
2018-08-16 10:48:31,960  INFO [main] o.s.w.s.m.m.a.RequestMappingHandlerAdapter:initControllerAdviceCache:534 - Looking for @ControllerAdvice: org.springframework.boot.context.embedded.AnnotationConfigEmbeddedWebApplicationContext@3f0846c6: startup date [Thu Aug 16 10:48:19 CST 2018]; root of context hierarchy
2018-08-16 10:48:32,064  INFO [main] o.s.w.s.m.m.a.RequestMappingHandlerMapping:register:543 - Mapped "{[/demo/findAll]}" onto public java.lang.String DemoController.findAll(javax.servlet.http.HttpServletRequest,org.springframework.ui.ModelMap)
2018-08-16 10:48:32,091  INFO [main] o.s.w.s.m.m.a.RequestMappingHandlerMapping:register:543 - Mapped "{[/healthThemeTask/publish],methods=[POST]}" onto public cn.koboro.offlineservice.pojo.vo.ResultVO HealthThemeTaskController.publish(javax.servlet.http.HttpServletRequest,org.springframework.ui.ModelMap,java.lang.String,java.lang.String)
2018-08-16 10:48:32,093  INFO [main] o.s.w.s.m.m.a.RequestMappingHandlerMapping:register:543 - Mapped "{[/healthThemeTask/selectReleaseTime],methods=[GET]}" onto public java.lang.String HealthThemeTaskController.selectReleaseTime(javax.servlet.http.HttpServletRequest,org.springframework.ui.ModelMap,java.lang.String)
2018-08-16 10:48:32,095  INFO [main] o.s.w.s.m.m.a.RequestMappingHandlerMapping:register:543 - Mapped "{[/healthThemeTask/selectAll],methods=[GET]}" onto public java.lang.String HealthThemeTaskController.selectAll(javax.servlet.http.HttpServletRequest,org.springframework.ui.ModelMap,java.util.Map<java.lang.String, java.lang.Object>)
2018-08-16 10:48:32,095  INFO [main] o.s.w.s.m.m.a.RequestMappingHandlerMapping:register:543 - Mapped "{[/healthThemeTask/findAllTask],methods=[GET]}" onto public cn.koboro.offlineservice.pojo.vo.ResultVO HealthThemeTaskController.findAllTask(javax.servlet.http.HttpServletRequest,org.springframework.ui.ModelMap,java.util.Map<java.lang.String, java.lang.Object>)
2018-08-16 10:48:32,097  INFO [main] o.s.w.s.m.m.a.RequestMappingHandlerMapping:register:543 - Mapped "{[/healthTheme/add],methods=[GET]}" onto public java.lang.String HealthThemeTemplateController.add(javax.servlet.http.HttpServletRequest,org.springframework.ui.ModelMap)
2018-08-16 10:48:32,098  INFO [main] o.s.w.s.m.m.a.RequestMappingHandlerMapping:register:543 - Mapped "{[/healthTheme/save],methods=[POST]}" onto public cn.koboro.offlineservice.pojo.vo.ResultVO HealthThemeTemplateController.save(javax.servlet.http.HttpServletRequest,org.springframework.ui.ModelMap,cn.koboro.offlineservice.pojo.entity.HealthThemeTemplate)
2018-08-16 10:48:32,098  INFO [main] o.s.w.s.m.m.a.RequestMappingHandlerMapping:register:543 - Mapped "{[/healthTheme/saveUpdate],methods=[POST]}" onto public cn.koboro.offlineservice.pojo.vo.ResultVO HealthThemeTemplateController.saveUpdate(javax.servlet.http.HttpServletRequest,org.springframework.ui.ModelMap,cn.koboro.offlineservice.pojo.entity.HealthThemeTemplate)
2018-08-16 10:48:32,098  INFO [main] o.s.w.s.m.m.a.RequestMappingHandlerMapping:register:543 - Mapped "{[/healthTheme/updateById],methods=[GET]}" onto public java.lang.String HealthThemeTemplateController.updateById(javax.servlet.http.HttpServletRequest,org.springframework.ui.ModelMap,cn.koboro.offlineservice.pojo.entity.HealthThemeTemplate)
2018-08-16 10:48:32,099  INFO [main] o.s.w.s.m.m.a.RequestMappingHandlerMapping:register:543 - Mapped "{[/healthTheme/deleteById],methods=[POST]}" onto public cn.koboro.offlineservice.pojo.vo.ResultVO HealthThemeTemplateController.deleteById(javax.servlet.http.HttpServletRequest,org.springframework.ui.ModelMap,java.lang.String)
2018-08-16 10:48:32,099  INFO [main] o.s.w.s.m.m.a.RequestMappingHandlerMapping:register:543 - Mapped "{[/healthTheme/findTemplate],methods=[GET]}" onto public cn.koboro.offlineservice.pojo.vo.ResultVO HealthThemeTemplateController.findTemplate(javax.servlet.http.HttpServletRequest,java.lang.String)
2018-08-16 10:48:32,100  INFO [main] o.s.w.s.m.m.a.RequestMappingHandlerMapping:register:543 - Mapped "{[/healthTheme/selectAll],methods=[GET]}" onto public java.lang.String HealthThemeTemplateController.selectAll(javax.servlet.http.HttpServletRequest,org.springframework.ui.ModelMap)
2018-08-16 10:48:32,101  INFO [main] o.s.w.s.m.m.a.RequestMappingHandlerMapping:register:543 - Mapped "{[/menu/add],methods=[GET || POST]}" onto public java.lang.String MenuPageController.add()
2018-08-16 10:48:32,102  INFO [main] o.s.w.s.m.m.a.RequestMappingHandlerMapping:register:543 - Mapped "{[/menu/list],methods=[GET || POST]}" onto public java.lang.String MenuPageController.list(org.springframework.ui.ModelMap)
2018-08-16 10:48:32,102  INFO [main] o.s.w.s.m.m.a.RequestMappingHandlerMapping:register:543 - Mapped "{[/menu/iframe],methods=[GET || POST]}" onto public java.lang.String MenuPageController.testIframe()
2018-08-16 10:48:32,105  INFO [main] o.s.w.s.m.m.a.RequestMappingHandlerMapping:register:543 - Mapped "{[/pendingcustomers/list],methods=[GET]}" onto public cn.koboro.offlineservice.pojo.vo.ResultVO PendingCustomersController.pendingCustomerslist(org.springframework.ui.ModelMap,java.util.Map<java.lang.String, java.lang.String>)
2018-08-16 10:48:32,107  INFO [main] o.s.w.s.m.m.a.RequestMappingHandlerMapping:register:543 - Mapped "{[/pendingcustomers/selectCustomize],methods=[GET]}" onto public java.lang.String PendingCustomersController.selectCustomize(org.springframework.ui.ModelMap,java.util.Map<java.lang.String, java.lang.String>)
2018-08-16 10:48:32,107  INFO [main] o.s.w.s.m.m.a.RequestMappingHandlerMapping:register:543 - Mapped "{[/pendingcustomers/customizeList],methods=[GET]}" onto public cn.koboro.offlineservice.pojo.vo.ResultVO PendingCustomersController.customizeList(org.springframework.ui.ModelMap,java.util.Map<java.lang.String, java.lang.String>)
2018-08-16 10:48:32,108  INFO [main] o.s.w.s.m.m.a.RequestMappingHandlerMapping:register:543 - Mapped "{[/pendingcustomers/saveCustomize],methods=[GET]}" onto public java.lang.String PendingCustomersController.saveCustomize(java.util.Map<java.lang.String, java.lang.String>)
2018-08-16 10:48:32,109  INFO [main] o.s.w.s.m.m.a.RequestMappingHandlerMapping:register:543 - Mapped "{[/pendingcustomers/page],methods=[GET]}" onto public java.lang.String PendingCustomersController.pendingCustomers(org.springframework.ui.ModelMap,java.util.Map<java.lang.String, java.lang.String>)
2018-08-16 10:48:32,110  INFO [main] o.s.w.s.m.m.a.RequestMappingHandlerMapping:register:543 - Mapped "{[/pendingcustomers/customizePage],methods=[GET]}" onto public java.lang.String PendingCustomersController.customizePage(org.springframework.ui.ModelMap,java.util.Map<java.lang.String, java.lang.String>)
2018-08-16 10:48:32,119  INFO [main] o.s.w.s.m.m.a.RequestMappingHandlerMapping:register:543 - Mapped "{[/selectCrowd/selectCrowdCount],methods=[GET]}" onto public cn.koboro.offlineservice.pojo.vo.ResultVO SelectCrowdController.selectCrowdCount(java.lang.String,java.lang.String,java.lang.String,java.lang.String)
2018-08-16 10:48:32,119  INFO [main] o.s.w.s.m.m.a.RequestMappingHandlerMapping:register:543 - Mapped "{[/selectCrowd/page2],methods=[GET]}" onto public java.lang.String SelectCrowdController.selectThemeList(org.springframework.ui.ModelMap,java.lang.String)
2018-08-16 10:48:32,119  INFO [main] o.s.w.s.m.m.a.RequestMappingHandlerMapping:register:543 - Mapped "{[/selectCrowd/themeList]}" onto public java.lang.String SelectCrowdController.themeList(org.springframework.ui.ModelMap)
2018-08-16 10:48:32,120  INFO [main] o.s.w.s.m.m.a.RequestMappingHandlerMapping:register:543 - Mapped "{[/selectCrowd/page],methods=[GET]}" onto public java.lang.String SelectCrowdController.selectCrowdList(org.springframework.ui.ModelMap,java.lang.String)
2018-08-16 10:48:32,120  INFO [main] o.s.w.s.m.m.a.RequestMappingHandlerMapping:register:543 - Mapped "{[/selectCrowd/list],methods=[GET]}" onto public cn.koboro.offlineservice.pojo.vo.ResultVO SelectCrowdController.selectCrowdListAll(java.util.Map<java.lang.String, java.lang.String>)
2018-08-16 10:48:32,121  INFO [main] o.s.w.s.m.m.a.RequestMappingHandlerMapping:register:543 - Mapped "{[/sendAMessage/page],methods=[GET]}" onto public java.lang.String SendAMessageController.sendAMessage(org.springframework.ui.ModelMap,java.lang.String)
2018-08-16 10:48:32,122  INFO [main] o.s.w.s.m.m.a.RequestMappingHandlerMapping:register:543 - Mapped "{[/sendAMessage/sendAMessageList],methods=[GET]}" onto public java.lang.String SendAMessageController.sendAMessageList(java.util.Map<java.lang.String, java.lang.String>,org.springframework.ui.ModelMap) throws java.text.ParseException
2018-08-16 10:48:32,122  INFO [main] o.s.w.s.m.m.a.RequestMappingHandlerMapping:register:543 - Mapped "{[/sendAMessage/pageRecording],methods=[GET]}" onto public java.lang.String SendAMessageController.pendingCustomers2(org.springframework.ui.ModelMap,java.lang.String)
2018-08-16 10:48:32,127  INFO [main] o.s.w.s.m.m.a.RequestMappingHandlerMapping:register:543 - Mapped "{[/serviceAnalyze/list],methods=[GET]}" onto public java.lang.String ServiceAnalyzeController.list()
2018-08-16 10:48:32,128  INFO [main] o.s.w.s.m.m.a.RequestMappingHandlerMapping:register:543 - Mapped "{[/serviceAnalyze/selectAllData],methods=[GET]}" onto public cn.koboro.offlineservice.pojo.vo.ResultVO ServiceAnalyzeController.selectAllData(javax.servlet.http.HttpServletRequest,java.util.Map<java.lang.String, java.lang.Object>)
2018-08-16 10:48:32,128  INFO [main] o.s.w.s.m.m.a.RequestMappingHandlerMapping:register:543 - Mapped "{[/serviceAnalyze/serviceStatistics],methods=[GET]}" onto public java.lang.String ServiceAnalyzeController.serviceStatistics(javax.servlet.http.HttpServletRequest,java.util.Map<java.lang.String, java.lang.Object>,org.springframework.ui.ModelMap)
2018-08-16 10:48:32,130  INFO [main] o.s.w.s.m.m.a.RequestMappingHandlerMapping:register:543 - Mapped "{[/serviceAnalyze/findServiceDetail],methods=[GET]}" onto public cn.koboro.offlineservice.pojo.vo.ResultVO ServiceAnalyzeController.findServiceDetail(javax.servlet.http.HttpServletRequest,java.util.Map<java.lang.String, java.lang.Object>)
2018-08-16 10:48:32,132  INFO [main] o.s.w.s.m.m.a.RequestMappingHandlerMapping:register:543 - Mapped "{[/ServiceTask/index],methods=[GET]}" onto public java.lang.String ServiceTaskController.list(org.springframework.ui.ModelMap)
2018-08-16 10:48:32,133  INFO [main] o.s.w.s.m.m.a.RequestMappingHandlerMapping:register:543 - Mapped "{[/servicesGroupSelectAll],methods=[GET]}" onto public java.util.Map ServiceTaskController.servicesGroupSelectAll()
2018-08-16 10:48:32,134  INFO [main] o.s.w.s.m.m.a.RequestMappingHandlerMapping:register:543 - Mapped "{[/updServiceTaskController],methods=[GET]}" onto public java.lang.String ServiceTaskController.updServiceTaskController(java.lang.String[],java.lang.Integer[],java.lang.String[],java.lang.String[],java.lang.String[],java.lang.String[],java.lang.Integer[],java.lang.Integer[],java.lang.Integer[],java.lang.String[],java.lang.String[],java.lang.String[],java.lang.String[],java.lang.String[],java.lang.String[],java.util.Map<java.lang.String, java.lang.String>) throws java.text.ParseException
2018-08-16 10:48:32,134  INFO [main] o.s.w.s.m.m.a.RequestMappingHandlerMapping:register:543 - Mapped "{[/selectHealthThemeTemplate],methods=[GET]}" onto public java.util.Map ServiceTaskController.healthThemeTemplateSelectAll()
2018-08-16 10:48:32,134  INFO [main] o.s.w.s.m.m.a.RequestMappingHandlerMapping:register:543 - Mapped "{[/addServiceTaskController],methods=[GET]}" onto public java.lang.String ServiceTaskController.addServiceTaskController(java.lang.String[],java.lang.Integer[],java.lang.String[],java.lang.String[],java.lang.String[],java.lang.String[],java.lang.Integer[],java.lang.Integer[],java.lang.String[],java.lang.String[],java.lang.String[],java.lang.String[],java.lang.String[],java.lang.String[],java.util.Map<java.lang.String, java.lang.String>) throws java.text.ParseException
2018-08-16 10:48:32,135  INFO [main] o.s.w.s.m.m.a.RequestMappingHandlerMapping:register:543 - Mapped "{[/servicesAvailableSelectAll],methods=[GET]}" onto public java.util.Map ServiceTaskController.servicesAvailableSelectAll()
2018-08-16 10:48:32,135  INFO [main] o.s.w.s.m.m.a.RequestMappingHandlerMapping:register:543 - Mapped "{[/deleteServiceTaskById],methods=[POST]}" onto public java.lang.String ServiceTaskController.deleteServiceTaskById(java.lang.String)
2018-08-16 10:48:32,135  INFO [main] o.s.w.s.m.m.a.RequestMappingHandlerMapping:register:543 - Mapped "{[/doctorSelectAll],methods=[GET]}" onto public java.util.Map ServiceTaskController.doctorSelectAll()
2018-08-16 10:48:32,136  INFO [main] o.s.w.s.m.m.a.RequestMappingHandlerMapping:register:543 - Mapped "{[/upload],methods=[POST]}" onto public java.util.Map ServiceTaskController.upload(org.springframework.web.multipart.MultipartFile)
2018-08-16 10:48:32,136  INFO [main] o.s.w.s.m.m.a.RequestMappingHandlerMapping:register:543 - Mapped "{[/updatePageServiceTask],methods=[GET]}" onto public java.lang.String ServiceTaskController.updatePage(java.lang.String,org.springframework.ui.ModelMap)
2018-08-16 10:48:32,139  INFO [main] o.s.w.s.m.m.a.RequestMappingHandlerMapping:register:543 - Mapped "{[/todayServiceCustomers/findServiceRecord],methods=[GET]}" onto public java.lang.String TodayServiceCustomersController.findServiceRecord(javax.servlet.http.HttpServletRequest,org.springframework.ui.ModelMap,java.util.Map<java.lang.String, java.lang.Object>)
2018-08-16 10:48:32,140  INFO [main] o.s.w.s.m.m.a.RequestMappingHandlerMapping:register:543 - Mapped "{[/todayServiceCustomers/selectCompletedList],methods=[GET]}" onto public java.lang.String TodayServiceCustomersController.selectCompletedList(javax.servlet.http.HttpServletRequest,org.springframework.ui.ModelMap,java.util.Map<java.lang.String, java.lang.Object>)
2018-08-16 10:48:32,140  INFO [main] o.s.w.s.m.m.a.RequestMappingHandlerMapping:register:543 - Mapped "{[/todayServiceCustomers/findServiceRecordData],methods=[GET]}" onto public java.util.List<java.util.Map<java.lang.String, java.lang.Object>> TodayServiceCustomersController.findServiceRecordData(javax.servlet.http.HttpServletRequest,org.springframework.ui.ModelMap,java.util.Map<java.lang.String, java.lang.Object>)
2018-08-16 10:48:32,141  INFO [main] o.s.w.s.m.m.a.RequestMappingHandlerMapping:register:543 - Mapped "{[/todayServiceCustomers/selectDetailsList],methods=[GET]}" onto public java.lang.String TodayServiceCustomersController.selectDetailsList(org.springframework.ui.ModelMap,java.util.Map<java.lang.String, java.lang.Object>)
2018-08-16 10:48:32,142  INFO [main] o.s.w.s.m.m.a.RequestMappingHandlerMapping:register:543 - Mapped "{[/todayServiceCustomers/selectCompletedListAll],methods=[GET]}" onto public cn.koboro.offlineservice.pojo.vo.ResultVO TodayServiceCustomersController.selectCompletedListAll(java.util.Map<java.lang.String, java.lang.Object>)
2018-08-16 10:48:32,142  INFO [main] o.s.w.s.m.m.a.RequestMappingHandlerMapping:register:543 - Mapped "{[/todayServiceCustomers/findServiceCustomer],methods=[GET]}" onto public cn.koboro.offlineservice.pojo.vo.ResultVO TodayServiceCustomersController.findServiceCustomer(javax.servlet.http.HttpServletRequest,org.springframework.ui.ModelMap,java.util.Map<java.lang.String, java.lang.Object>)
2018-08-16 10:48:32,149  INFO [main] o.s.w.s.m.m.a.RequestMappingHandlerMapping:register:543 - Mapped "{[/todayServiceCustomers/selectAll],methods=[GET]}" onto public java.lang.String TodayServiceCustomersController.selectAll(javax.servlet.http.HttpServletRequest,org.springframework.ui.ModelMap,java.util.Map<java.lang.String, java.lang.Object>)
2018-08-16 10:48:32,149  INFO [main] o.s.w.s.m.m.a.RequestMappingHandlerMapping:register:543 - Mapped "{[/todayServiceCustomers/selectItem],methods=[GET]}" onto public java.lang.String TodayServiceCustomersController.selectItem(javax.servlet.http.HttpServletRequest,org.springframework.ui.ModelMap,java.util.Map<java.lang.String, java.lang.Object>)
2018-08-16 10:48:32,152  INFO [main] o.s.w.s.m.m.a.RequestMappingHandlerMapping:register:543 - Mapped "{[/todayServiceCustomers/abortMission],methods=[POST]}" onto public boolean TodayServiceCustomersController.abortMission(javax.servlet.http.HttpServletRequest,org.springframework.ui.ModelMap,java.util.Map<java.lang.String, java.lang.Object>)
2018-08-16 10:48:32,153  INFO [main] o.s.w.s.m.m.a.RequestMappingHandlerMapping:register:543 - Mapped "{[/todayServiceCustomers/printItems],methods=[GET]}" onto public java.lang.String TodayServiceCustomersController.printItems(javax.servlet.http.HttpServletRequest,org.springframework.ui.ModelMap,java.util.Map<java.lang.String, java.lang.Object>)
2018-08-16 10:48:32,153  INFO [main] o.s.w.s.m.m.a.RequestMappingHandlerMapping:register:543 - Mapped "{[/todayServiceCustomers/findDoctors],methods=[GET]}" onto public java.util.List<java.util.Map<java.lang.String, java.lang.Object>> TodayServiceCustomersController.findDoctors()
2018-08-16 10:48:32,154  INFO [main] o.s.w.s.m.m.a.RequestMappingHandlerMapping:register:543 - Mapped "{[/todayServiceCustomers/saveServiceItem],methods=[POST]}" onto public boolean TodayServiceCustomersController.saveServiceItem(javax.servlet.http.HttpServletRequest,org.springframework.ui.ModelMap,java.util.Map<java.lang.String, java.lang.Object>)
2018-08-16 10:48:32,154  INFO [main] o.s.w.s.m.m.a.RequestMappingHandlerMapping:register:543 - Mapped "{[/todayServiceCustomers/findOtherItem],methods=[GET]}" onto public java.util.List<java.util.Map<java.lang.String, java.lang.Object>> TodayServiceCustomersController.findOtherItem(javax.servlet.http.HttpServletRequest,org.springframework.ui.ModelMap,java.util.Map<java.lang.String, java.lang.Object>)
2018-08-16 10:48:32,154  INFO [main] o.s.w.s.m.m.a.RequestMappingHandlerMapping:register:543 - Mapped "{[/todayServiceCustomers/detail],methods=[GET]}" onto public java.lang.String TodayServiceCustomersController.detail(javax.servlet.http.HttpServletRequest,org.springframework.ui.ModelMap,cn.koboro.offlineservice.pojo.entity.TodayServiceCustomers)
2018-08-16 10:48:32,157  INFO [main] o.s.w.s.m.m.a.RequestMappingHandlerMapping:register:543 - Mapped "{[/error]}" onto public org.springframework.http.ResponseEntity<java.util.Map<java.lang.String, java.lang.Object>> org.springframework.boot.autoconfigure.web.BasicErrorController.error(javax.servlet.http.HttpServletRequest)
2018-08-16 10:48:32,158  INFO [main] o.s.w.s.m.m.a.RequestMappingHandlerMapping:register:543 - Mapped "{[/error],produces=[text/html]}" onto public org.springframework.web.servlet.ModelAndView org.springframework.boot.autoconfigure.web.BasicErrorController.errorHtml(javax.servlet.http.HttpServletRequest,javax.servlet.http.HttpServletResponse)
2018-08-16 10:48:32,181  INFO [main] o.s.w.s.h.SimpleUrlHandlerMapping:registerHandler:349 - Root mapping to handler of type [class org.springframework.web.servlet.mvc.ParameterizableViewController]
2018-08-16 10:48:32,219  INFO [main] o.s.w.s.h.SimpleUrlHandlerMapping:registerHandler:362 - Mapped URL path [/webjars/**] onto handler of type [class org.springframework.web.servlet.resource.ResourceHttpRequestHandler]
2018-08-16 10:48:32,220  INFO [main] o.s.w.s.h.SimpleUrlHandlerMapping:registerHandler:362 - Mapped URL path [/**] onto handler of type [class org.springframework.web.servlet.resource.ResourceHttpRequestHandler]
2018-08-16 10:48:32,285  INFO [main] o.s.w.s.m.m.a.ExceptionHandlerExceptionResolver:initExceptionHandlerAdviceCache:273 - Detected @ExceptionHandler methods in jsonExceptionHandle
2018-08-16 10:48:32,288  INFO [main] o.s.w.s.m.m.a.ExceptionHandlerExceptionResolver:initExceptionHandlerAdviceCache:273 - Detected @ExceptionHandler methods in pageExceptionHandle
2018-08-16 10:48:32,332  INFO [main] o.s.w.s.h.SimpleUrlHandlerMapping:registerHandler:362 - Mapped URL path [/**/favicon.ico] onto handler of type [class org.springframework.web.servlet.resource.ResourceHttpRequestHandler]
2018-08-16 10:48:32,410  INFO [main] t.m.m.a.MapperCacheDisabler:removeStaticCache:60 - Clear tk.mybatis.mapper.util.MsUtil CLASS_CACHE cache.
2018-08-16 10:48:32,411  INFO [main] t.m.m.a.MapperCacheDisabler:removeStaticCache:60 - Clear tk.mybatis.mapper.genid.GenIdUtil CACHE cache.
2018-08-16 10:48:32,412  INFO [main] t.m.m.a.MapperCacheDisabler:removeStaticCache:60 - Clear tk.mybatis.mapper.version.VersionUtil CACHE cache.
2018-08-16 10:48:32,413  INFO [main] t.m.m.a.MapperCacheDisabler:removeEntityHelperCache:83 - Clear EntityHelper entityTableMap cache.
2018-08-16 10:48:33,219  INFO [main] o.s.b.d.a.OptionalLiveReloadServer:startServer:58 - LiveReload server is running on port 35729
2018-08-16 10:48:33,314  INFO [main] o.s.j.e.a.AnnotationMBeanExporter:afterSingletonsInstantiated:431 - Registering beans for JMX exposure on startup
2018-08-16 10:48:33,396  INFO [main] o.a.c.h.Http11NioProtocol:log:179 - Initializing ProtocolHandler ["http-nio-8083"]
2018-08-16 10:48:33,414  INFO [main] o.a.c.h.Http11NioProtocol:log:179 - Starting ProtocolHandler ["http-nio-8083"]
2018-08-16 10:48:33,434  INFO [main] o.a.t.u.n.NioSelectorPool:log:179 - Using a shared selector for servlet write/read
2018-08-16 10:48:33,534  INFO [main] o.s.b.c.e.t.TomcatEmbeddedServletContainer:start:201 - Tomcat started on port(s): 8083 (http)
2018-08-16 10:48:33,546  INFO [main] c.k.o.StartApplication:logStarted:57 - Started StartApplication in 15.479 seconds (JVM running for 19.103)
2018-08-16 10:52:10,318  INFO [http-nio-8083-exec-10] o.a.c.c.C.[.[.[/offlineService]:log:179 - Initializing Spring FrameworkServlet 'dispatcherServlet'
2018-08-16 10:52:10,320  INFO [http-nio-8083-exec-10] o.s.w.s.DispatcherServlet:initServletBean:489 - FrameworkServlet 'dispatcherServlet': initialization started
2018-08-16 10:52:10,373  INFO [http-nio-8083-exec-10] o.s.w.s.DispatcherServlet:initServletBean:508 - FrameworkServlet 'dispatcherServlet': initialization completed in 51 ms
2018-08-16 10:52:13,455 DEBUG [http-nio-8083-exec-6] c.k.o.r.H.findDoctorByLoginName:debug:159 - ==>  Preparing: SELECT acs.id,kd.doctor_type,kd.doctor_name FROM koboro_doctor kd JOIN acs_user acs ON kd.doctor_id=acs.id where acs.login_name=? 
2018-08-16 10:52:13,538 DEBUG [http-nio-8083-exec-6] c.k.o.r.H.findDoctorByLoginName:debug:159 - ==> Parameters: test1(String)
2018-08-16 10:52:13,580 DEBUG [http-nio-8083-exec-6] c.k.o.r.H.findDoctorByLoginName:debug:159 - <==      Total: 1
2018-08-16 10:52:14,826 DEBUG [http-nio-8083-exec-1] c.k.o.r.H.selectAllByThemeName_COUNT:debug:159 - ==>  Preparing: SELECT count(0) FROM offline_service_health_theme_template WHERE 1 = 1 
2018-08-16 10:52:14,827 DEBUG [http-nio-8083-exec-1] c.k.o.r.H.selectAllByThemeName_COUNT:debug:159 - ==> Parameters: 
2018-08-16 10:52:14,830 DEBUG [http-nio-8083-exec-1] c.k.o.r.H.selectAllByThemeName_COUNT:debug:159 - <==      Total: 1
2018-08-16 10:52:14,833 DEBUG [http-nio-8083-exec-1] c.k.o.r.H.selectAllByThemeName:debug:159 - ==>  Preparing: SELECT * FROM offline_service_health_theme_template where 1=1 LIMIT ? 
2018-08-16 10:52:14,835 DEBUG [http-nio-8083-exec-1] c.k.o.r.H.selectAllByThemeName:debug:159 - ==> Parameters: 10(Integer)
2018-08-16 10:52:14,839 DEBUG [http-nio-8083-exec-1] c.k.o.r.H.selectAllByThemeName:debug:159 - <==      Total: 1
2018-08-16 10:52:15,505 DEBUG [http-nio-8083-exec-6] c.k.o.r.H.selectAllTasks_COUNT:debug:159 - ==>  Preparing: SELECT count(0) FROM (SELECT t.*, GROUP_CONCAT(i.service_project) serviceProjects FROM offline_service_health_theme_task t LEFT JOIN offline_service_health_theme_service_item i ON t.id = i.theme_task_id WHERE 1 = 1 GROUP BY t.id) table_count 
2018-08-16 10:52:15,507 DEBUG [http-nio-8083-exec-6] c.k.o.r.H.selectAllTasks_COUNT:debug:159 - ==> Parameters: 
2018-08-16 10:52:15,522 DEBUG [http-nio-8083-exec-6] c.k.o.r.H.selectAllTasks_COUNT:debug:159 - <==      Total: 1
2018-08-16 10:52:15,527 DEBUG [http-nio-8083-exec-6] c.k.o.r.H.selectAllTasks:debug:159 - ==>  Preparing: SELECT t.*, GROUP_CONCAT(i.service_project) serviceProjects FROM offline_service_health_theme_task t LEFT JOIN offline_service_health_theme_service_item i ON t.id = i.theme_task_id WHERE 1=1 GROUP BY t.id LIMIT ? 
2018-08-16 10:52:15,528 DEBUG [http-nio-8083-exec-6] c.k.o.r.H.selectAllTasks:debug:159 - ==> Parameters: 10(Integer)
2018-08-16 10:52:15,536 DEBUG [http-nio-8083-exec-6] c.k.o.r.H.selectAllTasks:debug:159 - <==      Total: 3
2018-08-16 10:52:18,471 DEBUG [http-nio-8083-exec-10] c.k.o.r.H.selectServiceTaskById:debug:159 - ==>  Preparing: SELECT t.* FROM offline_service_health_theme_task t WHERE t.id =? 
2018-08-16 10:52:18,476 DEBUG [http-nio-8083-exec-10] c.k.o.r.H.selectServiceTaskById:debug:159 - ==> Parameters: 5(String)
2018-08-16 10:52:18,484 DEBUG [http-nio-8083-exec-10] c.k.o.r.H.selectServiceTaskById:debug:159 - <==      Total: 1
2018-08-16 10:52:18,493 DEBUG [http-nio-8083-exec-10] c.k.o.r.H.selectServiceHealthThemeServiceItem:debug:159 - ==>  Preparing: SELECT * FROM offline_service_health_theme_service_item WHERE theme_task_id = ? 
2018-08-16 10:52:18,497 DEBUG [http-nio-8083-exec-10] c.k.o.r.H.selectServiceHealthThemeServiceItem:debug:159 - ==> Parameters: 5(Integer)
2018-08-16 10:52:18,501 DEBUG [http-nio-8083-exec-10] c.k.o.r.H.selectServiceHealthThemeServiceItem:debug:159 - <==      Total: 1
2018-08-16 10:52:18,509 DEBUG [http-nio-8083-exec-10] c.k.o.r.H.selectHealthThemeTemplate:debug:159 - ==>  Preparing: SELECT * FROM offline_service_health_theme_template WHERE id = ? 
2018-08-16 10:52:18,513 DEBUG [http-nio-8083-exec-10] c.k.o.r.H.selectHealthThemeTemplate:debug:159 - ==> Parameters: 1(Integer)
2018-08-16 10:52:18,517 DEBUG [http-nio-8083-exec-10] c.k.o.r.H.selectHealthThemeTemplate:debug:159 - <==      Total: 1
2018-08-16 10:52:18,526 DEBUG [http-nio-8083-exec-10] c.k.o.r.H.selectHealthThemeServiceItemJoinDoctor:debug:159 - ==>  Preparing: SELECT * FROM offline_service_health_theme_service_item_join_doctor WHERE theme_task_id = ? 
2018-08-16 10:52:18,529 DEBUG [http-nio-8083-exec-10] c.k.o.r.H.selectHealthThemeServiceItemJoinDoctor:debug:159 - ==> Parameters: 5(Integer)
2018-08-16 10:52:18,534 DEBUG [http-nio-8083-exec-10] c.k.o.r.H.selectHealthThemeServiceItemJoinDoctor:debug:159 - <==      Total: 0
2018-08-16 10:52:19,982 DEBUG [http-nio-8083-exec-2] c.k.o.r.H.selectAll:debug:159 - ==>  Preparing: SELECT id,theme_name,main_problem,main_symptom,positive_index,health_risk,age_group,create_time,update_time,creator FROM offline_service_health_theme_template 
2018-08-16 10:52:19,986 DEBUG [http-nio-8083-exec-2] c.k.o.r.H.selectAll:debug:159 - ==> Parameters: 
2018-08-16 10:52:19,989 DEBUG [http-nio-8083-exec-2] c.k.o.r.H.selectAll:debug:159 - <==      Total: 1
2018-08-16 10:52:19,995 DEBUG [http-nio-8083-exec-3] c.k.o.r.K.selectAll:debug:159 - ==>  Preparing: SELECT id,doctor_name,doctor_type,doctor_id FROM koboro_doctor 
2018-08-16 10:52:19,996 DEBUG [http-nio-8083-exec-3] c.k.o.r.K.selectAll:debug:159 - ==> Parameters: 
2018-08-16 10:52:20,007 DEBUG [http-nio-8083-exec-3] c.k.o.r.K.selectAll:debug:159 - <==      Total: 30
2018-08-16 10:52:20,009 DEBUG [http-nio-8083-exec-4] c.k.o.r.K.selectAll:debug:159 - ==>  Preparing: SELECT id,name,parent_id,actual_addr FROM koboro_bloc 
2018-08-16 10:52:20,010 DEBUG [http-nio-8083-exec-4] c.k.o.r.K.selectAll:debug:159 - ==> Parameters: 
2018-08-16 10:52:20,018 DEBUG [http-nio-8083-exec-9] c.k.o.r.S.selectAll:debug:159 - ==>  Preparing: SELECT id,name FROM koboro_service_content 
2018-08-16 10:52:20,019 DEBUG [http-nio-8083-exec-9] c.k.o.r.S.selectAll:debug:159 - ==> Parameters: 
2018-08-16 10:52:20,019 DEBUG [http-nio-8083-exec-4] c.k.o.r.K.selectAll:debug:159 - <==      Total: 22
2018-08-16 10:52:20,022 DEBUG [http-nio-8083-exec-9] c.k.o.r.S.selectAll:debug:159 - <==      Total: 12
2018-08-16 10:52:23,868 DEBUG [http-nio-8083-exec-2] c.k.o.r.H.selectAllTasks_COUNT:debug:159 - ==>  Preparing: SELECT count(0) FROM (SELECT t.*, GROUP_CONCAT(i.service_project) serviceProjects FROM offline_service_health_theme_task t LEFT JOIN offline_service_health_theme_service_item i ON t.id = i.theme_task_id WHERE 1 = 1 GROUP BY t.id) table_count 
2018-08-16 10:52:23,868 DEBUG [http-nio-8083-exec-2] c.k.o.r.H.selectAllTasks_COUNT:debug:159 - ==> Parameters: 
2018-08-16 10:52:23,881 DEBUG [http-nio-8083-exec-2] c.k.o.r.H.selectAllTasks_COUNT:debug:159 - <==      Total: 1
2018-08-16 10:52:23,882 DEBUG [http-nio-8083-exec-2] c.k.o.r.H.selectAllTasks:debug:159 - ==>  Preparing: SELECT t.*, GROUP_CONCAT(i.service_project) serviceProjects FROM offline_service_health_theme_task t LEFT JOIN offline_service_health_theme_service_item i ON t.id = i.theme_task_id WHERE 1=1 GROUP BY t.id LIMIT ? 
2018-08-16 10:52:23,883 DEBUG [http-nio-8083-exec-2] c.k.o.r.H.selectAllTasks:debug:159 - ==> Parameters: 10(Integer)
2018-08-16 10:52:23,887 DEBUG [http-nio-8083-exec-2] c.k.o.r.H.selectAllTasks:debug:159 - <==      Total: 3
2018-08-16 10:52:28,375 DEBUG [http-nio-8083-exec-5] c.k.o.r.H.findDoctorByLoginName:debug:159 - ==>  Preparing: SELECT acs.id,kd.doctor_type,kd.doctor_name FROM koboro_doctor kd JOIN acs_user acs ON kd.doctor_id=acs.id where acs.login_name=? 
2018-08-16 10:52:28,376 DEBUG [http-nio-8083-exec-5] c.k.o.r.H.findDoctorByLoginName:debug:159 - ==> Parameters: test1(String)
2018-08-16 10:52:28,380 DEBUG [http-nio-8083-exec-5] c.k.o.r.H.findDoctorByLoginName:debug:159 - <==      Total: 1
2018-08-16 10:52:28,651 DEBUG [http-nio-8083-exec-5] c.k.o.r.H.selectAllByThemeName_COUNT:debug:159 - ==>  Preparing: SELECT count(0) FROM offline_service_health_theme_template WHERE 1 = 1 
2018-08-16 10:52:28,652 DEBUG [http-nio-8083-exec-5] c.k.o.r.H.selectAllByThemeName_COUNT:debug:159 - ==> Parameters: 
2018-08-16 10:52:28,653 DEBUG [http-nio-8083-exec-5] c.k.o.r.H.selectAllByThemeName_COUNT:debug:159 - <==      Total: 1
2018-08-16 10:52:28,655 DEBUG [http-nio-8083-exec-5] c.k.o.r.H.selectAllByThemeName:debug:159 - ==>  Preparing: SELECT * FROM offline_service_health_theme_template where 1=1 LIMIT ? 
2018-08-16 10:52:28,656 DEBUG [http-nio-8083-exec-5] c.k.o.r.H.selectAllByThemeName:debug:159 - ==> Parameters: 10(Integer)
2018-08-16 10:52:28,662 DEBUG [http-nio-8083-exec-5] c.k.o.r.H.selectAllByThemeName:debug:159 - <==      Total: 1
2018-08-16 10:52:29,672 DEBUG [http-nio-8083-exec-3] c.k.o.r.H.selectAllTasks_COUNT:debug:159 - ==>  Preparing: SELECT count(0) FROM (SELECT t.*, GROUP_CONCAT(i.service_project) serviceProjects FROM offline_service_health_theme_task t LEFT JOIN offline_service_health_theme_service_item i ON t.id = i.theme_task_id WHERE 1 = 1 GROUP BY t.id) table_count 
2018-08-16 10:52:29,674 DEBUG [http-nio-8083-exec-3] c.k.o.r.H.selectAllTasks_COUNT:debug:159 - ==> Parameters: 
2018-08-16 10:52:29,689 DEBUG [http-nio-8083-exec-3] c.k.o.r.H.selectAllTasks_COUNT:debug:159 - <==      Total: 1
2018-08-16 10:52:29,690 DEBUG [http-nio-8083-exec-3] c.k.o.r.H.selectAllTasks:debug:159 - ==>  Preparing: SELECT t.*, GROUP_CONCAT(i.service_project) serviceProjects FROM offline_service_health_theme_task t LEFT JOIN offline_service_health_theme_service_item i ON t.id = i.theme_task_id WHERE 1=1 GROUP BY t.id LIMIT ? 
2018-08-16 10:52:29,696 DEBUG [http-nio-8083-exec-3] c.k.o.r.H.selectAllTasks:debug:159 - ==> Parameters: 10(Integer)
2018-08-16 10:52:29,700 DEBUG [http-nio-8083-exec-3] c.k.o.r.H.selectAllTasks:debug:159 - <==      Total: 3
2018-08-16 10:55:09,402  INFO [http-nio-8083-exec-7] o.s.w.s.h.SimpleUrlHandlerMapping:registerHandler:349 - Root mapping to handler of type [class org.springframework.web.servlet.mvc.ParameterizableViewController]
2018-08-16 10:55:09,486  INFO [http-nio-8083-exec-10] o.s.w.s.h.SimpleUrlHandlerMapping:registerHandler:362 - Mapped URL path [/**/favicon.ico] onto handler of type [class org.springframework.web.servlet.resource.ResourceHttpRequestHandler]
2018-08-16 10:55:09,497  INFO [http-nio-8083-exec-3] o.s.w.s.h.SimpleUrlHandlerMapping:registerHandler:362 - Mapped URL path [/webjars/**] onto handler of type [class org.springframework.web.servlet.resource.ResourceHttpRequestHandler]
2018-08-16 10:55:09,507  INFO [http-nio-8083-exec-3] o.s.w.s.h.SimpleUrlHandlerMapping:registerHandler:362 - Mapped URL path [/**] onto handler of type [class org.springframework.web.servlet.resource.ResourceHttpRequestHandler]
2018-08-16 10:55:09,521 DEBUG [http-nio-8083-exec-3] c.k.o.r.H.findDoctorByLoginName:debug:159 - ==>  Preparing: SELECT acs.id,kd.doctor_type,kd.doctor_name FROM koboro_doctor kd JOIN acs_user acs ON kd.doctor_id=acs.id where acs.login_name=? 
2018-08-16 10:55:09,523 DEBUG [http-nio-8083-exec-3] c.k.o.r.H.findDoctorByLoginName:debug:159 - ==> Parameters: test1(String)
2018-08-16 10:55:09,526 DEBUG [http-nio-8083-exec-3] c.k.o.r.H.findDoctorByLoginName:debug:159 - <==      Total: 1
2018-08-16 10:55:10,768 DEBUG [http-nio-8083-exec-8] c.k.o.r.H.selectAllByThemeName_COUNT:debug:159 - ==>  Preparing: SELECT count(0) FROM offline_service_health_theme_template WHERE 1 = 1 
2018-08-16 10:55:10,768 DEBUG [http-nio-8083-exec-8] c.k.o.r.H.selectAllByThemeName_COUNT:debug:159 - ==> Parameters: 
2018-08-16 10:55:10,771 DEBUG [http-nio-8083-exec-8] c.k.o.r.H.selectAllByThemeName_COUNT:debug:159 - <==      Total: 1
2018-08-16 10:55:10,772 DEBUG [http-nio-8083-exec-8] c.k.o.r.H.selectAllByThemeName:debug:159 - ==>  Preparing: SELECT * FROM offline_service_health_theme_template where 1=1 LIMIT ? 
2018-08-16 10:55:10,775 DEBUG [http-nio-8083-exec-8] c.k.o.r.H.selectAllByThemeName:debug:159 - ==> Parameters: 10(Integer)
2018-08-16 10:55:10,779 DEBUG [http-nio-8083-exec-8] c.k.o.r.H.selectAllByThemeName:debug:159 - <==      Total: 1
2018-08-16 10:55:13,256 DEBUG [http-nio-8083-exec-1] c.k.o.r.H.findDoctorByLoginName:debug:159 - ==>  Preparing: SELECT acs.id,kd.doctor_type,kd.doctor_name FROM koboro_doctor kd JOIN acs_user acs ON kd.doctor_id=acs.id where acs.login_name=? 
2018-08-16 10:55:13,265 DEBUG [http-nio-8083-exec-1] c.k.o.r.H.findDoctorByLoginName:debug:159 - ==> Parameters: test1(String)
2018-08-16 10:55:13,272 DEBUG [http-nio-8083-exec-1] c.k.o.r.H.findDoctorByLoginName:debug:159 - <==      Total: 1
2018-08-16 10:55:13,345 DEBUG [http-nio-8083-exec-1] c.k.o.r.T.findTasksByLoginNameAndDate:debug:159 - ==>  Preparing: SELECT t.* FROM offline_service_health_theme_service_item_join_doctor d JOIN offline_service_health_theme_task t ON d.theme_task_id = t.id WHERE doctor_id = ? AND DATE(t.service_start_time) <= DATE(?) AND DATE(?) <= DATE(t.service_end_time) 
2018-08-16 10:55:13,346 DEBUG [http-nio-8083-exec-1] c.k.o.r.T.findTasksByLoginNameAndDate:debug:159 - ==> Parameters: 776(Integer), 2018-08-16(String), 2018-08-16(String)
2018-08-16 10:55:13,354 DEBUG [http-nio-8083-exec-1] c.k.o.r.T.findTasksByLoginNameAndDate:debug:159 - <==      Total: 1
2018-08-16 10:55:13,377 DEBUG [http-nio-8083-exec-1] c.k.o.r.R.findReservationTimeByTaskId:debug:159 - ==>  Preparing: SELECT * FROM offline_service_reservation_time WHERE theme_task_id=? 
2018-08-16 10:55:13,378 DEBUG [http-nio-8083-exec-1] c.k.o.r.R.findReservationTimeByTaskId:debug:159 - ==> Parameters: 6(Integer)
2018-08-16 10:55:13,384 DEBUG [http-nio-8083-exec-1] c.k.o.r.R.findReservationTimeByTaskId:debug:159 - <==      Total: 2
2018-08-16 10:55:13,390 DEBUG [http-nio-8083-exec-1] c.k.o.r.T.findStatusCustomersByTaskId:debug:159 - ==>  Preparing: SELECT * FROM offline_service_today_service_customers WHERE theme_task_id=? 
2018-08-16 10:55:13,393 DEBUG [http-nio-8083-exec-1] c.k.o.r.T.findStatusCustomersByTaskId:debug:159 - ==> Parameters: 6(Integer)
2018-08-16 10:55:13,400 DEBUG [http-nio-8083-exec-1] c.k.o.r.T.findStatusCustomersByTaskId:debug:159 - <==      Total: 0
2018-08-16 10:55:14,400 DEBUG [http-nio-8083-exec-8] c.k.o.r.T.findCustomersByTaskId_COUNT:debug:159 - ==>  Preparing: SELECT count(0) FROM offline_service_today_service_customers WHERE theme_task_id = ? AND status = ? 
2018-08-16 10:55:14,401 DEBUG [http-nio-8083-exec-8] c.k.o.r.T.findCustomersByTaskId_COUNT:debug:159 - ==> Parameters: 6(Integer), 0(Integer)
2018-08-16 10:55:14,404 DEBUG [http-nio-8083-exec-8] c.k.o.r.T.findCustomersByTaskId_COUNT:debug:159 - <==      Total: 1
2018-08-16 10:55:14,485 DEBUG [http-nio-8083-exec-5] c.k.o.r.H.findDoctorByLoginName:debug:159 - ==>  Preparing: SELECT acs.id,kd.doctor_type,kd.doctor_name FROM koboro_doctor kd JOIN acs_user acs ON kd.doctor_id=acs.id where acs.login_name=? 
2018-08-16 10:55:14,494 DEBUG [http-nio-8083-exec-5] c.k.o.r.H.findDoctorByLoginName:debug:159 - ==> Parameters: test1(String)
2018-08-16 10:55:14,497 DEBUG [http-nio-8083-exec-5] c.k.o.r.H.findDoctorByLoginName:debug:159 - <==      Total: 1
2018-08-16 10:55:14,504 DEBUG [http-nio-8083-exec-5] c.k.o.r.T.findTasksByLoginNameAndDate:debug:159 - ==>  Preparing: SELECT t.* FROM offline_service_health_theme_service_item_join_doctor d JOIN offline_service_health_theme_task t ON d.theme_task_id = t.id WHERE doctor_id = ? AND DATE(t.service_start_time) <= DATE(?) AND DATE(?) <= DATE(t.service_end_time) 
2018-08-16 10:55:14,505 DEBUG [http-nio-8083-exec-5] c.k.o.r.T.findTasksByLoginNameAndDate:debug:159 - ==> Parameters: 776(Integer), 2018-08-16(String), 2018-08-16(String)
2018-08-16 10:55:14,510 DEBUG [http-nio-8083-exec-5] c.k.o.r.T.findTasksByLoginNameAndDate:debug:159 - <==      Total: 1
2018-08-16 10:55:14,517 DEBUG [http-nio-8083-exec-5] c.k.o.r.R.findReservationTimeByTaskId:debug:159 - ==>  Preparing: SELECT * FROM offline_service_reservation_time WHERE theme_task_id=? 
2018-08-16 10:55:14,520 DEBUG [http-nio-8083-exec-5] c.k.o.r.R.findReservationTimeByTaskId:debug:159 - ==> Parameters: 6(Integer)
2018-08-16 10:55:14,525 DEBUG [http-nio-8083-exec-5] c.k.o.r.R.findReservationTimeByTaskId:debug:159 - <==      Total: 2
2018-08-16 10:55:14,538 DEBUG [http-nio-8083-exec-5] c.k.o.r.T.findStatusCustomersByTaskId:debug:159 - ==>  Preparing: SELECT * FROM offline_service_today_service_customers WHERE theme_task_id=? 
2018-08-16 10:55:14,540 DEBUG [http-nio-8083-exec-5] c.k.o.r.T.findStatusCustomersByTaskId:debug:159 - ==> Parameters: 6(Integer)
2018-08-16 10:55:14,543 DEBUG [http-nio-8083-exec-5] c.k.o.r.T.findStatusCustomersByTaskId:debug:159 - <==      Total: 0
2018-08-16 10:55:15,024 DEBUG [http-nio-8083-exec-9] c.k.o.r.T.findCustomersByTaskId_COUNT:debug:159 - ==>  Preparing: SELECT count(0) FROM offline_service_today_service_customers WHERE theme_task_id = ? AND status = ? 
2018-08-16 10:55:15,033 DEBUG [http-nio-8083-exec-9] c.k.o.r.T.findCustomersByTaskId_COUNT:debug:159 - ==> Parameters: 6(Integer), 0(Integer)
2018-08-16 10:55:15,036 DEBUG [http-nio-8083-exec-9] c.k.o.r.T.findCustomersByTaskId_COUNT:debug:159 - <==      Total: 1
2018-08-16 10:55:16,490 DEBUG [http-nio-8083-exec-7] c.k.o.r.H.selectAllTasks_COUNT:debug:159 - ==>  Preparing: SELECT count(0) FROM (SELECT t.*, GROUP_CONCAT(i.service_project) serviceProjects FROM offline_service_health_theme_task t LEFT JOIN offline_service_health_theme_service_item i ON t.id = i.theme_task_id WHERE 1 = 1 GROUP BY t.id) table_count 
2018-08-16 10:55:16,492 DEBUG [http-nio-8083-exec-7] c.k.o.r.H.selectAllTasks_COUNT:debug:159 - ==> Parameters: 
2018-08-16 10:55:16,506 DEBUG [http-nio-8083-exec-7] c.k.o.r.H.selectAllTasks_COUNT:debug:159 - <==      Total: 1
2018-08-16 10:55:16,510 DEBUG [http-nio-8083-exec-7] c.k.o.r.H.selectAllTasks:debug:159 - ==>  Preparing: SELECT t.*, GROUP_CONCAT(i.service_project) serviceProjects FROM offline_service_health_theme_task t LEFT JOIN offline_service_health_theme_service_item i ON t.id = i.theme_task_id WHERE 1=1 GROUP BY t.id LIMIT ? 
2018-08-16 10:55:16,511 DEBUG [http-nio-8083-exec-7] c.k.o.r.H.selectAllTasks:debug:159 - ==> Parameters: 10(Integer)
2018-08-16 10:55:16,515 DEBUG [http-nio-8083-exec-7] c.k.o.r.H.selectAllTasks:debug:159 - <==      Total: 4
2018-08-16 10:55:18,949 DEBUG [http-nio-8083-exec-10] c.k.o.r.H.selectServiceTaskById:debug:159 - ==>  Preparing: SELECT t.* FROM offline_service_health_theme_task t WHERE t.id =? 
2018-08-16 10:55:18,958 DEBUG [http-nio-8083-exec-10] c.k.o.r.H.selectServiceTaskById:debug:159 - ==> Parameters: 2(String)
2018-08-16 10:55:18,969 DEBUG [http-nio-8083-exec-10] c.k.o.r.H.selectServiceTaskById:debug:159 - <==      Total: 1
2018-08-16 10:55:18,982 DEBUG [http-nio-8083-exec-10] c.k.o.r.H.selectServiceHealthThemeServiceItem:debug:159 - ==>  Preparing: SELECT * FROM offline_service_health_theme_service_item WHERE theme_task_id = ? 
2018-08-16 10:55:18,983 DEBUG [http-nio-8083-exec-10] c.k.o.r.H.selectServiceHealthThemeServiceItem:debug:159 - ==> Parameters: 2(Integer)
2018-08-16 10:55:18,985 DEBUG [http-nio-8083-exec-10] c.k.o.r.H.selectServiceHealthThemeServiceItem:debug:159 - <==      Total: 1
2018-08-16 10:55:18,999 DEBUG [http-nio-8083-exec-10] c.k.o.r.H.selectHealthThemeTemplate:debug:159 - ==>  Preparing: SELECT * FROM offline_service_health_theme_template WHERE id = ? 
2018-08-16 10:55:19,000 DEBUG [http-nio-8083-exec-10] c.k.o.r.H.selectHealthThemeTemplate:debug:159 - ==> Parameters: 1(Integer)
2018-08-16 10:55:19,004 DEBUG [http-nio-8083-exec-10] c.k.o.r.H.selectHealthThemeTemplate:debug:159 - <==      Total: 1
2018-08-16 10:55:19,016 DEBUG [http-nio-8083-exec-10] c.k.o.r.H.selectHealthThemeServiceItemJoinDoctor:debug:159 - ==>  Preparing: SELECT * FROM offline_service_health_theme_service_item_join_doctor WHERE theme_task_id = ? 
2018-08-16 10:55:19,017 DEBUG [http-nio-8083-exec-10] c.k.o.r.H.selectHealthThemeServiceItemJoinDoctor:debug:159 - ==> Parameters: 2(Integer)
2018-08-16 10:55:19,024 DEBUG [http-nio-8083-exec-10] c.k.o.r.H.selectHealthThemeServiceItemJoinDoctor:debug:159 - <==      Total: 2
2018-08-16 10:55:19,798 DEBUG [http-nio-8083-exec-6] c.k.o.r.H.selectAll:debug:159 - ==>  Preparing: SELECT id,theme_name,main_problem,main_symptom,positive_index,health_risk,age_group,create_time,update_time,creator FROM offline_service_health_theme_template 
2018-08-16 10:55:19,799 DEBUG [http-nio-8083-exec-6] c.k.o.r.H.selectAll:debug:159 - ==> Parameters: 
2018-08-16 10:55:19,804 DEBUG [http-nio-8083-exec-5] c.k.o.r.K.selectAll:debug:159 - ==>  Preparing: SELECT id,doctor_name,doctor_type,doctor_id FROM koboro_doctor 
2018-08-16 10:55:19,805 DEBUG [http-nio-8083-exec-5] c.k.o.r.K.selectAll:debug:159 - ==> Parameters: 
2018-08-16 10:55:19,809 DEBUG [http-nio-8083-exec-6] c.k.o.r.H.selectAll:debug:159 - <==      Total: 1
2018-08-16 10:55:19,811 DEBUG [http-nio-8083-exec-5] c.k.o.r.K.selectAll:debug:159 - <==      Total: 30
2018-08-16 10:55:19,823 DEBUG [http-nio-8083-exec-8] c.k.o.r.S.selectAll:debug:159 - ==>  Preparing: SELECT id,name FROM koboro_service_content 
2018-08-16 10:55:19,823 DEBUG [http-nio-8083-exec-8] c.k.o.r.S.selectAll:debug:159 - ==> Parameters: 
2018-08-16 10:55:19,826 DEBUG [http-nio-8083-exec-8] c.k.o.r.S.selectAll:debug:159 - <==      Total: 12
2018-08-16 10:55:19,837 DEBUG [http-nio-8083-exec-3] c.k.o.r.K.selectAll:debug:159 - ==>  Preparing: SELECT id,name,parent_id,actual_addr FROM koboro_bloc 
2018-08-16 10:55:19,841 DEBUG [http-nio-8083-exec-3] c.k.o.r.K.selectAll:debug:159 - ==> Parameters: 
2018-08-16 10:55:19,852 DEBUG [http-nio-8083-exec-3] c.k.o.r.K.selectAll:debug:159 - <==      Total: 22
2018-08-16 10:55:21,504 DEBUG [http-nio-8083-exec-10] c.k.o.r.H.selectAllTasks_COUNT:debug:159 - ==>  Preparing: SELECT count(0) FROM (SELECT t.*, GROUP_CONCAT(i.service_project) serviceProjects FROM offline_service_health_theme_task t LEFT JOIN offline_service_health_theme_service_item i ON t.id = i.theme_task_id WHERE 1 = 1 GROUP BY t.id) table_count 
2018-08-16 10:55:21,505 DEBUG [http-nio-8083-exec-10] c.k.o.r.H.selectAllTasks_COUNT:debug:159 - ==> Parameters: 
2018-08-16 10:55:21,518 DEBUG [http-nio-8083-exec-10] c.k.o.r.H.selectAllTasks_COUNT:debug:159 - <==      Total: 1
2018-08-16 10:55:21,519 DEBUG [http-nio-8083-exec-10] c.k.o.r.H.selectAllTasks:debug:159 - ==>  Preparing: SELECT t.*, GROUP_CONCAT(i.service_project) serviceProjects FROM offline_service_health_theme_task t LEFT JOIN offline_service_health_theme_service_item i ON t.id = i.theme_task_id WHERE 1=1 GROUP BY t.id LIMIT ? 
2018-08-16 10:55:21,520 DEBUG [http-nio-8083-exec-10] c.k.o.r.H.selectAllTasks:debug:159 - ==> Parameters: 10(Integer)
2018-08-16 10:55:21,528 DEBUG [http-nio-8083-exec-10] c.k.o.r.H.selectAllTasks:debug:159 - <==      Total: 4
2018-08-16 10:55:24,237 DEBUG [http-nio-8083-exec-5] c.k.o.r.H.selectServiceTaskById:debug:159 - ==>  Preparing: SELECT t.* FROM offline_service_health_theme_task t WHERE t.id =? 
2018-08-16 10:55:24,241 DEBUG [http-nio-8083-exec-5] c.k.o.r.H.selectServiceTaskById:debug:159 - ==> Parameters: 2(String)
2018-08-16 10:55:24,248 DEBUG [http-nio-8083-exec-5] c.k.o.r.H.selectServiceTaskById:debug:159 - <==      Total: 1
