2018-08-20 15:59:18,263  INFO [main] c.k.o.StartApplication:logStarting:48 - Starting StartApplication on DESKTOP-DKMTUNR with PID 15692 (D:\project\kbr-offlineService\target\classes started by admin in D:\project\kbr-offlineService)
2018-08-20 15:59:18,271  INFO [main] c.k.o.StartApplication:logStartupProfileInfo:597 - The following profiles are active: dev
2018-08-20 15:59:18,562  INFO [main] o.s.b.c.e.AnnotationConfigEmbeddedWebApplicationContext:prepareRefresh:583 - Refreshing org.springframework.boot.context.embedded.AnnotationConfigEmbeddedWebApplicationContext@7b8b755d: startup date [Mon Aug 20 15:59:18 CST 2018]; root of context hierarchy
2018-08-20 15:59:18,716  INFO [background-preinit] o.h.v.i.u.Version:<clinit>:30 - HV000001: Hibernate Validator 5.3.6.Final
2018-08-20 15:59:21,345  WARN [main] o.s.c.a.ClassPathScanningCandidateComponentProvider:doScan:142 - No MyBatis mapper was found in '[cn.koboro.offlineservice]' package. Please check your configuration.
2018-08-20 15:59:21,436  WARN [main] o.s.c.a.ClassPathScanningCandidateComponentProvider:doScan:166 - No MyBatis mapper was found in '[cn.koboro.offlineservice]' package. Please check your configuration.
2018-08-20 15:59:22,491  INFO [main] o.s.c.s.PostProcessorRegistrationDelegate$BeanPostProcessorChecker:postProcessAfterInitialization:327 - Bean 'shiroCasConfiguration' of type [cn.koboro.offlineservice.configuration.ShiroCasConfiguration$$EnhancerBySpringCGLIB$$e441319d] is not eligible for getting processed by all BeanPostProcessors (for example: not eligible for auto-proxying)
2018-08-20 15:59:22,754  INFO [main] o.s.c.s.PostProcessorRegistrationDelegate$BeanPostProcessorChecker:postProcessAfterInitialization:327 - Bean 'securityManager' of type [org.apache.shiro.web.mgt.DefaultWebSecurityManager] is not eligible for getting processed by all BeanPostProcessors (for example: not eligible for auto-proxying)
2018-08-20 15:59:22,778  INFO [main] o.s.c.s.PostProcessorRegistrationDelegate$BeanPostProcessorChecker:postProcessAfterInitialization:327 - Bean 'casFilter' of type [org.apache.shiro.cas.CasFilter] is not eligible for getting processed by all BeanPostProcessors (for example: not eligible for auto-proxying)
2018-08-20 15:59:23,092  INFO [main] o.s.c.s.PostProcessorRegistrationDelegate$BeanPostProcessorChecker:postProcessAfterInitialization:327 - Bean 'org.springframework.transaction.annotation.ProxyTransactionManagementConfiguration' of type [org.springframework.transaction.annotation.ProxyTransactionManagementConfiguration$$EnhancerBySpringCGLIB$$97f1fabd] is not eligible for getting processed by all BeanPostProcessors (for example: not eligible for auto-proxying)
2018-08-20 15:59:25,182  INFO [main] o.s.b.c.e.t.TomcatEmbeddedServletContainer:initialize:89 - Tomcat initialized with port(s): 8083 (http)
2018-08-20 15:59:25,232  INFO [main] o.a.c.c.StandardService:log:179 - Starting service [Tomcat]
2018-08-20 15:59:25,238  INFO [main] o.a.c.c.StandardEngine:log:179 - Starting Servlet Engine: Apache Tomcat/8.5.23
2018-08-20 15:59:25,987  INFO [localhost-startStop-1] o.a.j.s.TldScanner:log:179 - At least one JAR was scanned for TLDs yet contained no TLDs. Enable debug logging for this logger for a complete list of JARs that were scanned but no TLDs were found in them. Skipping unneeded JARs during scanning can improve startup time and JSP compilation time.
2018-08-20 15:59:26,009  INFO [localhost-startStop-1] o.a.c.c.C.[.[.[/offlineService]:log:179 - Initializing Spring embedded WebApplicationContext
2018-08-20 15:59:26,010  INFO [localhost-startStop-1] o.s.w.c.ContextLoader:prepareEmbeddedWebApplicationContext:276 - Root WebApplicationContext: initialization completed in 7448 ms
2018-08-20 15:59:26,651  INFO [localhost-startStop-1] o.s.b.w.s.FilterRegistrationBean:configure:258 - Mapping filter: 'characterEncodingFilter' to: [/*]
2018-08-20 15:59:26,652  INFO [localhost-startStop-1] o.s.b.w.s.FilterRegistrationBean:configure:258 - Mapping filter: 'hiddenHttpMethodFilter' to: [/*]
2018-08-20 15:59:26,653  INFO [localhost-startStop-1] o.s.b.w.s.FilterRegistrationBean:configure:258 - Mapping filter: 'httpPutFormContentFilter' to: [/*]
2018-08-20 15:59:26,653  INFO [localhost-startStop-1] o.s.b.w.s.FilterRegistrationBean:configure:258 - Mapping filter: 'requestContextFilter' to: [/*]
2018-08-20 15:59:26,654  INFO [localhost-startStop-1] o.s.b.w.s.FilterRegistrationBean:configure:271 - Mapping filter: 'delegatingFilterProxy' to urls: [/*]
2018-08-20 15:59:26,654  INFO [localhost-startStop-1] o.s.b.w.s.FilterRegistrationBean:configure:258 - Mapping filter: 'casFilter' to: [/*]
2018-08-20 15:59:26,654  INFO [localhost-startStop-1] o.s.b.w.s.FilterRegistrationBean:configure:258 - Mapping filter: 'shiroFilter' to: [/*]
2018-08-20 15:59:26,655  INFO [localhost-startStop-1] o.s.b.w.s.ServletRegistrationBean:onStartup:190 - Mapping servlet: 'dispatcherServlet' to [/]
2018-08-20 15:59:31,698  INFO [main] o.s.w.s.m.m.a.RequestMappingHandlerAdapter:initControllerAdviceCache:534 - Looking for @ControllerAdvice: org.springframework.boot.context.embedded.AnnotationConfigEmbeddedWebApplicationContext@7b8b755d: startup date [Mon Aug 20 15:59:18 CST 2018]; root of context hierarchy
2018-08-20 15:59:31,901  INFO [main] o.s.w.s.m.m.a.RequestMappingHandlerMapping:register:543 - Mapped "{[/demo/findAll]}" onto public java.lang.String DemoController.findAll(javax.servlet.http.HttpServletRequest,org.springframework.ui.ModelMap)
2018-08-20 15:59:31,913  INFO [main] o.s.w.s.m.m.a.RequestMappingHandlerMapping:register:543 - Mapped "{[/healthThemeTask/findAllTask],methods=[GET]}" onto public cn.koboro.offlineservice.pojo.vo.ResultVO HealthThemeTaskController.findAllTask(javax.servlet.http.HttpServletRequest,org.springframework.ui.ModelMap,java.util.Map<java.lang.String, java.lang.Object>)
2018-08-20 15:59:31,913  INFO [main] o.s.w.s.m.m.a.RequestMappingHandlerMapping:register:543 - Mapped "{[/healthThemeTask/selectAll],methods=[GET]}" onto public java.lang.String HealthThemeTaskController.selectAll(javax.servlet.http.HttpServletRequest,org.springframework.ui.ModelMap,java.util.Map<java.lang.String, java.lang.Object>)
2018-08-20 15:59:31,917  INFO [main] o.s.w.s.m.m.a.RequestMappingHandlerMapping:register:543 - Mapped "{[/healthThemeTask/publish],methods=[POST]}" onto public cn.koboro.offlineservice.pojo.vo.ResultVO HealthThemeTaskController.publish(javax.servlet.http.HttpServletRequest,org.springframework.ui.ModelMap,java.lang.String,java.lang.String)
2018-08-20 15:59:31,920  INFO [main] o.s.w.s.m.m.a.RequestMappingHandlerMapping:register:543 - Mapped "{[/healthThemeTask/selectReleaseTime],methods=[GET]}" onto public java.lang.String HealthThemeTaskController.selectReleaseTime(javax.servlet.http.HttpServletRequest,org.springframework.ui.ModelMap,java.lang.String)
2018-08-20 15:59:31,922  INFO [main] o.s.w.s.m.m.a.RequestMappingHandlerMapping:register:543 - Mapped "{[/healthTheme/add],methods=[GET]}" onto public java.lang.String HealthThemeTemplateController.add(javax.servlet.http.HttpServletRequest,org.springframework.ui.ModelMap)
2018-08-20 15:59:31,923  INFO [main] o.s.w.s.m.m.a.RequestMappingHandlerMapping:register:543 - Mapped "{[/healthTheme/save],methods=[POST]}" onto public cn.koboro.offlineservice.pojo.vo.ResultVO HealthThemeTemplateController.save(javax.servlet.http.HttpServletRequest,org.springframework.ui.ModelMap,cn.koboro.offlineservice.pojo.entity.HealthThemeTemplate)
2018-08-20 15:59:31,923  INFO [main] o.s.w.s.m.m.a.RequestMappingHandlerMapping:register:543 - Mapped "{[/healthTheme/selectAll],methods=[GET]}" onto public java.lang.String HealthThemeTemplateController.selectAll(javax.servlet.http.HttpServletRequest,org.springframework.ui.ModelMap)
2018-08-20 15:59:31,924  INFO [main] o.s.w.s.m.m.a.RequestMappingHandlerMapping:register:543 - Mapped "{[/healthTheme/saveUpdate],methods=[POST]}" onto public cn.koboro.offlineservice.pojo.vo.ResultVO HealthThemeTemplateController.saveUpdate(javax.servlet.http.HttpServletRequest,org.springframework.ui.ModelMap,cn.koboro.offlineservice.pojo.entity.HealthThemeTemplate)
2018-08-20 15:59:31,924  INFO [main] o.s.w.s.m.m.a.RequestMappingHandlerMapping:register:543 - Mapped "{[/healthTheme/findTemplate],methods=[GET]}" onto public cn.koboro.offlineservice.pojo.vo.ResultVO HealthThemeTemplateController.findTemplate(javax.servlet.http.HttpServletRequest,java.lang.String)
2018-08-20 15:59:31,924  INFO [main] o.s.w.s.m.m.a.RequestMappingHandlerMapping:register:543 - Mapped "{[/healthTheme/updateById],methods=[GET]}" onto public java.lang.String HealthThemeTemplateController.updateById(javax.servlet.http.HttpServletRequest,org.springframework.ui.ModelMap,cn.koboro.offlineservice.pojo.entity.HealthThemeTemplate)
2018-08-20 15:59:31,925  INFO [main] o.s.w.s.m.m.a.RequestMappingHandlerMapping:register:543 - Mapped "{[/healthTheme/deleteById],methods=[POST]}" onto public cn.koboro.offlineservice.pojo.vo.ResultVO HealthThemeTemplateController.deleteById(javax.servlet.http.HttpServletRequest,org.springframework.ui.ModelMap,java.lang.String)
2018-08-20 15:59:31,926  INFO [main] o.s.w.s.m.m.a.RequestMappingHandlerMapping:register:543 - Mapped "{[/menu/add],methods=[GET || POST]}" onto public java.lang.String MenuPageController.add()
2018-08-20 15:59:31,926  INFO [main] o.s.w.s.m.m.a.RequestMappingHandlerMapping:register:543 - Mapped "{[/menu/list],methods=[GET || POST]}" onto public java.lang.String MenuPageController.list(org.springframework.ui.ModelMap)
2018-08-20 15:59:31,926  INFO [main] o.s.w.s.m.m.a.RequestMappingHandlerMapping:register:543 - Mapped "{[/menu/iframe],methods=[GET || POST]}" onto public java.lang.String MenuPageController.testIframe()
2018-08-20 15:59:31,928  INFO [main] o.s.w.s.m.m.a.RequestMappingHandlerMapping:register:543 - Mapped "{[/pendingcustomers/list],methods=[GET]}" onto public cn.koboro.offlineservice.pojo.vo.ResultVO PendingCustomersController.pendingCustomerslist(org.springframework.ui.ModelMap,java.util.Map<java.lang.String, java.lang.String>)
2018-08-20 15:59:31,931  INFO [main] o.s.w.s.m.m.a.RequestMappingHandlerMapping:register:543 - Mapped "{[/pendingcustomers/selectCustomize],methods=[GET]}" onto public java.lang.String PendingCustomersController.selectCustomize(org.springframework.ui.ModelMap,java.util.Map<java.lang.String, java.lang.String>)
2018-08-20 15:59:31,932  INFO [main] o.s.w.s.m.m.a.RequestMappingHandlerMapping:register:543 - Mapped "{[/pendingcustomers/page],methods=[GET]}" onto public java.lang.String PendingCustomersController.pendingCustomers(org.springframework.ui.ModelMap,java.util.Map<java.lang.String, java.lang.String>)
2018-08-20 15:59:31,932  INFO [main] o.s.w.s.m.m.a.RequestMappingHandlerMapping:register:543 - Mapped "{[/pendingcustomers/customizePage],methods=[GET]}" onto public java.lang.String PendingCustomersController.customizePage(org.springframework.ui.ModelMap,java.util.Map<java.lang.String, java.lang.String>)
2018-08-20 15:59:31,934  INFO [main] o.s.w.s.m.m.a.RequestMappingHandlerMapping:register:543 - Mapped "{[/pendingcustomers/saveCustomize],methods=[GET]}" onto public java.lang.String PendingCustomersController.saveCustomize(java.util.Map<java.lang.String, java.lang.String>)
2018-08-20 15:59:31,935  INFO [main] o.s.w.s.m.m.a.RequestMappingHandlerMapping:register:543 - Mapped "{[/pendingcustomers/customizeList],methods=[GET]}" onto public cn.koboro.offlineservice.pojo.vo.ResultVO PendingCustomersController.customizeList(org.springframework.ui.ModelMap,java.util.Map<java.lang.String, java.lang.String>)
2018-08-20 15:59:31,939  INFO [main] o.s.w.s.m.m.a.RequestMappingHandlerMapping:register:543 - Mapped "{[/selectCrowd/selectCrowdHealthThemeScreeningList],methods=[GET]}" onto public cn.koboro.offlineservice.pojo.vo.ResultVO SelectCrowdController.selectCrowdHealthThemeScreeningList(java.util.Map<java.lang.String, java.lang.String>)
2018-08-20 15:59:31,940  INFO [main] o.s.w.s.m.m.a.RequestMappingHandlerMapping:register:543 - Mapped "{[/selectCrowd/list],methods=[GET]}" onto public cn.koboro.offlineservice.pojo.vo.ResultVO SelectCrowdController.selectCrowdListAll(java.util.Map<java.lang.String, java.lang.String>)
2018-08-20 15:59:31,941  INFO [main] o.s.w.s.m.m.a.RequestMappingHandlerMapping:register:543 - Mapped "{[/selectCrowd/page],methods=[GET]}" onto public java.lang.String SelectCrowdController.selectCrowdList(org.springframework.ui.ModelMap,java.lang.String)
2018-08-20 15:59:31,942  INFO [main] o.s.w.s.m.m.a.RequestMappingHandlerMapping:register:543 - Mapped "{[/selectCrowd/page2],methods=[GET]}" onto public java.lang.String SelectCrowdController.selectThemeList(org.springframework.ui.ModelMap,java.lang.String)
2018-08-20 15:59:31,942  INFO [main] o.s.w.s.m.m.a.RequestMappingHandlerMapping:register:543 - Mapped "{[/selectCrowd/selectCrowdCount],methods=[GET]}" onto public cn.koboro.offlineservice.pojo.vo.ResultVO SelectCrowdController.selectCrowdCount(java.lang.String,java.lang.String,java.lang.String,java.lang.String)
2018-08-20 15:59:31,943  INFO [main] o.s.w.s.m.m.a.RequestMappingHandlerMapping:register:543 - Mapped "{[/sendAMessage/pageRecording],methods=[GET]}" onto public java.lang.String SendAMessageController.pendingCustomers2(org.springframework.ui.ModelMap,java.lang.String)
2018-08-20 15:59:31,944  INFO [main] o.s.w.s.m.m.a.RequestMappingHandlerMapping:register:543 - Mapped "{[/sendAMessage/sendAMessageList],methods=[GET]}" onto public java.lang.String SendAMessageController.sendAMessageList(java.util.Map<java.lang.String, java.lang.String>,org.springframework.ui.ModelMap) throws java.text.ParseException
2018-08-20 15:59:31,946  INFO [main] o.s.w.s.m.m.a.RequestMappingHandlerMapping:register:543 - Mapped "{[/sendAMessage/page],methods=[GET]}" onto public java.lang.String SendAMessageController.sendAMessage(org.springframework.ui.ModelMap,java.lang.String)
2018-08-20 15:59:31,948  INFO [main] o.s.w.s.m.m.a.RequestMappingHandlerMapping:register:543 - Mapped "{[/serviceAnalyze/list],methods=[GET]}" onto public java.lang.String ServiceAnalyzeController.list()
2018-08-20 15:59:31,948  INFO [main] o.s.w.s.m.m.a.RequestMappingHandlerMapping:register:543 - Mapped "{[/serviceAnalyze/findServiceDetail],methods=[GET]}" onto public cn.koboro.offlineservice.pojo.vo.ResultVO ServiceAnalyzeController.findServiceDetail(javax.servlet.http.HttpServletRequest,java.util.Map<java.lang.String, java.lang.Object>)
2018-08-20 15:59:31,949  INFO [main] o.s.w.s.m.m.a.RequestMappingHandlerMapping:register:543 - Mapped "{[/serviceAnalyze/serviceStatistics],methods=[GET]}" onto public java.lang.String ServiceAnalyzeController.serviceStatistics(javax.servlet.http.HttpServletRequest,java.util.Map<java.lang.String, java.lang.Object>,org.springframework.ui.ModelMap)
2018-08-20 15:59:31,952  INFO [main] o.s.w.s.m.m.a.RequestMappingHandlerMapping:register:543 - Mapped "{[/serviceAnalyze/selectAllData],methods=[GET]}" onto public cn.koboro.offlineservice.pojo.vo.ResultVO ServiceAnalyzeController.selectAllData(javax.servlet.http.HttpServletRequest,java.util.Map<java.lang.String, java.lang.Object>)
2018-08-20 15:59:31,958  INFO [main] o.s.w.s.m.m.a.RequestMappingHandlerMapping:register:543 - Mapped "{[/ServiceTask/index],methods=[GET]}" onto public java.lang.String ServiceTaskController.list(org.springframework.ui.ModelMap)
2018-08-20 15:59:31,959  INFO [main] o.s.w.s.m.m.a.RequestMappingHandlerMapping:register:543 - Mapped "{[/deleteServiceTaskById],methods=[POST]}" onto public java.lang.String ServiceTaskController.deleteServiceTaskById(java.lang.String)
2018-08-20 15:59:31,959  INFO [main] o.s.w.s.m.m.a.RequestMappingHandlerMapping:register:543 - Mapped "{[/servicesAvailableSelectAll],methods=[GET]}" onto public java.util.Map ServiceTaskController.servicesAvailableSelectAll()
2018-08-20 15:59:31,959  INFO [main] o.s.w.s.m.m.a.RequestMappingHandlerMapping:register:543 - Mapped "{[/updServiceTaskController],methods=[GET]}" onto public java.lang.String ServiceTaskController.updServiceTaskController(java.lang.String[],java.lang.Integer[],java.lang.String[],java.lang.String[],java.lang.String[],java.lang.String[],java.lang.Integer[],java.lang.Integer[],java.lang.Integer[],java.lang.String[],java.lang.String[],java.lang.String[],java.lang.String[],java.lang.String[],java.lang.String[],java.util.Map<java.lang.String, java.lang.String>) throws java.text.ParseException
2018-08-20 15:59:31,960  INFO [main] o.s.w.s.m.m.a.RequestMappingHandlerMapping:register:543 - Mapped "{[/addServiceTaskController],methods=[GET]}" onto public java.lang.String ServiceTaskController.addServiceTaskController(java.lang.String[],java.lang.Integer[],java.lang.String[],java.lang.String[],java.lang.String[],java.lang.String[],java.lang.Integer[],java.lang.Integer[],java.lang.String[],java.lang.String[],java.lang.String[],java.lang.String[],java.lang.String[],java.lang.String[],java.util.Map<java.lang.String, java.lang.String>) throws java.text.ParseException
2018-08-20 15:59:31,960  INFO [main] o.s.w.s.m.m.a.RequestMappingHandlerMapping:register:543 - Mapped "{[/selectHealthThemeTemplate],methods=[GET]}" onto public java.util.Map ServiceTaskController.healthThemeTemplateSelectAll()
2018-08-20 15:59:31,962  INFO [main] o.s.w.s.m.m.a.RequestMappingHandlerMapping:register:543 - Mapped "{[/servicesGroupSelectAll],methods=[GET]}" onto public java.util.Map ServiceTaskController.servicesGroupSelectAll()
2018-08-20 15:59:31,962  INFO [main] o.s.w.s.m.m.a.RequestMappingHandlerMapping:register:543 - Mapped "{[/upload],methods=[POST]}" onto public java.util.Map ServiceTaskController.upload(org.springframework.web.multipart.MultipartFile)
2018-08-20 15:59:31,962  INFO [main] o.s.w.s.m.m.a.RequestMappingHandlerMapping:register:543 - Mapped "{[/doctorSelectAll],methods=[GET]}" onto public java.util.Map ServiceTaskController.doctorSelectAll()
2018-08-20 15:59:31,963  INFO [main] o.s.w.s.m.m.a.RequestMappingHandlerMapping:register:543 - Mapped "{[/updatePageServiceTask],methods=[GET]}" onto public java.lang.String ServiceTaskController.updatePage(java.lang.String,org.springframework.ui.ModelMap)
2018-08-20 15:59:31,966  INFO [main] o.s.w.s.m.m.a.RequestMappingHandlerMapping:register:543 - Mapped "{[/todayServiceCustomers/selectAll],methods=[GET]}" onto public java.lang.String TodayServiceCustomersController.selectAll(javax.servlet.http.HttpServletRequest,org.springframework.ui.ModelMap,java.util.Map<java.lang.String, java.lang.Object>)
2018-08-20 15:59:31,966  INFO [main] o.s.w.s.m.m.a.RequestMappingHandlerMapping:register:543 - Mapped "{[/todayServiceCustomers/detail],methods=[GET]}" onto public java.lang.String TodayServiceCustomersController.detail(javax.servlet.http.HttpServletRequest,org.springframework.ui.ModelMap,cn.koboro.offlineservice.pojo.entity.TodayServiceCustomers)
2018-08-20 15:59:31,967  INFO [main] o.s.w.s.m.m.a.RequestMappingHandlerMapping:register:543 - Mapped "{[/todayServiceCustomers/selectCompletedListAll],methods=[GET]}" onto public cn.koboro.offlineservice.pojo.vo.ResultVO TodayServiceCustomersController.selectCompletedListAll(java.util.Map<java.lang.String, java.lang.Object>)
2018-08-20 15:59:31,967  INFO [main] o.s.w.s.m.m.a.RequestMappingHandlerMapping:register:543 - Mapped "{[/todayServiceCustomers/selectDetailsList],methods=[GET]}" onto public java.lang.String TodayServiceCustomersController.selectDetailsList(org.springframework.ui.ModelMap,java.util.Map<java.lang.String, java.lang.Object>)
2018-08-20 15:59:31,968  INFO [main] o.s.w.s.m.m.a.RequestMappingHandlerMapping:register:543 - Mapped "{[/todayServiceCustomers/findServiceCustomer],methods=[GET]}" onto public cn.koboro.offlineservice.pojo.vo.ResultVO TodayServiceCustomersController.findServiceCustomer(javax.servlet.http.HttpServletRequest,org.springframework.ui.ModelMap,java.util.Map<java.lang.String, java.lang.Object>)
2018-08-20 15:59:31,968  INFO [main] o.s.w.s.m.m.a.RequestMappingHandlerMapping:register:543 - Mapped "{[/todayServiceCustomers/selectCompletedList],methods=[GET]}" onto public java.lang.String TodayServiceCustomersController.selectCompletedList(javax.servlet.http.HttpServletRequest,org.springframework.ui.ModelMap,java.util.Map<java.lang.String, java.lang.Object>)
2018-08-20 15:59:31,968  INFO [main] o.s.w.s.m.m.a.RequestMappingHandlerMapping:register:543 - Mapped "{[/todayServiceCustomers/findServiceRecord],methods=[GET]}" onto public java.lang.String TodayServiceCustomersController.findServiceRecord(javax.servlet.http.HttpServletRequest,org.springframework.ui.ModelMap,java.util.Map<java.lang.String, java.lang.Object>)
2018-08-20 15:59:31,969  INFO [main] o.s.w.s.m.m.a.RequestMappingHandlerMapping:register:543 - Mapped "{[/todayServiceCustomers/findServiceRecordData],methods=[GET]}" onto public java.util.List<java.util.Map<java.lang.String, java.lang.Object>> TodayServiceCustomersController.findServiceRecordData(javax.servlet.http.HttpServletRequest,org.springframework.ui.ModelMap,java.util.Map<java.lang.String, java.lang.Object>)
2018-08-20 15:59:31,969  INFO [main] o.s.w.s.m.m.a.RequestMappingHandlerMapping:register:543 - Mapped "{[/todayServiceCustomers/findOtherItem],methods=[GET]}" onto public java.util.List<java.util.Map<java.lang.String, java.lang.Object>> TodayServiceCustomersController.findOtherItem(javax.servlet.http.HttpServletRequest,org.springframework.ui.ModelMap,java.util.Map<java.lang.String, java.lang.Object>)
2018-08-20 15:59:31,969  INFO [main] o.s.w.s.m.m.a.RequestMappingHandlerMapping:register:543 - Mapped "{[/todayServiceCustomers/saveServiceItem],methods=[POST]}" onto public boolean TodayServiceCustomersController.saveServiceItem(javax.servlet.http.HttpServletRequest,org.springframework.ui.ModelMap,java.util.Map<java.lang.String, java.lang.Object>)
2018-08-20 15:59:31,970  INFO [main] o.s.w.s.m.m.a.RequestMappingHandlerMapping:register:543 - Mapped "{[/todayServiceCustomers/findDoctors],methods=[GET]}" onto public java.util.List<java.util.Map<java.lang.String, java.lang.Object>> TodayServiceCustomersController.findDoctors()
2018-08-20 15:59:31,970  INFO [main] o.s.w.s.m.m.a.RequestMappingHandlerMapping:register:543 - Mapped "{[/todayServiceCustomers/abortMission],methods=[POST]}" onto public boolean TodayServiceCustomersController.abortMission(javax.servlet.http.HttpServletRequest,org.springframework.ui.ModelMap,java.util.Map<java.lang.String, java.lang.Object>)
2018-08-20 15:59:31,970  INFO [main] o.s.w.s.m.m.a.RequestMappingHandlerMapping:register:543 - Mapped "{[/todayServiceCustomers/printItems],methods=[GET]}" onto public java.lang.String TodayServiceCustomersController.printItems(javax.servlet.http.HttpServletRequest,org.springframework.ui.ModelMap,java.util.Map<java.lang.String, java.lang.Object>)
2018-08-20 15:59:31,971  INFO [main] o.s.w.s.m.m.a.RequestMappingHandlerMapping:register:543 - Mapped "{[/todayServiceCustomers/selectItem],methods=[GET]}" onto public java.lang.String TodayServiceCustomersController.selectItem(javax.servlet.http.HttpServletRequest,org.springframework.ui.ModelMap,java.util.Map<java.lang.String, java.lang.Object>)
2018-08-20 15:59:31,973  INFO [main] o.s.w.s.m.m.a.RequestMappingHandlerMapping:register:543 - Mapped "{[/error]}" onto public org.springframework.http.ResponseEntity<java.util.Map<java.lang.String, java.lang.Object>> org.springframework.boot.autoconfigure.web.BasicErrorController.error(javax.servlet.http.HttpServletRequest)
2018-08-20 15:59:31,974  INFO [main] o.s.w.s.m.m.a.RequestMappingHandlerMapping:register:543 - Mapped "{[/error],produces=[text/html]}" onto public org.springframework.web.servlet.ModelAndView org.springframework.boot.autoconfigure.web.BasicErrorController.errorHtml(javax.servlet.http.HttpServletRequest,javax.servlet.http.HttpServletResponse)
2018-08-20 15:59:32,027  INFO [main] o.s.w.s.h.SimpleUrlHandlerMapping:registerHandler:349 - Root mapping to handler of type [class org.springframework.web.servlet.mvc.ParameterizableViewController]
2018-08-20 15:59:32,048  INFO [main] o.s.w.s.h.SimpleUrlHandlerMapping:registerHandler:362 - Mapped URL path [/webjars/**] onto handler of type [class org.springframework.web.servlet.resource.ResourceHttpRequestHandler]
2018-08-20 15:59:32,049  INFO [main] o.s.w.s.h.SimpleUrlHandlerMapping:registerHandler:362 - Mapped URL path [/**] onto handler of type [class org.springframework.web.servlet.resource.ResourceHttpRequestHandler]
2018-08-20 15:59:32,080  INFO [main] o.s.w.s.m.m.a.ExceptionHandlerExceptionResolver:initExceptionHandlerAdviceCache:273 - Detected @ExceptionHandler methods in jsonExceptionHandle
2018-08-20 15:59:32,081  INFO [main] o.s.w.s.m.m.a.ExceptionHandlerExceptionResolver:initExceptionHandlerAdviceCache:273 - Detected @ExceptionHandler methods in pageExceptionHandle
2018-08-20 15:59:32,145  INFO [main] o.s.w.s.h.SimpleUrlHandlerMapping:registerHandler:362 - Mapped URL path [/**/favicon.ico] onto handler of type [class org.springframework.web.servlet.resource.ResourceHttpRequestHandler]
2018-08-20 15:59:32,265  INFO [main] t.m.m.a.MapperCacheDisabler:removeStaticCache:60 - Clear tk.mybatis.mapper.util.MsUtil CLASS_CACHE cache.
2018-08-20 15:59:32,268  INFO [main] t.m.m.a.MapperCacheDisabler:removeStaticCache:60 - Clear tk.mybatis.mapper.genid.GenIdUtil CACHE cache.
2018-08-20 15:59:32,269  INFO [main] t.m.m.a.MapperCacheDisabler:removeStaticCache:60 - Clear tk.mybatis.mapper.version.VersionUtil CACHE cache.
2018-08-20 15:59:32,269  INFO [main] t.m.m.a.MapperCacheDisabler:removeEntityHelperCache:83 - Clear EntityHelper entityTableMap cache.
2018-08-20 15:59:32,949  INFO [main] o.s.b.d.a.OptionalLiveReloadServer:startServer:58 - LiveReload server is running on port 35729
2018-08-20 15:59:33,056  INFO [main] o.s.j.e.a.AnnotationMBeanExporter:afterSingletonsInstantiated:431 - Registering beans for JMX exposure on startup
2018-08-20 15:59:33,128  INFO [main] o.a.c.h.Http11NioProtocol:log:179 - Initializing ProtocolHandler ["http-nio-8083"]
2018-08-20 15:59:33,173  INFO [main] o.a.c.h.Http11NioProtocol:log:179 - Starting ProtocolHandler ["http-nio-8083"]
2018-08-20 15:59:33,231  INFO [main] o.a.t.u.n.NioSelectorPool:log:179 - Using a shared selector for servlet write/read
2018-08-20 15:59:33,380  INFO [main] o.s.b.c.e.t.TomcatEmbeddedServletContainer:start:201 - Tomcat started on port(s): 8083 (http)
2018-08-20 15:59:33,389  INFO [main] c.k.o.StartApplication:logStarted:57 - Started StartApplication in 18.514 seconds (JVM running for 27.097)
2018-08-20 16:01:43,887  INFO [http-nio-8083-exec-10] o.a.c.c.C.[.[.[/offlineService]:log:179 - Initializing Spring FrameworkServlet 'dispatcherServlet'
2018-08-20 16:01:43,889  INFO [http-nio-8083-exec-10] o.s.w.s.DispatcherServlet:initServletBean:489 - FrameworkServlet 'dispatcherServlet': initialization started
2018-08-20 16:01:43,929  INFO [http-nio-8083-exec-10] o.s.w.s.DispatcherServlet:initServletBean:508 - FrameworkServlet 'dispatcherServlet': initialization completed in 40 ms
2018-08-20 16:02:08,394  INFO [main] c.k.o.StartApplication:logStarting:48 - Starting StartApplication on DESKTOP-DKMTUNR with PID 14348 (D:\project\kbr-offlineService\target\classes started by admin in D:\project\kbr-offlineService)
2018-08-20 16:02:08,395  INFO [main] c.k.o.StartApplication:logStartupProfileInfo:597 - The following profiles are active: dev
2018-08-20 16:02:08,546  INFO [main] o.s.b.c.e.AnnotationConfigEmbeddedWebApplicationContext:prepareRefresh:583 - Refreshing org.springframework.boot.context.embedded.AnnotationConfigEmbeddedWebApplicationContext@3a3e4aff: startup date [Mon Aug 20 16:02:08 CST 2018]; root of context hierarchy
2018-08-20 16:02:09,059  INFO [background-preinit] o.h.v.i.u.Version:<clinit>:30 - HV000001: Hibernate Validator 5.3.6.Final
2018-08-20 16:02:10,912  WARN [main] o.s.c.a.ClassPathScanningCandidateComponentProvider:doScan:142 - No MyBatis mapper was found in '[cn.koboro.offlineservice]' package. Please check your configuration.
2018-08-20 16:02:11,046  WARN [main] o.s.c.a.ClassPathScanningCandidateComponentProvider:doScan:166 - No MyBatis mapper was found in '[cn.koboro.offlineservice]' package. Please check your configuration.
2018-08-20 16:02:12,029  INFO [main] o.s.c.s.PostProcessorRegistrationDelegate$BeanPostProcessorChecker:postProcessAfterInitialization:327 - Bean 'shiroCasConfiguration' of type [cn.koboro.offlineservice.configuration.ShiroCasConfiguration$$EnhancerBySpringCGLIB$$a5ad7b15] is not eligible for getting processed by all BeanPostProcessors (for example: not eligible for auto-proxying)
2018-08-20 16:02:12,247  INFO [main] o.s.c.s.PostProcessorRegistrationDelegate$BeanPostProcessorChecker:postProcessAfterInitialization:327 - Bean 'securityManager' of type [org.apache.shiro.web.mgt.DefaultWebSecurityManager] is not eligible for getting processed by all BeanPostProcessors (for example: not eligible for auto-proxying)
2018-08-20 16:02:12,275  INFO [main] o.s.c.s.PostProcessorRegistrationDelegate$BeanPostProcessorChecker:postProcessAfterInitialization:327 - Bean 'casFilter' of type [org.apache.shiro.cas.CasFilter] is not eligible for getting processed by all BeanPostProcessors (for example: not eligible for auto-proxying)
2018-08-20 16:02:12,530  INFO [main] o.s.c.s.PostProcessorRegistrationDelegate$BeanPostProcessorChecker:postProcessAfterInitialization:327 - Bean 'org.springframework.transaction.annotation.ProxyTransactionManagementConfiguration' of type [org.springframework.transaction.annotation.ProxyTransactionManagementConfiguration$$EnhancerBySpringCGLIB$$595e4435] is not eligible for getting processed by all BeanPostProcessors (for example: not eligible for auto-proxying)
2018-08-20 16:02:14,261  INFO [main] o.s.b.c.e.t.TomcatEmbeddedServletContainer:initialize:89 - Tomcat initialized with port(s): 8083 (http)
2018-08-20 16:02:14,294  INFO [main] o.a.c.c.StandardService:log:179 - Starting service [Tomcat]
2018-08-20 16:02:14,298  INFO [main] o.a.c.c.StandardEngine:log:179 - Starting Servlet Engine: Apache Tomcat/8.5.23
2018-08-20 16:02:14,864  INFO [localhost-startStop-1] o.a.j.s.TldScanner:log:179 - At least one JAR was scanned for TLDs yet contained no TLDs. Enable debug logging for this logger for a complete list of JARs that were scanned but no TLDs were found in them. Skipping unneeded JARs during scanning can improve startup time and JSP compilation time.
2018-08-20 16:02:14,881  INFO [localhost-startStop-1] o.a.c.c.C.[.[.[/offlineService]:log:179 - Initializing Spring embedded WebApplicationContext
2018-08-20 16:02:14,882  INFO [localhost-startStop-1] o.s.w.c.ContextLoader:prepareEmbeddedWebApplicationContext:276 - Root WebApplicationContext: initialization completed in 6336 ms
2018-08-20 16:02:15,360  INFO [localhost-startStop-1] o.s.b.w.s.FilterRegistrationBean:configure:258 - Mapping filter: 'characterEncodingFilter' to: [/*]
2018-08-20 16:02:15,361  INFO [localhost-startStop-1] o.s.b.w.s.FilterRegistrationBean:configure:258 - Mapping filter: 'hiddenHttpMethodFilter' to: [/*]
2018-08-20 16:02:15,361  INFO [localhost-startStop-1] o.s.b.w.s.FilterRegistrationBean:configure:258 - Mapping filter: 'httpPutFormContentFilter' to: [/*]
2018-08-20 16:02:15,361  INFO [localhost-startStop-1] o.s.b.w.s.FilterRegistrationBean:configure:258 - Mapping filter: 'requestContextFilter' to: [/*]
2018-08-20 16:02:15,362  INFO [localhost-startStop-1] o.s.b.w.s.FilterRegistrationBean:configure:271 - Mapping filter: 'delegatingFilterProxy' to urls: [/*]
2018-08-20 16:02:15,362  INFO [localhost-startStop-1] o.s.b.w.s.FilterRegistrationBean:configure:258 - Mapping filter: 'casFilter' to: [/*]
2018-08-20 16:02:15,362  INFO [localhost-startStop-1] o.s.b.w.s.FilterRegistrationBean:configure:258 - Mapping filter: 'shiroFilter' to: [/*]
2018-08-20 16:02:15,362  INFO [localhost-startStop-1] o.s.b.w.s.ServletRegistrationBean:onStartup:190 - Mapping servlet: 'dispatcherServlet' to [/]
2018-08-20 16:02:19,494  INFO [main] o.s.w.s.m.m.a.RequestMappingHandlerAdapter:initControllerAdviceCache:534 - Looking for @ControllerAdvice: org.springframework.boot.context.embedded.AnnotationConfigEmbeddedWebApplicationContext@3a3e4aff: startup date [Mon Aug 20 16:02:08 CST 2018]; root of context hierarchy
2018-08-20 16:02:19,631  INFO [main] o.s.w.s.m.m.a.RequestMappingHandlerMapping:register:543 - Mapped "{[/demo/findAll]}" onto public java.lang.String DemoController.findAll(javax.servlet.http.HttpServletRequest,org.springframework.ui.ModelMap)
2018-08-20 16:02:19,654  INFO [main] o.s.w.s.m.m.a.RequestMappingHandlerMapping:register:543 - Mapped "{[/healthThemeTask/publish],methods=[POST]}" onto public cn.koboro.offlineservice.pojo.vo.ResultVO HealthThemeTaskController.publish(javax.servlet.http.HttpServletRequest,org.springframework.ui.ModelMap,java.lang.String,java.lang.String)
2018-08-20 16:02:19,655  INFO [main] o.s.w.s.m.m.a.RequestMappingHandlerMapping:register:543 - Mapped "{[/healthThemeTask/selectReleaseTime],methods=[GET]}" onto public java.lang.String HealthThemeTaskController.selectReleaseTime(javax.servlet.http.HttpServletRequest,org.springframework.ui.ModelMap,java.lang.String)
2018-08-20 16:02:19,656  INFO [main] o.s.w.s.m.m.a.RequestMappingHandlerMapping:register:543 - Mapped "{[/healthThemeTask/findAllTask],methods=[GET]}" onto public cn.koboro.offlineservice.pojo.vo.ResultVO HealthThemeTaskController.findAllTask(javax.servlet.http.HttpServletRequest,org.springframework.ui.ModelMap,java.util.Map<java.lang.String, java.lang.Object>)
2018-08-20 16:02:19,657  INFO [main] o.s.w.s.m.m.a.RequestMappingHandlerMapping:register:543 - Mapped "{[/healthThemeTask/selectAll],methods=[GET]}" onto public java.lang.String HealthThemeTaskController.selectAll(javax.servlet.http.HttpServletRequest,org.springframework.ui.ModelMap,java.util.Map<java.lang.String, java.lang.Object>)
2018-08-20 16:02:19,660  INFO [main] o.s.w.s.m.m.a.RequestMappingHandlerMapping:register:543 - Mapped "{[/healthTheme/add],methods=[GET]}" onto public java.lang.String HealthThemeTemplateController.add(javax.servlet.http.HttpServletRequest,org.springframework.ui.ModelMap)
2018-08-20 16:02:19,661  INFO [main] o.s.w.s.m.m.a.RequestMappingHandlerMapping:register:543 - Mapped "{[/healthTheme/save],methods=[POST]}" onto public cn.koboro.offlineservice.pojo.vo.ResultVO HealthThemeTemplateController.save(javax.servlet.http.HttpServletRequest,org.springframework.ui.ModelMap,cn.koboro.offlineservice.pojo.entity.HealthThemeTemplate)
2018-08-20 16:02:19,661  INFO [main] o.s.w.s.m.m.a.RequestMappingHandlerMapping:register:543 - Mapped "{[/healthTheme/saveUpdate],methods=[POST]}" onto public cn.koboro.offlineservice.pojo.vo.ResultVO HealthThemeTemplateController.saveUpdate(javax.servlet.http.HttpServletRequest,org.springframework.ui.ModelMap,cn.koboro.offlineservice.pojo.entity.HealthThemeTemplate)
2018-08-20 16:02:19,662  INFO [main] o.s.w.s.m.m.a.RequestMappingHandlerMapping:register:543 - Mapped "{[/healthTheme/deleteById],methods=[POST]}" onto public cn.koboro.offlineservice.pojo.vo.ResultVO HealthThemeTemplateController.deleteById(javax.servlet.http.HttpServletRequest,org.springframework.ui.ModelMap,java.lang.String)
2018-08-20 16:02:19,662  INFO [main] o.s.w.s.m.m.a.RequestMappingHandlerMapping:register:543 - Mapped "{[/healthTheme/selectAll],methods=[GET]}" onto public java.lang.String HealthThemeTemplateController.selectAll(javax.servlet.http.HttpServletRequest,org.springframework.ui.ModelMap)
2018-08-20 16:02:19,663  INFO [main] o.s.w.s.m.m.a.RequestMappingHandlerMapping:register:543 - Mapped "{[/healthTheme/findTemplate],methods=[GET]}" onto public cn.koboro.offlineservice.pojo.vo.ResultVO HealthThemeTemplateController.findTemplate(javax.servlet.http.HttpServletRequest,java.lang.String)
2018-08-20 16:02:19,663  INFO [main] o.s.w.s.m.m.a.RequestMappingHandlerMapping:register:543 - Mapped "{[/healthTheme/updateById],methods=[GET]}" onto public java.lang.String HealthThemeTemplateController.updateById(javax.servlet.http.HttpServletRequest,org.springframework.ui.ModelMap,cn.koboro.offlineservice.pojo.entity.HealthThemeTemplate)
2018-08-20 16:02:19,664  INFO [main] o.s.w.s.m.m.a.RequestMappingHandlerMapping:register:543 - Mapped "{[/menu/add],methods=[GET || POST]}" onto public java.lang.String MenuPageController.add()
2018-08-20 16:02:19,665  INFO [main] o.s.w.s.m.m.a.RequestMappingHandlerMapping:register:543 - Mapped "{[/menu/list],methods=[GET || POST]}" onto public java.lang.String MenuPageController.list(org.springframework.ui.ModelMap)
2018-08-20 16:02:19,666  INFO [main] o.s.w.s.m.m.a.RequestMappingHandlerMapping:register:543 - Mapped "{[/menu/iframe],methods=[GET || POST]}" onto public java.lang.String MenuPageController.testIframe()
2018-08-20 16:02:19,668  INFO [main] o.s.w.s.m.m.a.RequestMappingHandlerMapping:register:543 - Mapped "{[/pendingcustomers/customizeList],methods=[GET]}" onto public cn.koboro.offlineservice.pojo.vo.ResultVO PendingCustomersController.customizeList(org.springframework.ui.ModelMap,java.util.Map<java.lang.String, java.lang.String>)
2018-08-20 16:02:19,669  INFO [main] o.s.w.s.m.m.a.RequestMappingHandlerMapping:register:543 - Mapped "{[/pendingcustomers/saveCustomize],methods=[GET]}" onto public java.lang.String PendingCustomersController.saveCustomize(java.util.Map<java.lang.String, java.lang.String>)
2018-08-20 16:02:19,669  INFO [main] o.s.w.s.m.m.a.RequestMappingHandlerMapping:register:543 - Mapped "{[/pendingcustomers/selectCustomize],methods=[GET]}" onto public java.lang.String PendingCustomersController.selectCustomize(org.springframework.ui.ModelMap,java.util.Map<java.lang.String, java.lang.String>)
2018-08-20 16:02:19,670  INFO [main] o.s.w.s.m.m.a.RequestMappingHandlerMapping:register:543 - Mapped "{[/pendingcustomers/customizePage],methods=[GET]}" onto public java.lang.String PendingCustomersController.customizePage(org.springframework.ui.ModelMap,java.util.Map<java.lang.String, java.lang.String>)
2018-08-20 16:02:19,670  INFO [main] o.s.w.s.m.m.a.RequestMappingHandlerMapping:register:543 - Mapped "{[/pendingcustomers/list],methods=[GET]}" onto public cn.koboro.offlineservice.pojo.vo.ResultVO PendingCustomersController.pendingCustomerslist(org.springframework.ui.ModelMap,java.util.Map<java.lang.String, java.lang.String>)
2018-08-20 16:02:19,671  INFO [main] o.s.w.s.m.m.a.RequestMappingHandlerMapping:register:543 - Mapped "{[/pendingcustomers/page],methods=[GET]}" onto public java.lang.String PendingCustomersController.pendingCustomers(org.springframework.ui.ModelMap,java.util.Map<java.lang.String, java.lang.String>)
2018-08-20 16:02:19,674  INFO [main] o.s.w.s.m.m.a.RequestMappingHandlerMapping:register:543 - Mapped "{[/selectCrowd/page],methods=[GET]}" onto public java.lang.String SelectCrowdController.selectCrowdList(org.springframework.ui.ModelMap,java.lang.String)
2018-08-20 16:02:19,674  INFO [main] o.s.w.s.m.m.a.RequestMappingHandlerMapping:register:543 - Mapped "{[/selectCrowd/page2],methods=[GET]}" onto public java.lang.String SelectCrowdController.selectThemeList(org.springframework.ui.ModelMap,java.lang.String)
2018-08-20 16:02:19,675  INFO [main] o.s.w.s.m.m.a.RequestMappingHandlerMapping:register:543 - Mapped "{[/selectCrowd/selectCrowdCount],methods=[GET]}" onto public cn.koboro.offlineservice.pojo.vo.ResultVO SelectCrowdController.selectCrowdCount(java.lang.String,java.lang.String,java.lang.String,java.lang.String)
2018-08-20 16:02:19,675  INFO [main] o.s.w.s.m.m.a.RequestMappingHandlerMapping:register:543 - Mapped "{[/selectCrowd/selectCrowdHealthThemeScreeningList],methods=[GET]}" onto public cn.koboro.offlineservice.pojo.vo.ResultVO SelectCrowdController.selectCrowdHealthThemeScreeningList(java.util.Map<java.lang.String, java.lang.String>)
2018-08-20 16:02:19,676  INFO [main] o.s.w.s.m.m.a.RequestMappingHandlerMapping:register:543 - Mapped "{[/selectCrowd/list],methods=[GET]}" onto public cn.koboro.offlineservice.pojo.vo.ResultVO SelectCrowdController.selectCrowdListAll(java.util.Map<java.lang.String, java.lang.String>)
2018-08-20 16:02:19,677  INFO [main] o.s.w.s.m.m.a.RequestMappingHandlerMapping:register:543 - Mapped "{[/sendAMessage/page],methods=[GET]}" onto public java.lang.String SendAMessageController.sendAMessage(org.springframework.ui.ModelMap,java.lang.String)
2018-08-20 16:02:19,677  INFO [main] o.s.w.s.m.m.a.RequestMappingHandlerMapping:register:543 - Mapped "{[/sendAMessage/sendAMessageList],methods=[GET]}" onto public java.lang.String SendAMessageController.sendAMessageList(java.util.Map<java.lang.String, java.lang.String>,org.springframework.ui.ModelMap) throws java.text.ParseException
2018-08-20 16:02:19,678  INFO [main] o.s.w.s.m.m.a.RequestMappingHandlerMapping:register:543 - Mapped "{[/sendAMessage/pageRecording],methods=[GET]}" onto public java.lang.String SendAMessageController.pendingCustomers2(org.springframework.ui.ModelMap,java.lang.String)
2018-08-20 16:02:19,679  INFO [main] o.s.w.s.m.m.a.RequestMappingHandlerMapping:register:543 - Mapped "{[/serviceAnalyze/list],methods=[GET]}" onto public java.lang.String ServiceAnalyzeController.list()
2018-08-20 16:02:19,679  INFO [main] o.s.w.s.m.m.a.RequestMappingHandlerMapping:register:543 - Mapped "{[/serviceAnalyze/selectAllData],methods=[GET]}" onto public cn.koboro.offlineservice.pojo.vo.ResultVO ServiceAnalyzeController.selectAllData(javax.servlet.http.HttpServletRequest,java.util.Map<java.lang.String, java.lang.Object>)
2018-08-20 16:02:19,681  INFO [main] o.s.w.s.m.m.a.RequestMappingHandlerMapping:register:543 - Mapped "{[/serviceAnalyze/findServiceDetail],methods=[GET]}" onto public cn.koboro.offlineservice.pojo.vo.ResultVO ServiceAnalyzeController.findServiceDetail(javax.servlet.http.HttpServletRequest,java.util.Map<java.lang.String, java.lang.Object>)
2018-08-20 16:02:19,682  INFO [main] o.s.w.s.m.m.a.RequestMappingHandlerMapping:register:543 - Mapped "{[/serviceAnalyze/serviceStatistics],methods=[GET]}" onto public java.lang.String ServiceAnalyzeController.serviceStatistics(javax.servlet.http.HttpServletRequest,java.util.Map<java.lang.String, java.lang.Object>,org.springframework.ui.ModelMap)
2018-08-20 16:02:19,685  INFO [main] o.s.w.s.m.m.a.RequestMappingHandlerMapping:register:543 - Mapped "{[/ServiceTask/index],methods=[GET]}" onto public java.lang.String ServiceTaskController.list(org.springframework.ui.ModelMap)
2018-08-20 16:02:19,685  INFO [main] o.s.w.s.m.m.a.RequestMappingHandlerMapping:register:543 - Mapped "{[/doctorSelectAll],methods=[GET]}" onto public java.util.Map ServiceTaskController.doctorSelectAll()
2018-08-20 16:02:19,687  INFO [main] o.s.w.s.m.m.a.RequestMappingHandlerMapping:register:543 - Mapped "{[/upload],methods=[POST]}" onto public java.util.Map ServiceTaskController.upload(org.springframework.web.multipart.MultipartFile)
2018-08-20 16:02:19,687  INFO [main] o.s.w.s.m.m.a.RequestMappingHandlerMapping:register:543 - Mapped "{[/updatePageServiceTask],methods=[GET]}" onto public java.lang.String ServiceTaskController.updatePage(java.lang.String,org.springframework.ui.ModelMap)
2018-08-20 16:02:19,688  INFO [main] o.s.w.s.m.m.a.RequestMappingHandlerMapping:register:543 - Mapped "{[/servicesGroupSelectAll],methods=[GET]}" onto public java.util.Map ServiceTaskController.servicesGroupSelectAll()
2018-08-20 16:02:19,688  INFO [main] o.s.w.s.m.m.a.RequestMappingHandlerMapping:register:543 - Mapped "{[/servicesAvailableSelectAll],methods=[GET]}" onto public java.util.Map ServiceTaskController.servicesAvailableSelectAll()
2018-08-20 16:02:19,689  INFO [main] o.s.w.s.m.m.a.RequestMappingHandlerMapping:register:543 - Mapped "{[/addServiceTaskController],methods=[GET]}" onto public java.lang.String ServiceTaskController.addServiceTaskController(java.lang.String[],java.lang.Integer[],java.lang.String[],java.lang.String[],java.lang.String[],java.lang.String[],java.lang.Integer[],java.lang.Integer[],java.lang.String[],java.lang.String[],java.lang.String[],java.lang.String[],java.lang.String[],java.lang.String[],java.util.Map<java.lang.String, java.lang.String>) throws java.text.ParseException
2018-08-20 16:02:19,689  INFO [main] o.s.w.s.m.m.a.RequestMappingHandlerMapping:register:543 - Mapped "{[/selectHealthThemeTemplate],methods=[GET]}" onto public java.util.Map ServiceTaskController.healthThemeTemplateSelectAll()
2018-08-20 16:02:19,689  INFO [main] o.s.w.s.m.m.a.RequestMappingHandlerMapping:register:543 - Mapped "{[/updServiceTaskController],methods=[GET]}" onto public java.lang.String ServiceTaskController.updServiceTaskController(java.lang.String[],java.lang.Integer[],java.lang.String[],java.lang.String[],java.lang.String[],java.lang.String[],java.lang.Integer[],java.lang.Integer[],java.lang.Integer[],java.lang.String[],java.lang.String[],java.lang.String[],java.lang.String[],java.lang.String[],java.lang.String[],java.util.Map<java.lang.String, java.lang.String>) throws java.text.ParseException
2018-08-20 16:02:19,690  INFO [main] o.s.w.s.m.m.a.RequestMappingHandlerMapping:register:543 - Mapped "{[/deleteServiceTaskById],methods=[POST]}" onto public java.lang.String ServiceTaskController.deleteServiceTaskById(java.lang.String)
2018-08-20 16:02:19,693  INFO [main] o.s.w.s.m.m.a.RequestMappingHandlerMapping:register:543 - Mapped "{[/todayServiceCustomers/selectAll],methods=[GET]}" onto public java.lang.String TodayServiceCustomersController.selectAll(javax.servlet.http.HttpServletRequest,org.springframework.ui.ModelMap,java.util.Map<java.lang.String, java.lang.Object>)
2018-08-20 16:02:19,693  INFO [main] o.s.w.s.m.m.a.RequestMappingHandlerMapping:register:543 - Mapped "{[/todayServiceCustomers/detail],methods=[GET]}" onto public java.lang.String TodayServiceCustomersController.detail(javax.servlet.http.HttpServletRequest,org.springframework.ui.ModelMap,cn.koboro.offlineservice.pojo.entity.TodayServiceCustomers)
2018-08-20 16:02:19,694  INFO [main] o.s.w.s.m.m.a.RequestMappingHandlerMapping:register:543 - Mapped "{[/todayServiceCustomers/saveServiceItem],methods=[POST]}" onto public boolean TodayServiceCustomersController.saveServiceItem(javax.servlet.http.HttpServletRequest,org.springframework.ui.ModelMap,java.util.Map<java.lang.String, java.lang.Object>)
2018-08-20 16:02:19,694  INFO [main] o.s.w.s.m.m.a.RequestMappingHandlerMapping:register:543 - Mapped "{[/todayServiceCustomers/abortMission],methods=[POST]}" onto public boolean TodayServiceCustomersController.abortMission(javax.servlet.http.HttpServletRequest,org.springframework.ui.ModelMap,java.util.Map<java.lang.String, java.lang.Object>)
2018-08-20 16:02:19,694  INFO [main] o.s.w.s.m.m.a.RequestMappingHandlerMapping:register:543 - Mapped "{[/todayServiceCustomers/selectItem],methods=[GET]}" onto public java.lang.String TodayServiceCustomersController.selectItem(javax.servlet.http.HttpServletRequest,org.springframework.ui.ModelMap,java.util.Map<java.lang.String, java.lang.Object>)
2018-08-20 16:02:19,695  INFO [main] o.s.w.s.m.m.a.RequestMappingHandlerMapping:register:543 - Mapped "{[/todayServiceCustomers/findDoctors],methods=[GET]}" onto public java.util.List<java.util.Map<java.lang.String, java.lang.Object>> TodayServiceCustomersController.findDoctors()
2018-08-20 16:02:19,695  INFO [main] o.s.w.s.m.m.a.RequestMappingHandlerMapping:register:543 - Mapped "{[/todayServiceCustomers/printItems],methods=[GET]}" onto public java.lang.String TodayServiceCustomersController.printItems(javax.servlet.http.HttpServletRequest,org.springframework.ui.ModelMap,java.util.Map<java.lang.String, java.lang.Object>)
2018-08-20 16:02:19,695  INFO [main] o.s.w.s.m.m.a.RequestMappingHandlerMapping:register:543 - Mapped "{[/todayServiceCustomers/findOtherItem],methods=[GET]}" onto public java.util.List<java.util.Map<java.lang.String, java.lang.Object>> TodayServiceCustomersController.findOtherItem(javax.servlet.http.HttpServletRequest,org.springframework.ui.ModelMap,java.util.Map<java.lang.String, java.lang.Object>)
2018-08-20 16:02:19,696  INFO [main] o.s.w.s.m.m.a.RequestMappingHandlerMapping:register:543 - Mapped "{[/todayServiceCustomers/findServiceRecordData],methods=[GET]}" onto public java.util.List<java.util.Map<java.lang.String, java.lang.Object>> TodayServiceCustomersController.findServiceRecordData(javax.servlet.http.HttpServletRequest,org.springframework.ui.ModelMap,java.util.Map<java.lang.String, java.lang.Object>)
2018-08-20 16:02:19,696  INFO [main] o.s.w.s.m.m.a.RequestMappingHandlerMapping:register:543 - Mapped "{[/todayServiceCustomers/findServiceRecord],methods=[GET]}" onto public java.lang.String TodayServiceCustomersController.findServiceRecord(javax.servlet.http.HttpServletRequest,org.springframework.ui.ModelMap,java.util.Map<java.lang.String, java.lang.Object>)
2018-08-20 16:02:19,697  INFO [main] o.s.w.s.m.m.a.RequestMappingHandlerMapping:register:543 - Mapped "{[/todayServiceCustomers/selectCompletedList],methods=[GET]}" onto public java.lang.String TodayServiceCustomersController.selectCompletedList(javax.servlet.http.HttpServletRequest,org.springframework.ui.ModelMap,java.util.Map<java.lang.String, java.lang.Object>)
2018-08-20 16:02:19,697  INFO [main] o.s.w.s.m.m.a.RequestMappingHandlerMapping:register:543 - Mapped "{[/todayServiceCustomers/findServiceCustomer],methods=[GET]}" onto public cn.koboro.offlineservice.pojo.vo.ResultVO TodayServiceCustomersController.findServiceCustomer(javax.servlet.http.HttpServletRequest,org.springframework.ui.ModelMap,java.util.Map<java.lang.String, java.lang.Object>)
2018-08-20 16:02:19,698  INFO [main] o.s.w.s.m.m.a.RequestMappingHandlerMapping:register:543 - Mapped "{[/todayServiceCustomers/selectCompletedListAll],methods=[GET]}" onto public cn.koboro.offlineservice.pojo.vo.ResultVO TodayServiceCustomersController.selectCompletedListAll(java.util.Map<java.lang.String, java.lang.Object>)
2018-08-20 16:02:19,698  INFO [main] o.s.w.s.m.m.a.RequestMappingHandlerMapping:register:543 - Mapped "{[/todayServiceCustomers/selectDetailsList],methods=[GET]}" onto public java.lang.String TodayServiceCustomersController.selectDetailsList(org.springframework.ui.ModelMap,java.util.Map<java.lang.String, java.lang.Object>)
2018-08-20 16:02:19,702  INFO [main] o.s.w.s.m.m.a.RequestMappingHandlerMapping:register:543 - Mapped "{[/error]}" onto public org.springframework.http.ResponseEntity<java.util.Map<java.lang.String, java.lang.Object>> org.springframework.boot.autoconfigure.web.BasicErrorController.error(javax.servlet.http.HttpServletRequest)
2018-08-20 16:02:19,703  INFO [main] o.s.w.s.m.m.a.RequestMappingHandlerMapping:register:543 - Mapped "{[/error],produces=[text/html]}" onto public org.springframework.web.servlet.ModelAndView org.springframework.boot.autoconfigure.web.BasicErrorController.errorHtml(javax.servlet.http.HttpServletRequest,javax.servlet.http.HttpServletResponse)
2018-08-20 16:02:19,733  INFO [main] o.s.w.s.h.SimpleUrlHandlerMapping:registerHandler:349 - Root mapping to handler of type [class org.springframework.web.servlet.mvc.ParameterizableViewController]
2018-08-20 16:02:19,751  INFO [main] o.s.w.s.h.SimpleUrlHandlerMapping:registerHandler:362 - Mapped URL path [/webjars/**] onto handler of type [class org.springframework.web.servlet.resource.ResourceHttpRequestHandler]
2018-08-20 16:02:19,751  INFO [main] o.s.w.s.h.SimpleUrlHandlerMapping:registerHandler:362 - Mapped URL path [/**] onto handler of type [class org.springframework.web.servlet.resource.ResourceHttpRequestHandler]
2018-08-20 16:02:19,839  INFO [main] o.s.w.s.m.m.a.ExceptionHandlerExceptionResolver:initExceptionHandlerAdviceCache:273 - Detected @ExceptionHandler methods in jsonExceptionHandle
2018-08-20 16:02:19,840  INFO [main] o.s.w.s.m.m.a.ExceptionHandlerExceptionResolver:initExceptionHandlerAdviceCache:273 - Detected @ExceptionHandler methods in pageExceptionHandle
2018-08-20 16:02:19,899  INFO [main] o.s.w.s.h.SimpleUrlHandlerMapping:registerHandler:362 - Mapped URL path [/**/favicon.ico] onto handler of type [class org.springframework.web.servlet.resource.ResourceHttpRequestHandler]
2018-08-20 16:02:20,026  INFO [main] t.m.m.a.MapperCacheDisabler:removeStaticCache:60 - Clear tk.mybatis.mapper.util.MsUtil CLASS_CACHE cache.
2018-08-20 16:02:20,027  INFO [main] t.m.m.a.MapperCacheDisabler:removeStaticCache:60 - Clear tk.mybatis.mapper.genid.GenIdUtil CACHE cache.
2018-08-20 16:02:20,028  INFO [main] t.m.m.a.MapperCacheDisabler:removeStaticCache:60 - Clear tk.mybatis.mapper.version.VersionUtil CACHE cache.
2018-08-20 16:02:20,029  INFO [main] t.m.m.a.MapperCacheDisabler:removeEntityHelperCache:83 - Clear EntityHelper entityTableMap cache.
2018-08-20 16:02:20,854  INFO [main] o.s.b.d.a.OptionalLiveReloadServer:startServer:58 - LiveReload server is running on port 35729
2018-08-20 16:02:20,927  INFO [main] o.s.j.e.a.AnnotationMBeanExporter:afterSingletonsInstantiated:431 - Registering beans for JMX exposure on startup
2018-08-20 16:02:20,973  INFO [main] o.a.c.h.Http11NioProtocol:log:179 - Initializing ProtocolHandler ["http-nio-8083"]
2018-08-20 16:02:21,004  INFO [main] o.a.c.h.Http11NioProtocol:log:179 - Starting ProtocolHandler ["http-nio-8083"]
2018-08-20 16:02:21,029  INFO [main] o.a.t.u.n.NioSelectorPool:log:179 - Using a shared selector for servlet write/read
2018-08-20 16:02:21,163  INFO [main] o.s.b.c.e.t.TomcatEmbeddedServletContainer:start:201 - Tomcat started on port(s): 8083 (http)
2018-08-20 16:02:21,178  INFO [main] c.k.o.StartApplication:logStarted:57 - Started StartApplication in 14.051 seconds (JVM running for 17.255)
2018-08-20 16:02:30,893  INFO [http-nio-8083-exec-1] o.a.c.c.C.[.[.[/offlineService]:log:179 - Initializing Spring FrameworkServlet 'dispatcherServlet'
2018-08-20 16:02:30,894  INFO [http-nio-8083-exec-1] o.s.w.s.DispatcherServlet:initServletBean:489 - FrameworkServlet 'dispatcherServlet': initialization started
2018-08-20 16:02:30,953  INFO [http-nio-8083-exec-1] o.s.w.s.DispatcherServlet:initServletBean:508 - FrameworkServlet 'dispatcherServlet': initialization completed in 59 ms
2018-08-20 16:02:36,205 DEBUG [http-nio-8083-exec-9] c.k.o.r.H.findDoctorByLoginName:debug:159 - ==>  Preparing: SELECT acs.id,kd.doctor_type,kd.doctor_name FROM koboro_doctor kd JOIN acs_user acs ON kd.doctor_id=acs.id where acs.login_name=? 
2018-08-20 16:02:36,281 DEBUG [http-nio-8083-exec-9] c.k.o.r.H.findDoctorByLoginName:debug:159 - ==> Parameters: test1(String)
2018-08-20 16:02:36,313 DEBUG [http-nio-8083-exec-9] c.k.o.r.H.findDoctorByLoginName:debug:159 - <==      Total: 1
2018-08-20 16:02:37,798 DEBUG [http-nio-8083-exec-4] c.k.o.r.H.selectAllByThemeName_COUNT:debug:159 - ==>  Preparing: SELECT count(0) FROM offline_service_health_theme_template WHERE 1 = 1 
2018-08-20 16:02:37,799 DEBUG [http-nio-8083-exec-4] c.k.o.r.H.selectAllByThemeName_COUNT:debug:159 - ==> Parameters: 
2018-08-20 16:02:37,802 DEBUG [http-nio-8083-exec-4] c.k.o.r.H.selectAllByThemeName_COUNT:debug:159 - <==      Total: 1
2018-08-20 16:02:37,805 DEBUG [http-nio-8083-exec-4] c.k.o.r.H.selectAllByThemeName:debug:159 - ==>  Preparing: SELECT * FROM offline_service_health_theme_template where 1=1 LIMIT ? 
2018-08-20 16:02:37,808 DEBUG [http-nio-8083-exec-4] c.k.o.r.H.selectAllByThemeName:debug:159 - ==> Parameters: 10(Integer)
2018-08-20 16:02:37,813 DEBUG [http-nio-8083-exec-4] c.k.o.r.H.selectAllByThemeName:debug:159 - <==      Total: 1
2018-08-20 16:02:38,838 DEBUG [http-nio-8083-exec-10] c.k.o.r.H.findDoctorByLoginName:debug:159 - ==>  Preparing: SELECT acs.id,kd.doctor_type,kd.doctor_name FROM koboro_doctor kd JOIN acs_user acs ON kd.doctor_id=acs.id where acs.login_name=? 
2018-08-20 16:02:38,839 DEBUG [http-nio-8083-exec-10] c.k.o.r.H.findDoctorByLoginName:debug:159 - ==> Parameters: test1(String)
2018-08-20 16:02:38,842 DEBUG [http-nio-8083-exec-10] c.k.o.r.H.findDoctorByLoginName:debug:159 - <==      Total: 1
2018-08-20 16:02:39,130 DEBUG [http-nio-8083-exec-1] c.k.o.r.H.selectAllByThemeName_COUNT:debug:159 - ==>  Preparing: SELECT count(0) FROM offline_service_health_theme_template WHERE 1 = 1 
2018-08-20 16:02:39,131 DEBUG [http-nio-8083-exec-1] c.k.o.r.H.selectAllByThemeName_COUNT:debug:159 - ==> Parameters: 
2018-08-20 16:02:39,134 DEBUG [http-nio-8083-exec-1] c.k.o.r.H.selectAllByThemeName_COUNT:debug:159 - <==      Total: 1
2018-08-20 16:02:39,136 DEBUG [http-nio-8083-exec-1] c.k.o.r.H.selectAllByThemeName:debug:159 - ==>  Preparing: SELECT * FROM offline_service_health_theme_template where 1=1 LIMIT ? 
2018-08-20 16:02:39,136 DEBUG [http-nio-8083-exec-1] c.k.o.r.H.selectAllByThemeName:debug:159 - ==> Parameters: 10(Integer)
2018-08-20 16:02:39,145 DEBUG [http-nio-8083-exec-1] c.k.o.r.H.selectAllByThemeName:debug:159 - <==      Total: 1
2018-08-20 16:02:39,962 DEBUG [http-nio-8083-exec-2] c.k.o.r.H.findDoctorByLoginName:debug:159 - ==>  Preparing: SELECT acs.id,kd.doctor_type,kd.doctor_name FROM koboro_doctor kd JOIN acs_user acs ON kd.doctor_id=acs.id where acs.login_name=? 
2018-08-20 16:02:39,963 DEBUG [http-nio-8083-exec-2] c.k.o.r.H.findDoctorByLoginName:debug:159 - ==> Parameters: test1(String)
2018-08-20 16:02:39,966 DEBUG [http-nio-8083-exec-2] c.k.o.r.H.findDoctorByLoginName:debug:159 - <==      Total: 1
2018-08-20 16:02:39,993 DEBUG [http-nio-8083-exec-2] c.k.o.r.T.findTasksByLoginNameAndDate:debug:159 - ==>  Preparing: SELECT t.* FROM offline_service_health_theme_service_item_join_doctor d JOIN offline_service_health_theme_task t ON d.theme_task_id = t.id WHERE doctor_id = ? AND DATE(t.service_start_time) <= DATE(?) AND DATE(?) <= DATE(t.service_end_time) 
2018-08-20 16:02:39,996 DEBUG [http-nio-8083-exec-2] c.k.o.r.T.findTasksByLoginNameAndDate:debug:159 - ==> Parameters: 776(Integer), 2018-08-20(String), 2018-08-20(String)
2018-08-20 16:02:40,016 DEBUG [http-nio-8083-exec-2] c.k.o.r.T.findTasksByLoginNameAndDate:debug:159 - <==      Total: 1
2018-08-20 16:02:40,033 DEBUG [http-nio-8083-exec-2] c.k.o.r.R.findReservationTimeByTaskId:debug:159 - ==>  Preparing: SELECT * FROM offline_service_reservation_time WHERE theme_task_id=? 
2018-08-20 16:02:40,034 DEBUG [http-nio-8083-exec-2] c.k.o.r.R.findReservationTimeByTaskId:debug:159 - ==> Parameters: 8(Integer)
2018-08-20 16:02:40,043 DEBUG [http-nio-8083-exec-2] c.k.o.r.R.findReservationTimeByTaskId:debug:159 - <==      Total: 2
2018-08-20 16:02:40,049 DEBUG [http-nio-8083-exec-2] c.k.o.r.T.findStatusCustomersByTaskId:debug:159 - ==>  Preparing: SELECT * FROM offline_service_today_service_customers WHERE theme_task_id=? 
2018-08-20 16:02:40,051 DEBUG [http-nio-8083-exec-2] c.k.o.r.T.findStatusCustomersByTaskId:debug:159 - ==> Parameters: 8(Integer)
2018-08-20 16:02:40,099 DEBUG [http-nio-8083-exec-2] c.k.o.r.T.findStatusCustomersByTaskId:debug:159 - <==      Total: 1
2018-08-20 16:02:40,740 DEBUG [http-nio-8083-exec-7] c.k.o.r.T.findCustomersByTaskId_COUNT:debug:159 - ==>  Preparing: SELECT count(0) FROM offline_service_today_service_customers WHERE theme_task_id = ? AND status = ? 
2018-08-20 16:02:40,741 DEBUG [http-nio-8083-exec-7] c.k.o.r.T.findCustomersByTaskId_COUNT:debug:159 - ==> Parameters: 8(Integer), 0(Integer)
2018-08-20 16:02:40,743 DEBUG [http-nio-8083-exec-7] c.k.o.r.T.findCustomersByTaskId_COUNT:debug:159 - <==      Total: 1
2018-08-20 16:02:40,756 DEBUG [http-nio-8083-exec-7] c.k.o.r.T.findCustomersByTaskId:debug:159 - ==>  Preparing: SELECT * FROM offline_service_today_service_customers WHERE theme_task_id=? AND status=? LIMIT ? 
2018-08-20 16:02:40,757 DEBUG [http-nio-8083-exec-7] c.k.o.r.T.findCustomersByTaskId:debug:159 - ==> Parameters: 8(Integer), 0(Integer), 10(Integer)
2018-08-20 16:02:40,760 DEBUG [http-nio-8083-exec-7] c.k.o.r.T.findCustomersByTaskId:debug:159 - <==      Total: 1
2018-08-20 16:02:40,777 DEBUG [http-nio-8083-exec-7] c.k.o.r.T.findCompleteDetail:debug:159 - ==>  Preparing: SELECT COUNT(*) number,status FROM offline_service_today_service_customers_item WHERE theme_task_id=? AND archival_number =? GROUP BY STATUS 
2018-08-20 16:02:40,777 DEBUG [http-nio-8083-exec-7] c.k.o.r.T.findCompleteDetail:debug:159 - ==> Parameters: 8(Integer), 20161220000001(String)
2018-08-20 16:02:40,781 DEBUG [http-nio-8083-exec-7] c.k.o.r.T.findCompleteDetail:debug:159 - <==      Total: 0
2018-08-20 16:02:42,079 DEBUG [http-nio-8083-exec-9] c.k.o.r.S.selectAllData_COUNT:debug:159 - ==>  Preparing: SELECT count(0) FROM (SELECT a.*, COUNT(ci.id) serviceNumber FROM (SELECT t.*, COUNT(c.id) number FROM offline_service_health_theme_task t LEFT JOIN offline_service_today_service_customers c ON t.id = c.theme_task_id LEFT JOIN offline_service_health_theme_template te ON te.id = t.theme_id WHERE 1 = 1 GROUP BY t.id) a LEFT JOIN offline_service_today_service_customers_item ci ON a.id = ci.theme_task_id AND ci.STATUS = 1 GROUP BY a.id) table_count 
2018-08-20 16:02:42,080 DEBUG [http-nio-8083-exec-9] c.k.o.r.S.selectAllData_COUNT:debug:159 - ==> Parameters: 
2018-08-20 16:02:42,088 DEBUG [http-nio-8083-exec-9] c.k.o.r.S.selectAllData_COUNT:debug:159 - <==      Total: 1
2018-08-20 16:02:42,090 DEBUG [http-nio-8083-exec-9] c.k.o.r.S.selectAllData:debug:159 - ==>  Preparing: SELECT a.*, COUNT(ci.id) serviceNumber FROM (SELECT t.*, COUNT(c.id) number FROM offline_service_health_theme_task t LEFT JOIN offline_service_today_service_customers c ON t.id = c.theme_task_id LEFT JOIN offline_service_health_theme_template te ON te.id = t.theme_id WHERE 1 = 1 GROUP BY t.id) a LEFT JOIN offline_service_today_service_customers_item ci ON a.id = ci.theme_task_id AND ci.STATUS = 1 GROUP BY a.id LIMIT ? 
2018-08-20 16:02:42,092 DEBUG [http-nio-8083-exec-9] c.k.o.r.S.selectAllData:debug:159 - ==> Parameters: 10(Integer)
2018-08-20 16:02:42,105 DEBUG [http-nio-8083-exec-9] c.k.o.r.S.selectAllData:debug:159 - <==      Total: 5
