2018-08-17 15:07:08,085  INFO [main] c.k.o.StartApplication:logStarting:48 - Starting StartApplication on DESKTOP-DKMTUNR with PID 13888 (D:\project\kbr-offlineService\target\classes started by admin in D:\project\kbr-offlineService)
2018-08-17 15:07:08,088  INFO [main] c.k.o.StartApplication:logStartupProfileInfo:597 - The following profiles are active: dev
2018-08-17 15:07:08,257  INFO [main] o.s.b.c.e.AnnotationConfigEmbeddedWebApplicationContext:prepareRefresh:583 - Refreshing org.springframework.boot.context.embedded.AnnotationConfigEmbeddedWebApplicationContext@64a4dd8d: startup date [Fri Aug 17 15:07:08 CST 2018]; root of context hierarchy
2018-08-17 15:07:08,721  INFO [background-preinit] o.h.v.i.u.Version:<clinit>:30 - HV000001: Hibernate Validator 5.3.6.Final
2018-08-17 15:07:10,867  WARN [main] o.s.c.a.ClassPathScanningCandidateComponentProvider:doScan:142 - No MyBatis mapper was found in '[cn.koboro.offlineservice]' package. Please check your configuration.
2018-08-17 15:07:10,973  WARN [main] o.s.c.a.ClassPathScanningCandidateComponentProvider:doScan:166 - No MyBatis mapper was found in '[cn.koboro.offlineservice]' package. Please check your configuration.
2018-08-17 15:07:12,024  INFO [main] o.s.c.s.PostProcessorRegistrationDelegate$BeanPostProcessorChecker:postProcessAfterInitialization:327 - Bean 'shiroCasConfiguration' of type [cn.koboro.offlineservice.configuration.ShiroCasConfiguration$$EnhancerBySpringCGLIB$$e8ea20f9] is not eligible for getting processed by all BeanPostProcessors (for example: not eligible for auto-proxying)
2018-08-17 15:07:12,273  INFO [main] o.s.c.s.PostProcessorRegistrationDelegate$BeanPostProcessorChecker:postProcessAfterInitialization:327 - Bean 'securityManager' of type [org.apache.shiro.web.mgt.DefaultWebSecurityManager] is not eligible for getting processed by all BeanPostProcessors (for example: not eligible for auto-proxying)
2018-08-17 15:07:12,298  INFO [main] o.s.c.s.PostProcessorRegistrationDelegate$BeanPostProcessorChecker:postProcessAfterInitialization:327 - Bean 'casFilter' of type [org.apache.shiro.cas.CasFilter] is not eligible for getting processed by all BeanPostProcessors (for example: not eligible for auto-proxying)
2018-08-17 15:07:12,581  INFO [main] o.s.c.s.PostProcessorRegistrationDelegate$BeanPostProcessorChecker:postProcessAfterInitialization:327 - Bean 'org.springframework.transaction.annotation.ProxyTransactionManagementConfiguration' of type [org.springframework.transaction.annotation.ProxyTransactionManagementConfiguration$$EnhancerBySpringCGLIB$$9c9aea19] is not eligible for getting processed by all BeanPostProcessors (for example: not eligible for auto-proxying)
2018-08-17 15:07:14,648  INFO [main] o.s.b.c.e.t.TomcatEmbeddedServletContainer:initialize:89 - Tomcat initialized with port(s): 8083 (http)
2018-08-17 15:07:14,683  INFO [main] o.a.c.c.StandardService:log:179 - Starting service [Tomcat]
2018-08-17 15:07:14,684  INFO [main] o.a.c.c.StandardEngine:log:179 - Starting Servlet Engine: Apache Tomcat/8.5.23
2018-08-17 15:07:15,501  INFO [localhost-startStop-1] o.a.j.s.TldScanner:log:179 - At least one JAR was scanned for TLDs yet contained no TLDs. Enable debug logging for this logger for a complete list of JARs that were scanned but no TLDs were found in them. Skipping unneeded JARs during scanning can improve startup time and JSP compilation time.
2018-08-17 15:07:15,522  INFO [localhost-startStop-1] o.a.c.c.C.[.[.[/offlineService]:log:179 - Initializing Spring embedded WebApplicationContext
2018-08-17 15:07:15,523  INFO [localhost-startStop-1] o.s.w.c.ContextLoader:prepareEmbeddedWebApplicationContext:276 - Root WebApplicationContext: initialization completed in 7267 ms
2018-08-17 15:07:16,192  INFO [localhost-startStop-1] o.s.b.w.s.FilterRegistrationBean:configure:258 - Mapping filter: 'characterEncodingFilter' to: [/*]
2018-08-17 15:07:16,193  INFO [localhost-startStop-1] o.s.b.w.s.FilterRegistrationBean:configure:258 - Mapping filter: 'hiddenHttpMethodFilter' to: [/*]
2018-08-17 15:07:16,193  INFO [localhost-startStop-1] o.s.b.w.s.FilterRegistrationBean:configure:258 - Mapping filter: 'httpPutFormContentFilter' to: [/*]
2018-08-17 15:07:16,194  INFO [localhost-startStop-1] o.s.b.w.s.FilterRegistrationBean:configure:258 - Mapping filter: 'requestContextFilter' to: [/*]
2018-08-17 15:07:16,196  INFO [localhost-startStop-1] o.s.b.w.s.FilterRegistrationBean:configure:271 - Mapping filter: 'delegatingFilterProxy' to urls: [/*]
2018-08-17 15:07:16,199  INFO [localhost-startStop-1] o.s.b.w.s.FilterRegistrationBean:configure:258 - Mapping filter: 'casFilter' to: [/*]
2018-08-17 15:07:16,200  INFO [localhost-startStop-1] o.s.b.w.s.FilterRegistrationBean:configure:258 - Mapping filter: 'shiroFilter' to: [/*]
2018-08-17 15:07:16,200  INFO [localhost-startStop-1] o.s.b.w.s.ServletRegistrationBean:onStartup:190 - Mapping servlet: 'dispatcherServlet' to [/]
2018-08-17 15:07:22,177  INFO [main] o.s.w.s.m.m.a.RequestMappingHandlerAdapter:initControllerAdviceCache:534 - Looking for @ControllerAdvice: org.springframework.boot.context.embedded.AnnotationConfigEmbeddedWebApplicationContext@64a4dd8d: startup date [Fri Aug 17 15:07:08 CST 2018]; root of context hierarchy
2018-08-17 15:07:22,439  INFO [main] o.s.w.s.m.m.a.RequestMappingHandlerMapping:register:543 - Mapped "{[/demo/findAll]}" onto public java.lang.String DemoController.findAll(javax.servlet.http.HttpServletRequest,org.springframework.ui.ModelMap)
2018-08-17 15:07:22,474  INFO [main] o.s.w.s.m.m.a.RequestMappingHandlerMapping:register:543 - Mapped "{[/healthThemeTask/publish],methods=[POST]}" onto public cn.koboro.offlineservice.pojo.vo.ResultVO HealthThemeTaskController.publish(javax.servlet.http.HttpServletRequest,org.springframework.ui.ModelMap,java.lang.String,java.lang.String)
2018-08-17 15:07:22,475  INFO [main] o.s.w.s.m.m.a.RequestMappingHandlerMapping:register:543 - Mapped "{[/healthThemeTask/findAllTask],methods=[GET]}" onto public cn.koboro.offlineservice.pojo.vo.ResultVO HealthThemeTaskController.findAllTask(javax.servlet.http.HttpServletRequest,org.springframework.ui.ModelMap,java.util.Map<java.lang.String, java.lang.Object>)
2018-08-17 15:07:22,476  INFO [main] o.s.w.s.m.m.a.RequestMappingHandlerMapping:register:543 - Mapped "{[/healthThemeTask/selectAll],methods=[GET]}" onto public java.lang.String HealthThemeTaskController.selectAll(javax.servlet.http.HttpServletRequest,org.springframework.ui.ModelMap,java.util.Map<java.lang.String, java.lang.Object>)
2018-08-17 15:07:22,476  INFO [main] o.s.w.s.m.m.a.RequestMappingHandlerMapping:register:543 - Mapped "{[/healthThemeTask/selectReleaseTime],methods=[GET]}" onto public java.lang.String HealthThemeTaskController.selectReleaseTime(javax.servlet.http.HttpServletRequest,org.springframework.ui.ModelMap,java.lang.String)
2018-08-17 15:07:22,484  INFO [main] o.s.w.s.m.m.a.RequestMappingHandlerMapping:register:543 - Mapped "{[/healthTheme/add],methods=[GET]}" onto public java.lang.String HealthThemeTemplateController.add(javax.servlet.http.HttpServletRequest,org.springframework.ui.ModelMap)
2018-08-17 15:07:22,488  INFO [main] o.s.w.s.m.m.a.RequestMappingHandlerMapping:register:543 - Mapped "{[/healthTheme/save],methods=[POST]}" onto public cn.koboro.offlineservice.pojo.vo.ResultVO HealthThemeTemplateController.save(javax.servlet.http.HttpServletRequest,org.springframework.ui.ModelMap,cn.koboro.offlineservice.pojo.entity.HealthThemeTemplate)
2018-08-17 15:07:22,491  INFO [main] o.s.w.s.m.m.a.RequestMappingHandlerMapping:register:543 - Mapped "{[/healthTheme/selectAll],methods=[GET]}" onto public java.lang.String HealthThemeTemplateController.selectAll(javax.servlet.http.HttpServletRequest,org.springframework.ui.ModelMap)
2018-08-17 15:07:22,493  INFO [main] o.s.w.s.m.m.a.RequestMappingHandlerMapping:register:543 - Mapped "{[/healthTheme/updateById],methods=[GET]}" onto public java.lang.String HealthThemeTemplateController.updateById(javax.servlet.http.HttpServletRequest,org.springframework.ui.ModelMap,cn.koboro.offlineservice.pojo.entity.HealthThemeTemplate)
2018-08-17 15:07:22,496  INFO [main] o.s.w.s.m.m.a.RequestMappingHandlerMapping:register:543 - Mapped "{[/healthTheme/saveUpdate],methods=[POST]}" onto public cn.koboro.offlineservice.pojo.vo.ResultVO HealthThemeTemplateController.saveUpdate(javax.servlet.http.HttpServletRequest,org.springframework.ui.ModelMap,cn.koboro.offlineservice.pojo.entity.HealthThemeTemplate)
2018-08-17 15:07:22,498  INFO [main] o.s.w.s.m.m.a.RequestMappingHandlerMapping:register:543 - Mapped "{[/healthTheme/deleteById],methods=[POST]}" onto public cn.koboro.offlineservice.pojo.vo.ResultVO HealthThemeTemplateController.deleteById(javax.servlet.http.HttpServletRequest,org.springframework.ui.ModelMap,java.lang.String)
2018-08-17 15:07:22,499  INFO [main] o.s.w.s.m.m.a.RequestMappingHandlerMapping:register:543 - Mapped "{[/healthTheme/findTemplate],methods=[GET]}" onto public cn.koboro.offlineservice.pojo.vo.ResultVO HealthThemeTemplateController.findTemplate(javax.servlet.http.HttpServletRequest,java.lang.String)
2018-08-17 15:07:22,500  INFO [main] o.s.w.s.m.m.a.RequestMappingHandlerMapping:register:543 - Mapped "{[/menu/add],methods=[GET || POST]}" onto public java.lang.String MenuPageController.add()
2018-08-17 15:07:22,501  INFO [main] o.s.w.s.m.m.a.RequestMappingHandlerMapping:register:543 - Mapped "{[/menu/list],methods=[GET || POST]}" onto public java.lang.String MenuPageController.list(org.springframework.ui.ModelMap)
2018-08-17 15:07:22,502  INFO [main] o.s.w.s.m.m.a.RequestMappingHandlerMapping:register:543 - Mapped "{[/menu/iframe],methods=[GET || POST]}" onto public java.lang.String MenuPageController.testIframe()
2018-08-17 15:07:22,509  INFO [main] o.s.w.s.m.m.a.RequestMappingHandlerMapping:register:543 - Mapped "{[/pendingcustomers/saveCustomize],methods=[GET]}" onto public java.lang.String PendingCustomersController.saveCustomize(java.util.Map<java.lang.String, java.lang.String>)
2018-08-17 15:07:22,515  INFO [main] o.s.w.s.m.m.a.RequestMappingHandlerMapping:register:543 - Mapped "{[/pendingcustomers/selectCustomize],methods=[GET]}" onto public java.lang.String PendingCustomersController.selectCustomize(org.springframework.ui.ModelMap,java.util.Map<java.lang.String, java.lang.String>)
2018-08-17 15:07:22,516  INFO [main] o.s.w.s.m.m.a.RequestMappingHandlerMapping:register:543 - Mapped "{[/pendingcustomers/page],methods=[GET]}" onto public java.lang.String PendingCustomersController.pendingCustomers(org.springframework.ui.ModelMap,java.util.Map<java.lang.String, java.lang.String>)
2018-08-17 15:07:22,516  INFO [main] o.s.w.s.m.m.a.RequestMappingHandlerMapping:register:543 - Mapped "{[/pendingcustomers/customizePage],methods=[GET]}" onto public java.lang.String PendingCustomersController.customizePage(org.springframework.ui.ModelMap,java.util.Map<java.lang.String, java.lang.String>)
2018-08-17 15:07:22,517  INFO [main] o.s.w.s.m.m.a.RequestMappingHandlerMapping:register:543 - Mapped "{[/pendingcustomers/customizeList],methods=[GET]}" onto public cn.koboro.offlineservice.pojo.vo.ResultVO PendingCustomersController.customizeList(org.springframework.ui.ModelMap,java.util.Map<java.lang.String, java.lang.String>)
2018-08-17 15:07:22,517  INFO [main] o.s.w.s.m.m.a.RequestMappingHandlerMapping:register:543 - Mapped "{[/pendingcustomers/list],methods=[GET]}" onto public cn.koboro.offlineservice.pojo.vo.ResultVO PendingCustomersController.pendingCustomerslist(org.springframework.ui.ModelMap,java.util.Map<java.lang.String, java.lang.String>)
2018-08-17 15:07:22,523  INFO [main] o.s.w.s.m.m.a.RequestMappingHandlerMapping:register:543 - Mapped "{[/selectCrowd/selectCrowdCount],methods=[GET]}" onto public cn.koboro.offlineservice.pojo.vo.ResultVO SelectCrowdController.selectCrowdCount(java.lang.String,java.lang.String,java.lang.String,java.lang.String)
2018-08-17 15:07:22,524  INFO [main] o.s.w.s.m.m.a.RequestMappingHandlerMapping:register:543 - Mapped "{[/selectCrowd/page],methods=[GET]}" onto public java.lang.String SelectCrowdController.selectCrowdList(org.springframework.ui.ModelMap,java.lang.String)
2018-08-17 15:07:22,524  INFO [main] o.s.w.s.m.m.a.RequestMappingHandlerMapping:register:543 - Mapped "{[/selectCrowd/page2],methods=[GET]}" onto public java.lang.String SelectCrowdController.selectThemeList(org.springframework.ui.ModelMap,java.lang.String)
2018-08-17 15:07:22,524  INFO [main] o.s.w.s.m.m.a.RequestMappingHandlerMapping:register:543 - Mapped "{[/selectCrowd/themeList]}" onto public java.lang.String SelectCrowdController.themeList(org.springframework.ui.ModelMap)
2018-08-17 15:07:22,525  INFO [main] o.s.w.s.m.m.a.RequestMappingHandlerMapping:register:543 - Mapped "{[/selectCrowd/list],methods=[GET]}" onto public cn.koboro.offlineservice.pojo.vo.ResultVO SelectCrowdController.selectCrowdListAll(java.util.Map<java.lang.String, java.lang.String>)
2018-08-17 15:07:22,526  INFO [main] o.s.w.s.m.m.a.RequestMappingHandlerMapping:register:543 - Mapped "{[/sendAMessage/page],methods=[GET]}" onto public java.lang.String SendAMessageController.sendAMessage(org.springframework.ui.ModelMap,java.lang.String)
2018-08-17 15:07:22,527  INFO [main] o.s.w.s.m.m.a.RequestMappingHandlerMapping:register:543 - Mapped "{[/sendAMessage/sendAMessageList],methods=[GET]}" onto public java.lang.String SendAMessageController.sendAMessageList(java.util.Map<java.lang.String, java.lang.String>,org.springframework.ui.ModelMap) throws java.text.ParseException
2018-08-17 15:07:22,533  INFO [main] o.s.w.s.m.m.a.RequestMappingHandlerMapping:register:543 - Mapped "{[/sendAMessage/pageRecording],methods=[GET]}" onto public java.lang.String SendAMessageController.pendingCustomers2(org.springframework.ui.ModelMap,java.lang.String)
2018-08-17 15:07:22,536  INFO [main] o.s.w.s.m.m.a.RequestMappingHandlerMapping:register:543 - Mapped "{[/serviceAnalyze/list],methods=[GET]}" onto public java.lang.String ServiceAnalyzeController.list()
2018-08-17 15:07:22,537  INFO [main] o.s.w.s.m.m.a.RequestMappingHandlerMapping:register:543 - Mapped "{[/serviceAnalyze/selectAllData],methods=[GET]}" onto public cn.koboro.offlineservice.pojo.vo.ResultVO ServiceAnalyzeController.selectAllData(javax.servlet.http.HttpServletRequest,java.util.Map<java.lang.String, java.lang.Object>)
2018-08-17 15:07:22,538  INFO [main] o.s.w.s.m.m.a.RequestMappingHandlerMapping:register:543 - Mapped "{[/serviceAnalyze/findServiceDetail],methods=[GET]}" onto public cn.koboro.offlineservice.pojo.vo.ResultVO ServiceAnalyzeController.findServiceDetail(javax.servlet.http.HttpServletRequest,java.util.Map<java.lang.String, java.lang.Object>)
2018-08-17 15:07:22,543  INFO [main] o.s.w.s.m.m.a.RequestMappingHandlerMapping:register:543 - Mapped "{[/serviceAnalyze/serviceStatistics],methods=[GET]}" onto public java.lang.String ServiceAnalyzeController.serviceStatistics(javax.servlet.http.HttpServletRequest,java.util.Map<java.lang.String, java.lang.Object>,org.springframework.ui.ModelMap)
2018-08-17 15:07:22,552  INFO [main] o.s.w.s.m.m.a.RequestMappingHandlerMapping:register:543 - Mapped "{[/ServiceTask/index],methods=[GET]}" onto public java.lang.String ServiceTaskController.list(org.springframework.ui.ModelMap)
2018-08-17 15:07:22,552  INFO [main] o.s.w.s.m.m.a.RequestMappingHandlerMapping:register:543 - Mapped "{[/upload],methods=[POST]}" onto public java.util.Map ServiceTaskController.upload(org.springframework.web.multipart.MultipartFile)
2018-08-17 15:07:22,553  INFO [main] o.s.w.s.m.m.a.RequestMappingHandlerMapping:register:543 - Mapped "{[/updatePageServiceTask],methods=[GET]}" onto public java.lang.String ServiceTaskController.updatePage(java.lang.String,org.springframework.ui.ModelMap)
2018-08-17 15:07:22,555  INFO [main] o.s.w.s.m.m.a.RequestMappingHandlerMapping:register:543 - Mapped "{[/doctorSelectAll],methods=[GET]}" onto public java.util.Map ServiceTaskController.doctorSelectAll()
2018-08-17 15:07:22,556  INFO [main] o.s.w.s.m.m.a.RequestMappingHandlerMapping:register:543 - Mapped "{[/servicesGroupSelectAll],methods=[GET]}" onto public java.util.Map ServiceTaskController.servicesGroupSelectAll()
2018-08-17 15:07:22,559  INFO [main] o.s.w.s.m.m.a.RequestMappingHandlerMapping:register:543 - Mapped "{[/selectHealthThemeTemplate],methods=[GET]}" onto public java.util.Map ServiceTaskController.healthThemeTemplateSelectAll()
2018-08-17 15:07:22,564  INFO [main] o.s.w.s.m.m.a.RequestMappingHandlerMapping:register:543 - Mapped "{[/addServiceTaskController],methods=[GET]}" onto public java.lang.String ServiceTaskController.addServiceTaskController(java.lang.String[],java.lang.Integer[],java.lang.String[],java.lang.String[],java.lang.String[],java.lang.String[],java.lang.Integer[],java.lang.Integer[],java.lang.String[],java.lang.String[],java.lang.String[],java.lang.String[],java.lang.String[],java.lang.String[],java.util.Map<java.lang.String, java.lang.String>) throws java.text.ParseException
2018-08-17 15:07:22,564  INFO [main] o.s.w.s.m.m.a.RequestMappingHandlerMapping:register:543 - Mapped "{[/servicesAvailableSelectAll],methods=[GET]}" onto public java.util.Map ServiceTaskController.servicesAvailableSelectAll()
2018-08-17 15:07:22,564  INFO [main] o.s.w.s.m.m.a.RequestMappingHandlerMapping:register:543 - Mapped "{[/deleteServiceTaskById],methods=[POST]}" onto public java.lang.String ServiceTaskController.deleteServiceTaskById(java.lang.String)
2018-08-17 15:07:22,565  INFO [main] o.s.w.s.m.m.a.RequestMappingHandlerMapping:register:543 - Mapped "{[/updServiceTaskController],methods=[GET]}" onto public java.lang.String ServiceTaskController.updServiceTaskController(java.lang.String[],java.lang.Integer[],java.lang.String[],java.lang.String[],java.lang.String[],java.lang.String[],java.lang.Integer[],java.lang.Integer[],java.lang.Integer[],java.lang.String[],java.lang.String[],java.lang.String[],java.lang.String[],java.lang.String[],java.lang.String[],java.util.Map<java.lang.String, java.lang.String>) throws java.text.ParseException
2018-08-17 15:07:22,568  INFO [main] o.s.w.s.m.m.a.RequestMappingHandlerMapping:register:543 - Mapped "{[/todayServiceCustomers/detail],methods=[GET]}" onto public java.lang.String TodayServiceCustomersController.detail(javax.servlet.http.HttpServletRequest,org.springframework.ui.ModelMap,cn.koboro.offlineservice.pojo.entity.TodayServiceCustomers)
2018-08-17 15:07:22,569  INFO [main] o.s.w.s.m.m.a.RequestMappingHandlerMapping:register:543 - Mapped "{[/todayServiceCustomers/selectAll],methods=[GET]}" onto public java.lang.String TodayServiceCustomersController.selectAll(javax.servlet.http.HttpServletRequest,org.springframework.ui.ModelMap,java.util.Map<java.lang.String, java.lang.Object>)
2018-08-17 15:07:22,570  INFO [main] o.s.w.s.m.m.a.RequestMappingHandlerMapping:register:543 - Mapped "{[/todayServiceCustomers/findOtherItem],methods=[GET]}" onto public java.util.List<java.util.Map<java.lang.String, java.lang.Object>> TodayServiceCustomersController.findOtherItem(javax.servlet.http.HttpServletRequest,org.springframework.ui.ModelMap,java.util.Map<java.lang.String, java.lang.Object>)
2018-08-17 15:07:22,571  INFO [main] o.s.w.s.m.m.a.RequestMappingHandlerMapping:register:543 - Mapped "{[/todayServiceCustomers/printItems],methods=[GET]}" onto public java.lang.String TodayServiceCustomersController.printItems(javax.servlet.http.HttpServletRequest,org.springframework.ui.ModelMap,java.util.Map<java.lang.String, java.lang.Object>)
2018-08-17 15:07:22,572  INFO [main] o.s.w.s.m.m.a.RequestMappingHandlerMapping:register:543 - Mapped "{[/todayServiceCustomers/saveServiceItem],methods=[POST]}" onto public boolean TodayServiceCustomersController.saveServiceItem(javax.servlet.http.HttpServletRequest,org.springframework.ui.ModelMap,java.util.Map<java.lang.String, java.lang.Object>)
2018-08-17 15:07:22,574  INFO [main] o.s.w.s.m.m.a.RequestMappingHandlerMapping:register:543 - Mapped "{[/todayServiceCustomers/abortMission],methods=[POST]}" onto public boolean TodayServiceCustomersController.abortMission(javax.servlet.http.HttpServletRequest,org.springframework.ui.ModelMap,java.util.Map<java.lang.String, java.lang.Object>)
2018-08-17 15:07:22,574  INFO [main] o.s.w.s.m.m.a.RequestMappingHandlerMapping:register:543 - Mapped "{[/todayServiceCustomers/findDoctors],methods=[GET]}" onto public java.util.List<java.util.Map<java.lang.String, java.lang.Object>> TodayServiceCustomersController.findDoctors()
2018-08-17 15:07:22,575  INFO [main] o.s.w.s.m.m.a.RequestMappingHandlerMapping:register:543 - Mapped "{[/todayServiceCustomers/selectItem],methods=[GET]}" onto public java.lang.String TodayServiceCustomersController.selectItem(javax.servlet.http.HttpServletRequest,org.springframework.ui.ModelMap,java.util.Map<java.lang.String, java.lang.Object>)
2018-08-17 15:07:22,582  INFO [main] o.s.w.s.m.m.a.RequestMappingHandlerMapping:register:543 - Mapped "{[/todayServiceCustomers/selectDetailsList],methods=[GET]}" onto public java.lang.String TodayServiceCustomersController.selectDetailsList(org.springframework.ui.ModelMap,java.util.Map<java.lang.String, java.lang.Object>)
2018-08-17 15:07:22,585  INFO [main] o.s.w.s.m.m.a.RequestMappingHandlerMapping:register:543 - Mapped "{[/todayServiceCustomers/selectCompletedList],methods=[GET]}" onto public java.lang.String TodayServiceCustomersController.selectCompletedList(javax.servlet.http.HttpServletRequest,org.springframework.ui.ModelMap,java.util.Map<java.lang.String, java.lang.Object>)
2018-08-17 15:07:22,585  INFO [main] o.s.w.s.m.m.a.RequestMappingHandlerMapping:register:543 - Mapped "{[/todayServiceCustomers/selectCompletedListAll],methods=[GET]}" onto public cn.koboro.offlineservice.pojo.vo.ResultVO TodayServiceCustomersController.selectCompletedListAll(java.util.Map<java.lang.String, java.lang.Object>)
2018-08-17 15:07:22,586  INFO [main] o.s.w.s.m.m.a.RequestMappingHandlerMapping:register:543 - Mapped "{[/todayServiceCustomers/findServiceRecord],methods=[GET]}" onto public java.lang.String TodayServiceCustomersController.findServiceRecord(javax.servlet.http.HttpServletRequest,org.springframework.ui.ModelMap,java.util.Map<java.lang.String, java.lang.Object>)
2018-08-17 15:07:22,587  INFO [main] o.s.w.s.m.m.a.RequestMappingHandlerMapping:register:543 - Mapped "{[/todayServiceCustomers/findServiceRecordData],methods=[GET]}" onto public java.util.List<java.util.Map<java.lang.String, java.lang.Object>> TodayServiceCustomersController.findServiceRecordData(javax.servlet.http.HttpServletRequest,org.springframework.ui.ModelMap,java.util.Map<java.lang.String, java.lang.Object>)
2018-08-17 15:07:22,589  INFO [main] o.s.w.s.m.m.a.RequestMappingHandlerMapping:register:543 - Mapped "{[/todayServiceCustomers/findServiceCustomer],methods=[GET]}" onto public cn.koboro.offlineservice.pojo.vo.ResultVO TodayServiceCustomersController.findServiceCustomer(javax.servlet.http.HttpServletRequest,org.springframework.ui.ModelMap,java.util.Map<java.lang.String, java.lang.Object>)
2018-08-17 15:07:22,594  INFO [main] o.s.w.s.m.m.a.RequestMappingHandlerMapping:register:543 - Mapped "{[/error]}" onto public org.springframework.http.ResponseEntity<java.util.Map<java.lang.String, java.lang.Object>> org.springframework.boot.autoconfigure.web.BasicErrorController.error(javax.servlet.http.HttpServletRequest)
2018-08-17 15:07:22,599  INFO [main] o.s.w.s.m.m.a.RequestMappingHandlerMapping:register:543 - Mapped "{[/error],produces=[text/html]}" onto public org.springframework.web.servlet.ModelAndView org.springframework.boot.autoconfigure.web.BasicErrorController.errorHtml(javax.servlet.http.HttpServletRequest,javax.servlet.http.HttpServletResponse)
2018-08-17 15:07:22,674  INFO [main] o.s.w.s.h.SimpleUrlHandlerMapping:registerHandler:349 - Root mapping to handler of type [class org.springframework.web.servlet.mvc.ParameterizableViewController]
2018-08-17 15:07:22,723  INFO [main] o.s.w.s.h.SimpleUrlHandlerMapping:registerHandler:362 - Mapped URL path [/webjars/**] onto handler of type [class org.springframework.web.servlet.resource.ResourceHttpRequestHandler]
2018-08-17 15:07:22,725  INFO [main] o.s.w.s.h.SimpleUrlHandlerMapping:registerHandler:362 - Mapped URL path [/**] onto handler of type [class org.springframework.web.servlet.resource.ResourceHttpRequestHandler]
2018-08-17 15:07:22,788  INFO [main] o.s.w.s.m.m.a.ExceptionHandlerExceptionResolver:initExceptionHandlerAdviceCache:273 - Detected @ExceptionHandler methods in jsonExceptionHandle
2018-08-17 15:07:22,789  INFO [main] o.s.w.s.m.m.a.ExceptionHandlerExceptionResolver:initExceptionHandlerAdviceCache:273 - Detected @ExceptionHandler methods in pageExceptionHandle
2018-08-17 15:07:22,865  INFO [main] o.s.w.s.h.SimpleUrlHandlerMapping:registerHandler:362 - Mapped URL path [/**/favicon.ico] onto handler of type [class org.springframework.web.servlet.resource.ResourceHttpRequestHandler]
2018-08-17 15:07:23,013  INFO [main] t.m.m.a.MapperCacheDisabler:removeStaticCache:60 - Clear tk.mybatis.mapper.util.MsUtil CLASS_CACHE cache.
2018-08-17 15:07:23,015  INFO [main] t.m.m.a.MapperCacheDisabler:removeStaticCache:60 - Clear tk.mybatis.mapper.genid.GenIdUtil CACHE cache.
2018-08-17 15:07:23,016  INFO [main] t.m.m.a.MapperCacheDisabler:removeStaticCache:60 - Clear tk.mybatis.mapper.version.VersionUtil CACHE cache.
2018-08-17 15:07:23,016  INFO [main] t.m.m.a.MapperCacheDisabler:removeEntityHelperCache:83 - Clear EntityHelper entityTableMap cache.
2018-08-17 15:07:24,117  INFO [main] o.s.b.d.a.OptionalLiveReloadServer:startServer:58 - LiveReload server is running on port 35729
2018-08-17 15:07:24,549  INFO [main] o.s.j.e.a.AnnotationMBeanExporter:afterSingletonsInstantiated:431 - Registering beans for JMX exposure on startup
2018-08-17 15:07:24,608  INFO [main] o.a.c.h.Http11NioProtocol:log:179 - Initializing ProtocolHandler ["http-nio-8083"]
2018-08-17 15:07:24,649  INFO [main] o.a.c.h.Http11NioProtocol:log:179 - Starting ProtocolHandler ["http-nio-8083"]
2018-08-17 15:07:24,676  INFO [main] o.a.t.u.n.NioSelectorPool:log:179 - Using a shared selector for servlet write/read
2018-08-17 15:07:24,934  INFO [main] o.s.b.c.e.t.TomcatEmbeddedServletContainer:start:201 - Tomcat started on port(s): 8083 (http)
2018-08-17 15:07:24,953  INFO [main] c.k.o.StartApplication:logStarted:57 - Started StartApplication in 18.185 seconds (JVM running for 22.026)
